#
# There is insufficient memory for the Java Runtime Environment to continue.
# Native memory allocation (malloc) failed to allocate 463424 bytes for Chunk::new
# Possible reasons:
#   The system is out of physical RAM or swap space
#   The process is running with CompressedOops enabled, and the Java Heap may be blocking the growth of the native heap
# Possible solutions:
#   Reduce memory load on the system
#   Increase physical memory or swap space
#   Check if swap backing store is full
#   Decrease Java heap size (-Xmx/-Xms)
#   Decrease number of Java threads
#   Decrease Java thread stack sizes (-Xss)
#   Set larger code cache with -XX:ReservedCodeCacheSize=
#   JVM is running with Zero Based Compressed Oops mode in which the Java heap is
#     placed in the first 32GB address space. The Java Heap base address is the
#     maximum limit for the native heap growth. Please use -XX:HeapBaseMinAddress
#     to set the Java Heap base and to place the Java Heap above 32GB virtual address.
# This output file may be truncated or incomplete.
#
#  Out of Memory Error (arena.cpp:168), pid=25756, tid=13280
#
# JRE version: Java(TM) SE Runtime Environment (21.0.1+12) (build 21.0.1+12-LTS-29)
# Java VM: Java HotSpot(TM) 64-Bit Server VM (21.0.1+12-LTS-29, mixed mode, sharing, tiered, compressed oops, compressed class ptrs, g1 gc, windows-amd64)
# No core dump will be written. Minidumps are not enabled by default on client versions of Windows
#

---------------  S U M M A R Y ------------

Command Line: -agentlib:jdwp=transport=dt_socket,address=127.0.0.1:56016,suspend=y,server=n -ea -Didea.test.cyclic.buffer.size=1048576 -Dhxl.spring.invoke.port=33339 -javaagent:C:\Users\NGNAWEN\AppData\Local\JetBrains\IdeaIC2024.1\captureAgent\debugger-agent.jar -Dfile.encoding=UTF-8 -Dsun.stdout.encoding=UTF-8 -Dsun.stderr.encoding=UTF-8 com.intellij.rt.junit.JUnitStarter -ideVersion5 -junit5 cm.belrose.config.processor.InvoiceResourceItemProcessorTest

Host: Intel(R) Core(TM) i7-9750H CPU @ 2.60GHz, 12 cores, 31G,  Windows 11 , 64 bit Build 22621 (10.0.22621.3672)
Time: Wed Jul 31 12:29:28 2024 Eastern Daylight Time elapsed time: 1.402110 seconds (0d 0h 0m 1s)

---------------  T H R E A D  ---------------

Current thread (0x00000217c8a3b570):  JavaThread "C2 CompilerThread0" daemon [_thread_in_native, id=13280, stack(0x000000f4ece00000,0x000000f4ecf00000) (1024K)]


Current CompileTask:
C2:   1402  905       4       java.io.WinNTFileSystem::normalize (143 bytes)

Stack: [0x000000f4ece00000,0x000000f4ecf00000]
Native frames: (J=compiled Java code, j=interpreted, Vv=VM code, C=native code)
V  [jvm.dll+0x6c9029]
V  [jvm.dll+0x854b81]
V  [jvm.dll+0x856e5e]
V  [jvm.dll+0x857543]
V  [jvm.dll+0x280c06]
V  [jvm.dll+0xc3ead]
V  [jvm.dll+0xc43c3]
V  [jvm.dll+0x3b576c]
V  [jvm.dll+0x382475]
V  [jvm.dll+0x3818ea]
V  [jvm.dll+0x249ad0]
V  [jvm.dll+0x2490b1]
V  [jvm.dll+0x1c9ca1]
V  [jvm.dll+0x2586b9]
V  [jvm.dll+0x256c9a]
V  [jvm.dll+0x3ef1b6]
V  [jvm.dll+0x7fd728]
V  [jvm.dll+0x6c777d]
C  [ucrtbase.dll+0x29333]
C  [KERNEL32.DLL+0x1257d]
C  [ntdll.dll+0x5af28]


---------------  P R O C E S S  ---------------

Threads class SMR info:
_java_thread_list=0x000002181100ce80, length=15, elements={
0x00000217a4cc06d0, 0x00000217c8a2f4c0, 0x00000217c8a303e0, 0x00000217c8a35070,
0x00000217c8a35d30, 0x00000217c8a37430, 0x00000217c8a39ea0, 0x00000217c8a3b570,
0x00000217c8a4eef0, 0x00000217cb6ad610, 0x00000217cb785de0, 0x00000217cb789000,
0x00000217cb789890, 0x00000217cb7d7710, 0x00000217cb800f70
}

Java Threads: ( => current thread )
  0x00000217a4cc06d0 JavaThread "main"                              [_thread_in_vm, id=22904, stack(0x000000f4ec000000,0x000000f4ec100000) (1024K)]
  0x00000217c8a2f4c0 JavaThread "Reference Handler"          daemon [_thread_blocked, id=18872, stack(0x000000f4ec800000,0x000000f4ec900000) (1024K)]
  0x00000217c8a303e0 JavaThread "Finalizer"                  daemon [_thread_blocked, id=26516, stack(0x000000f4ec900000,0x000000f4eca00000) (1024K)]
  0x00000217c8a35070 JavaThread "Signal Dispatcher"          daemon [_thread_blocked, id=34860, stack(0x000000f4eca00000,0x000000f4ecb00000) (1024K)]
  0x00000217c8a35d30 JavaThread "Attach Listener"            daemon [_thread_blocked, id=30320, stack(0x000000f4ecb00000,0x000000f4ecc00000) (1024K)]
  0x00000217c8a37430 JavaThread "Service Thread"             daemon [_thread_blocked, id=17980, stack(0x000000f4ecc00000,0x000000f4ecd00000) (1024K)]
  0x00000217c8a39ea0 JavaThread "Monitor Deflation Thread"   daemon [_thread_blocked, id=34656, stack(0x000000f4ecd00000,0x000000f4ece00000) (1024K)]
=>0x00000217c8a3b570 JavaThread "C2 CompilerThread0"         daemon [_thread_in_native, id=13280, stack(0x000000f4ece00000,0x000000f4ecf00000) (1024K)]
  0x00000217c8a4eef0 JavaThread "C1 CompilerThread0"         daemon [_thread_in_native, id=40172, stack(0x000000f4ecf00000,0x000000f4ed000000) (1024K)]
  0x00000217cb6ad610 JavaThread "Common-Cleaner"             daemon [_thread_blocked, id=34920, stack(0x000000f4ed000000,0x000000f4ed100000) (1024K)]
  0x00000217cb785de0 JavaThread "JDWP Transport Listener: dt_socket" daemon [_thread_blocked, id=12916, stack(0x000000f4ed100000,0x000000f4ed200000) (1024K)]
  0x00000217cb789000 JavaThread "JDWP Event Helper Thread"   daemon [_thread_in_native, id=8844, stack(0x000000f4ed200000,0x000000f4ed300000) (1024K)]
  0x00000217cb789890 JavaThread "JDWP Command Reader"        daemon [_thread_in_native, id=38424, stack(0x000000f4ed300000,0x000000f4ed400000) (1024K)]
  0x00000217cb7d7710 JavaThread "Notification Thread"        daemon [_thread_blocked, id=35376, stack(0x000000f4ed400000,0x000000f4ed500000) (1024K)]
  0x00000217cb800f70 JavaThread "C2 CompilerThread1"         daemon [_thread_in_native, id=39024, stack(0x000000f4ed500000,0x000000f4ed600000) (1024K)]
Total: 15

Other Threads:
  0x00000217c8a11d70 VMThread "VM Thread"                           [id=38980, stack(0x000000f4ec700000,0x000000f4ec800000) (1024K)]
  0x00000217cb5c1990 WatcherThread "VM Periodic Task Thread"        [id=33888, stack(0x000000f4ec600000,0x000000f4ec700000) (1024K)]
  0x00000217c88b0a00 WorkerThread "GC Thread#0"                     [id=6188, stack(0x000000f4ec100000,0x000000f4ec200000) (1024K)]
  0x00000217a705cc40 ConcurrentGCThread "G1 Main Marker"            [id=39744, stack(0x000000f4ec200000,0x000000f4ec300000) (1024K)]
  0x00000217a705e6f0 WorkerThread "G1 Conc#0"                       [id=11524, stack(0x000000f4ec300000,0x000000f4ec400000) (1024K)]
  0x00000217a708e460 ConcurrentGCThread "G1 Refine#0"               [id=40372, stack(0x000000f4ec400000,0x000000f4ec500000) (1024K)]
  0x00000217c893c020 ConcurrentGCThread "G1 Service"                [id=8676, stack(0x000000f4ec500000,0x000000f4ec600000) (1024K)]
Total: 7

Threads with active compile tasks:
C2 CompilerThread0     1460  905       4       java.io.WinNTFileSystem::normalize (143 bytes)
C1 CompilerThread0     1460  954       3       java.net.URLStreamHandler::parseURL (1124 bytes)
C2 CompilerThread1     1460  950       4       jdk.internal.org.objectweb.asm.SymbolTable::addConstantUtf8 (98 bytes)
Total: 3

VM state: not at safepoint (normal execution)

VM Mutex/Monitor currently owned by a thread: None

Heap address: 0x0000000603800000, size: 8136 MB, Compressed Oops mode: Zero based, Oop shift amount: 3

CDS archive(s) mapped at: [0x00000217cc000000-0x00000217ccc90000-0x00000217ccc90000), size 13172736, SharedBaseAddress: 0x00000217cc000000, ArchiveRelocationMode: 1.
Compressed class space mapped at: 0x00000217cd000000-0x000002180d000000, reserved size: 1073741824
Narrow klass base: 0x00000217cc000000, Narrow klass shift: 0, Narrow klass range: 0x100000000

GC Precious Log:
 CardTable entry size: 512
 Card Set container configuration: InlinePtr #cards 4 size 8 Array Of Cards #cards 32 size 80 Howl #buckets 8 coarsen threshold 7372 Howl Bitmap #cards 1024 size 144 coarsen threshold 921 Card regions per heap region 1 cards per card region 8192
 CPUs: 12 total, 12 available
 Memory: 32535M
 Large Page Support: Disabled
 NUMA Support: Disabled
 Compressed Oops: Enabled (Zero based)
 Heap Region Size: 4M
 Heap Min Capacity: 8M
 Heap Initial Capacity: 512M
 Heap Max Capacity: 8136M
 Pre-touch: Disabled
 Parallel Workers: 10
 Concurrent Workers: 3
 Concurrent Refinement Workers: 10
 Periodic GC: Disabled

Heap:
 garbage-first heap   total 524288K, used 20480K [0x0000000603800000, 0x0000000800000000)
  region size 4096K, 6 young (24576K), 0 survivors (0K)
 Metaspace       used 3823K, committed 3968K, reserved 1114112K
  class space    used 461K, committed 512K, reserved 1048576K

Heap Regions: E=young(eden), S=young(survivor), O=old, HS=humongous(starts), HC=humongous(continues), CS=collection set, F=free, TAMS=top-at-mark-start, PB=parsable bottom
|   0|0x0000000603800000, 0x0000000603800000, 0x0000000603c00000|  0%| F|  |TAMS 0x0000000603800000| PB 0x0000000603800000| Untracked 
|   1|0x0000000603c00000, 0x0000000603c00000, 0x0000000604000000|  0%| F|  |TAMS 0x0000000603c00000| PB 0x0000000603c00000| Untracked 
|   2|0x0000000604000000, 0x0000000604000000, 0x0000000604400000|  0%| F|  |TAMS 0x0000000604000000| PB 0x0000000604000000| Untracked 
|   3|0x0000000604400000, 0x0000000604400000, 0x0000000604800000|  0%| F|  |TAMS 0x0000000604400000| PB 0x0000000604400000| Untracked 
|   4|0x0000000604800000, 0x0000000604800000, 0x0000000604c00000|  0%| F|  |TAMS 0x0000000604800000| PB 0x0000000604800000| Untracked 
|   5|0x0000000604c00000, 0x0000000604c00000, 0x0000000605000000|  0%| F|  |TAMS 0x0000000604c00000| PB 0x0000000604c00000| Untracked 
|   6|0x0000000605000000, 0x0000000605000000, 0x0000000605400000|  0%| F|  |TAMS 0x0000000605000000| PB 0x0000000605000000| Untracked 
|   7|0x0000000605400000, 0x0000000605400000, 0x0000000605800000|  0%| F|  |TAMS 0x0000000605400000| PB 0x0000000605400000| Untracked 
|   8|0x0000000605800000, 0x0000000605800000, 0x0000000605c00000|  0%| F|  |TAMS 0x0000000605800000| PB 0x0000000605800000| Untracked 
|   9|0x0000000605c00000, 0x0000000605c00000, 0x0000000606000000|  0%| F|  |TAMS 0x0000000605c00000| PB 0x0000000605c00000| Untracked 
|  10|0x0000000606000000, 0x0000000606000000, 0x0000000606400000|  0%| F|  |TAMS 0x0000000606000000| PB 0x0000000606000000| Untracked 
|  11|0x0000000606400000, 0x0000000606400000, 0x0000000606800000|  0%| F|  |TAMS 0x0000000606400000| PB 0x0000000606400000| Untracked 
|  12|0x0000000606800000, 0x0000000606800000, 0x0000000606c00000|  0%| F|  |TAMS 0x0000000606800000| PB 0x0000000606800000| Untracked 
|  13|0x0000000606c00000, 0x0000000606c00000, 0x0000000607000000|  0%| F|  |TAMS 0x0000000606c00000| PB 0x0000000606c00000| Untracked 
|  14|0x0000000607000000, 0x0000000607000000, 0x0000000607400000|  0%| F|  |TAMS 0x0000000607000000| PB 0x0000000607000000| Untracked 
|  15|0x0000000607400000, 0x0000000607400000, 0x0000000607800000|  0%| F|  |TAMS 0x0000000607400000| PB 0x0000000607400000| Untracked 
|  16|0x0000000607800000, 0x0000000607800000, 0x0000000607c00000|  0%| F|  |TAMS 0x0000000607800000| PB 0x0000000607800000| Untracked 
|  17|0x0000000607c00000, 0x0000000607c00000, 0x0000000608000000|  0%| F|  |TAMS 0x0000000607c00000| PB 0x0000000607c00000| Untracked 
|  18|0x0000000608000000, 0x0000000608000000, 0x0000000608400000|  0%| F|  |TAMS 0x0000000608000000| PB 0x0000000608000000| Untracked 
|  19|0x0000000608400000, 0x0000000608400000, 0x0000000608800000|  0%| F|  |TAMS 0x0000000608400000| PB 0x0000000608400000| Untracked 
|  20|0x0000000608800000, 0x0000000608800000, 0x0000000608c00000|  0%| F|  |TAMS 0x0000000608800000| PB 0x0000000608800000| Untracked 
|  21|0x0000000608c00000, 0x0000000608c00000, 0x0000000609000000|  0%| F|  |TAMS 0x0000000608c00000| PB 0x0000000608c00000| Untracked 
|  22|0x0000000609000000, 0x0000000609000000, 0x0000000609400000|  0%| F|  |TAMS 0x0000000609000000| PB 0x0000000609000000| Untracked 
|  23|0x0000000609400000, 0x0000000609400000, 0x0000000609800000|  0%| F|  |TAMS 0x0000000609400000| PB 0x0000000609400000| Untracked 
|  24|0x0000000609800000, 0x0000000609800000, 0x0000000609c00000|  0%| F|  |TAMS 0x0000000609800000| PB 0x0000000609800000| Untracked 
|  25|0x0000000609c00000, 0x0000000609c00000, 0x000000060a000000|  0%| F|  |TAMS 0x0000000609c00000| PB 0x0000000609c00000| Untracked 
|  26|0x000000060a000000, 0x000000060a000000, 0x000000060a400000|  0%| F|  |TAMS 0x000000060a000000| PB 0x000000060a000000| Untracked 
|  27|0x000000060a400000, 0x000000060a400000, 0x000000060a800000|  0%| F|  |TAMS 0x000000060a400000| PB 0x000000060a400000| Untracked 
|  28|0x000000060a800000, 0x000000060a800000, 0x000000060ac00000|  0%| F|  |TAMS 0x000000060a800000| PB 0x000000060a800000| Untracked 
|  29|0x000000060ac00000, 0x000000060ac00000, 0x000000060b000000|  0%| F|  |TAMS 0x000000060ac00000| PB 0x000000060ac00000| Untracked 
|  30|0x000000060b000000, 0x000000060b000000, 0x000000060b400000|  0%| F|  |TAMS 0x000000060b000000| PB 0x000000060b000000| Untracked 
|  31|0x000000060b400000, 0x000000060b400000, 0x000000060b800000|  0%| F|  |TAMS 0x000000060b400000| PB 0x000000060b400000| Untracked 
|  32|0x000000060b800000, 0x000000060b800000, 0x000000060bc00000|  0%| F|  |TAMS 0x000000060b800000| PB 0x000000060b800000| Untracked 
|  33|0x000000060bc00000, 0x000000060bc00000, 0x000000060c000000|  0%| F|  |TAMS 0x000000060bc00000| PB 0x000000060bc00000| Untracked 
|  34|0x000000060c000000, 0x000000060c000000, 0x000000060c400000|  0%| F|  |TAMS 0x000000060c000000| PB 0x000000060c000000| Untracked 
|  35|0x000000060c400000, 0x000000060c400000, 0x000000060c800000|  0%| F|  |TAMS 0x000000060c400000| PB 0x000000060c400000| Untracked 
|  36|0x000000060c800000, 0x000000060c800000, 0x000000060cc00000|  0%| F|  |TAMS 0x000000060c800000| PB 0x000000060c800000| Untracked 
|  37|0x000000060cc00000, 0x000000060cc00000, 0x000000060d000000|  0%| F|  |TAMS 0x000000060cc00000| PB 0x000000060cc00000| Untracked 
|  38|0x000000060d000000, 0x000000060d000000, 0x000000060d400000|  0%| F|  |TAMS 0x000000060d000000| PB 0x000000060d000000| Untracked 
|  39|0x000000060d400000, 0x000000060d400000, 0x000000060d800000|  0%| F|  |TAMS 0x000000060d400000| PB 0x000000060d400000| Untracked 
|  40|0x000000060d800000, 0x000000060d800000, 0x000000060dc00000|  0%| F|  |TAMS 0x000000060d800000| PB 0x000000060d800000| Untracked 
|  41|0x000000060dc00000, 0x000000060dc00000, 0x000000060e000000|  0%| F|  |TAMS 0x000000060dc00000| PB 0x000000060dc00000| Untracked 
|  42|0x000000060e000000, 0x000000060e000000, 0x000000060e400000|  0%| F|  |TAMS 0x000000060e000000| PB 0x000000060e000000| Untracked 
|  43|0x000000060e400000, 0x000000060e400000, 0x000000060e800000|  0%| F|  |TAMS 0x000000060e400000| PB 0x000000060e400000| Untracked 
|  44|0x000000060e800000, 0x000000060e800000, 0x000000060ec00000|  0%| F|  |TAMS 0x000000060e800000| PB 0x000000060e800000| Untracked 
|  45|0x000000060ec00000, 0x000000060ec00000, 0x000000060f000000|  0%| F|  |TAMS 0x000000060ec00000| PB 0x000000060ec00000| Untracked 
|  46|0x000000060f000000, 0x000000060f000000, 0x000000060f400000|  0%| F|  |TAMS 0x000000060f000000| PB 0x000000060f000000| Untracked 
|  47|0x000000060f400000, 0x000000060f400000, 0x000000060f800000|  0%| F|  |TAMS 0x000000060f400000| PB 0x000000060f400000| Untracked 
|  48|0x000000060f800000, 0x000000060f800000, 0x000000060fc00000|  0%| F|  |TAMS 0x000000060f800000| PB 0x000000060f800000| Untracked 
|  49|0x000000060fc00000, 0x000000060fc00000, 0x0000000610000000|  0%| F|  |TAMS 0x000000060fc00000| PB 0x000000060fc00000| Untracked 
|  50|0x0000000610000000, 0x0000000610000000, 0x0000000610400000|  0%| F|  |TAMS 0x0000000610000000| PB 0x0000000610000000| Untracked 
|  51|0x0000000610400000, 0x0000000610400000, 0x0000000610800000|  0%| F|  |TAMS 0x0000000610400000| PB 0x0000000610400000| Untracked 
|  52|0x0000000610800000, 0x0000000610800000, 0x0000000610c00000|  0%| F|  |TAMS 0x0000000610800000| PB 0x0000000610800000| Untracked 
|  53|0x0000000610c00000, 0x0000000610c00000, 0x0000000611000000|  0%| F|  |TAMS 0x0000000610c00000| PB 0x0000000610c00000| Untracked 
|  54|0x0000000611000000, 0x0000000611000000, 0x0000000611400000|  0%| F|  |TAMS 0x0000000611000000| PB 0x0000000611000000| Untracked 
|  55|0x0000000611400000, 0x0000000611400000, 0x0000000611800000|  0%| F|  |TAMS 0x0000000611400000| PB 0x0000000611400000| Untracked 
|  56|0x0000000611800000, 0x0000000611800000, 0x0000000611c00000|  0%| F|  |TAMS 0x0000000611800000| PB 0x0000000611800000| Untracked 
|  57|0x0000000611c00000, 0x0000000611c00000, 0x0000000612000000|  0%| F|  |TAMS 0x0000000611c00000| PB 0x0000000611c00000| Untracked 
|  58|0x0000000612000000, 0x0000000612000000, 0x0000000612400000|  0%| F|  |TAMS 0x0000000612000000| PB 0x0000000612000000| Untracked 
|  59|0x0000000612400000, 0x0000000612400000, 0x0000000612800000|  0%| F|  |TAMS 0x0000000612400000| PB 0x0000000612400000| Untracked 
|  60|0x0000000612800000, 0x0000000612800000, 0x0000000612c00000|  0%| F|  |TAMS 0x0000000612800000| PB 0x0000000612800000| Untracked 
|  61|0x0000000612c00000, 0x0000000612c00000, 0x0000000613000000|  0%| F|  |TAMS 0x0000000612c00000| PB 0x0000000612c00000| Untracked 
|  62|0x0000000613000000, 0x0000000613000000, 0x0000000613400000|  0%| F|  |TAMS 0x0000000613000000| PB 0x0000000613000000| Untracked 
|  63|0x0000000613400000, 0x0000000613400000, 0x0000000613800000|  0%| F|  |TAMS 0x0000000613400000| PB 0x0000000613400000| Untracked 
|  64|0x0000000613800000, 0x0000000613800000, 0x0000000613c00000|  0%| F|  |TAMS 0x0000000613800000| PB 0x0000000613800000| Untracked 
|  65|0x0000000613c00000, 0x0000000613c00000, 0x0000000614000000|  0%| F|  |TAMS 0x0000000613c00000| PB 0x0000000613c00000| Untracked 
|  66|0x0000000614000000, 0x0000000614000000, 0x0000000614400000|  0%| F|  |TAMS 0x0000000614000000| PB 0x0000000614000000| Untracked 
|  67|0x0000000614400000, 0x0000000614400000, 0x0000000614800000|  0%| F|  |TAMS 0x0000000614400000| PB 0x0000000614400000| Untracked 
|  68|0x0000000614800000, 0x0000000614800000, 0x0000000614c00000|  0%| F|  |TAMS 0x0000000614800000| PB 0x0000000614800000| Untracked 
|  69|0x0000000614c00000, 0x0000000614c00000, 0x0000000615000000|  0%| F|  |TAMS 0x0000000614c00000| PB 0x0000000614c00000| Untracked 
|  70|0x0000000615000000, 0x0000000615000000, 0x0000000615400000|  0%| F|  |TAMS 0x0000000615000000| PB 0x0000000615000000| Untracked 
|  71|0x0000000615400000, 0x0000000615400000, 0x0000000615800000|  0%| F|  |TAMS 0x0000000615400000| PB 0x0000000615400000| Untracked 
|  72|0x0000000615800000, 0x0000000615800000, 0x0000000615c00000|  0%| F|  |TAMS 0x0000000615800000| PB 0x0000000615800000| Untracked 
|  73|0x0000000615c00000, 0x0000000615c00000, 0x0000000616000000|  0%| F|  |TAMS 0x0000000615c00000| PB 0x0000000615c00000| Untracked 
|  74|0x0000000616000000, 0x0000000616000000, 0x0000000616400000|  0%| F|  |TAMS 0x0000000616000000| PB 0x0000000616000000| Untracked 
|  75|0x0000000616400000, 0x0000000616400000, 0x0000000616800000|  0%| F|  |TAMS 0x0000000616400000| PB 0x0000000616400000| Untracked 
|  76|0x0000000616800000, 0x0000000616800000, 0x0000000616c00000|  0%| F|  |TAMS 0x0000000616800000| PB 0x0000000616800000| Untracked 
|  77|0x0000000616c00000, 0x0000000616c00000, 0x0000000617000000|  0%| F|  |TAMS 0x0000000616c00000| PB 0x0000000616c00000| Untracked 
|  78|0x0000000617000000, 0x0000000617000000, 0x0000000617400000|  0%| F|  |TAMS 0x0000000617000000| PB 0x0000000617000000| Untracked 
|  79|0x0000000617400000, 0x0000000617400000, 0x0000000617800000|  0%| F|  |TAMS 0x0000000617400000| PB 0x0000000617400000| Untracked 
|  80|0x0000000617800000, 0x0000000617800000, 0x0000000617c00000|  0%| F|  |TAMS 0x0000000617800000| PB 0x0000000617800000| Untracked 
|  81|0x0000000617c00000, 0x0000000617c00000, 0x0000000618000000|  0%| F|  |TAMS 0x0000000617c00000| PB 0x0000000617c00000| Untracked 
|  82|0x0000000618000000, 0x0000000618000000, 0x0000000618400000|  0%| F|  |TAMS 0x0000000618000000| PB 0x0000000618000000| Untracked 
|  83|0x0000000618400000, 0x0000000618400000, 0x0000000618800000|  0%| F|  |TAMS 0x0000000618400000| PB 0x0000000618400000| Untracked 
|  84|0x0000000618800000, 0x0000000618800000, 0x0000000618c00000|  0%| F|  |TAMS 0x0000000618800000| PB 0x0000000618800000| Untracked 
|  85|0x0000000618c00000, 0x0000000618c00000, 0x0000000619000000|  0%| F|  |TAMS 0x0000000618c00000| PB 0x0000000618c00000| Untracked 
|  86|0x0000000619000000, 0x0000000619000000, 0x0000000619400000|  0%| F|  |TAMS 0x0000000619000000| PB 0x0000000619000000| Untracked 
|  87|0x0000000619400000, 0x0000000619400000, 0x0000000619800000|  0%| F|  |TAMS 0x0000000619400000| PB 0x0000000619400000| Untracked 
|  88|0x0000000619800000, 0x0000000619800000, 0x0000000619c00000|  0%| F|  |TAMS 0x0000000619800000| PB 0x0000000619800000| Untracked 
|  89|0x0000000619c00000, 0x0000000619c00000, 0x000000061a000000|  0%| F|  |TAMS 0x0000000619c00000| PB 0x0000000619c00000| Untracked 
|  90|0x000000061a000000, 0x000000061a000000, 0x000000061a400000|  0%| F|  |TAMS 0x000000061a000000| PB 0x000000061a000000| Untracked 
|  91|0x000000061a400000, 0x000000061a400000, 0x000000061a800000|  0%| F|  |TAMS 0x000000061a400000| PB 0x000000061a400000| Untracked 
|  92|0x000000061a800000, 0x000000061a800000, 0x000000061ac00000|  0%| F|  |TAMS 0x000000061a800000| PB 0x000000061a800000| Untracked 
|  93|0x000000061ac00000, 0x000000061ac00000, 0x000000061b000000|  0%| F|  |TAMS 0x000000061ac00000| PB 0x000000061ac00000| Untracked 
|  94|0x000000061b000000, 0x000000061b000000, 0x000000061b400000|  0%| F|  |TAMS 0x000000061b000000| PB 0x000000061b000000| Untracked 
|  95|0x000000061b400000, 0x000000061b400000, 0x000000061b800000|  0%| F|  |TAMS 0x000000061b400000| PB 0x000000061b400000| Untracked 
|  96|0x000000061b800000, 0x000000061b800000, 0x000000061bc00000|  0%| F|  |TAMS 0x000000061b800000| PB 0x000000061b800000| Untracked 
|  97|0x000000061bc00000, 0x000000061bc00000, 0x000000061c000000|  0%| F|  |TAMS 0x000000061bc00000| PB 0x000000061bc00000| Untracked 
|  98|0x000000061c000000, 0x000000061c000000, 0x000000061c400000|  0%| F|  |TAMS 0x000000061c000000| PB 0x000000061c000000| Untracked 
|  99|0x000000061c400000, 0x000000061c400000, 0x000000061c800000|  0%| F|  |TAMS 0x000000061c400000| PB 0x000000061c400000| Untracked 
| 100|0x000000061c800000, 0x000000061c800000, 0x000000061cc00000|  0%| F|  |TAMS 0x000000061c800000| PB 0x000000061c800000| Untracked 
| 101|0x000000061cc00000, 0x000000061cc00000, 0x000000061d000000|  0%| F|  |TAMS 0x000000061cc00000| PB 0x000000061cc00000| Untracked 
| 102|0x000000061d000000, 0x000000061d000000, 0x000000061d400000|  0%| F|  |TAMS 0x000000061d000000| PB 0x000000061d000000| Untracked 
| 103|0x000000061d400000, 0x000000061d400000, 0x000000061d800000|  0%| F|  |TAMS 0x000000061d400000| PB 0x000000061d400000| Untracked 
| 104|0x000000061d800000, 0x000000061d800000, 0x000000061dc00000|  0%| F|  |TAMS 0x000000061d800000| PB 0x000000061d800000| Untracked 
| 105|0x000000061dc00000, 0x000000061dc00000, 0x000000061e000000|  0%| F|  |TAMS 0x000000061dc00000| PB 0x000000061dc00000| Untracked 
| 106|0x000000061e000000, 0x000000061e000000, 0x000000061e400000|  0%| F|  |TAMS 0x000000061e000000| PB 0x000000061e000000| Untracked 
| 107|0x000000061e400000, 0x000000061e400000, 0x000000061e800000|  0%| F|  |TAMS 0x000000061e400000| PB 0x000000061e400000| Untracked 
| 108|0x000000061e800000, 0x000000061e800000, 0x000000061ec00000|  0%| F|  |TAMS 0x000000061e800000| PB 0x000000061e800000| Untracked 
| 109|0x000000061ec00000, 0x000000061ec00000, 0x000000061f000000|  0%| F|  |TAMS 0x000000061ec00000| PB 0x000000061ec00000| Untracked 
| 110|0x000000061f000000, 0x000000061f000000, 0x000000061f400000|  0%| F|  |TAMS 0x000000061f000000| PB 0x000000061f000000| Untracked 
| 111|0x000000061f400000, 0x000000061f400000, 0x000000061f800000|  0%| F|  |TAMS 0x000000061f400000| PB 0x000000061f400000| Untracked 
| 112|0x000000061f800000, 0x000000061f800000, 0x000000061fc00000|  0%| F|  |TAMS 0x000000061f800000| PB 0x000000061f800000| Untracked 
| 113|0x000000061fc00000, 0x000000061fc00000, 0x0000000620000000|  0%| F|  |TAMS 0x000000061fc00000| PB 0x000000061fc00000| Untracked 
| 114|0x0000000620000000, 0x0000000620000000, 0x0000000620400000|  0%| F|  |TAMS 0x0000000620000000| PB 0x0000000620000000| Untracked 
| 115|0x0000000620400000, 0x0000000620400000, 0x0000000620800000|  0%| F|  |TAMS 0x0000000620400000| PB 0x0000000620400000| Untracked 
| 116|0x0000000620800000, 0x0000000620800000, 0x0000000620c00000|  0%| F|  |TAMS 0x0000000620800000| PB 0x0000000620800000| Untracked 
| 117|0x0000000620c00000, 0x0000000620c00000, 0x0000000621000000|  0%| F|  |TAMS 0x0000000620c00000| PB 0x0000000620c00000| Untracked 
| 118|0x0000000621000000, 0x0000000621000000, 0x0000000621400000|  0%| F|  |TAMS 0x0000000621000000| PB 0x0000000621000000| Untracked 
| 119|0x0000000621400000, 0x0000000621400000, 0x0000000621800000|  0%| F|  |TAMS 0x0000000621400000| PB 0x0000000621400000| Untracked 
| 120|0x0000000621800000, 0x0000000621800000, 0x0000000621c00000|  0%| F|  |TAMS 0x0000000621800000| PB 0x0000000621800000| Untracked 
| 121|0x0000000621c00000, 0x0000000621c00000, 0x0000000622000000|  0%| F|  |TAMS 0x0000000621c00000| PB 0x0000000621c00000| Untracked 
| 122|0x0000000622000000, 0x0000000622373d78, 0x0000000622400000| 86%| E|  |TAMS 0x0000000622000000| PB 0x0000000622000000| Complete 
| 123|0x0000000622400000, 0x0000000622800000, 0x0000000622800000|100%| E|CS|TAMS 0x0000000622400000| PB 0x0000000622400000| Complete 
| 124|0x0000000622800000, 0x0000000622c00000, 0x0000000622c00000|100%| E|CS|TAMS 0x0000000622800000| PB 0x0000000622800000| Complete 
| 125|0x0000000622c00000, 0x0000000623000000, 0x0000000623000000|100%| E|CS|TAMS 0x0000000622c00000| PB 0x0000000622c00000| Complete 
| 126|0x0000000623000000, 0x0000000623400000, 0x0000000623400000|100%| E|CS|TAMS 0x0000000623000000| PB 0x0000000623000000| Complete 
| 127|0x0000000623400000, 0x0000000623800000, 0x0000000623800000|100%| E|CS|TAMS 0x0000000623400000| PB 0x0000000623400000| Complete 

Card table byte_map: [0x00000217bf960000,0x00000217c0950000] _byte_map_base: 0x00000217bc944000

Marking Bits: (CMBitMap*) 0x00000217a704c370
 Bits: [0x00000217c0950000, 0x00000217c8870000)

Polling page: 0x00000217a4f90000

Metaspace:

Usage:
  Non-class:      3.30 MB used.
      Class:    469.20 KB used.
       Both:      3.76 MB used.

Virtual space:
  Non-class space:       64.00 MB reserved,       3.38 MB (  5%) committed,  1 nodes.
      Class space:        1.00 GB reserved,     576.00 KB ( <1%) committed,  1 nodes.
             Both:        1.06 GB reserved,       3.94 MB ( <1%) committed. 

Chunk freelists:
   Non-Class:  10.51 MB
       Class:  15.42 MB
        Both:  25.93 MB

MaxMetaspaceSize: unlimited
CompressedClassSpaceSize: 1.00 GB
Initial GC threshold: 21.00 MB
Current GC threshold: 21.00 MB
CDS: on
 - commit_granule_bytes: 65536.
 - commit_granule_words: 8192.
 - virtual_space_node_default_size: 8388608.
 - enlarge_chunks_in_place: 1.
 - use_allocation_guard: 0.


Internal statistics:

num_allocs_failed_limit: 0.
num_arena_births: 86.
num_arena_deaths: 0.
num_vsnodes_births: 2.
num_vsnodes_deaths: 0.
num_space_committed: 63.
num_space_uncommitted: 0.
num_chunks_returned_to_freelist: 0.
num_chunks_taken_from_freelist: 216.
num_chunk_merges: 0.
num_chunk_splits: 116.
num_chunks_enlarged: 72.
num_inconsistent_stats: 0.

CodeHeap 'non-profiled nmethods': size=120000Kb used=341Kb max_used=341Kb free=119658Kb
 bounds [0x00000217b6ef0000, 0x00000217b7160000, 0x00000217be420000]
CodeHeap 'profiled nmethods': size=120000Kb used=1654Kb max_used=1654Kb free=118345Kb
 bounds [0x00000217af420000, 0x00000217af690000, 0x00000217b6950000]
CodeHeap 'non-nmethods': size=5760Kb used=1383Kb max_used=1398Kb free=4376Kb
 bounds [0x00000217b6950000, 0x00000217b6bc0000, 0x00000217b6ef0000]
 total_blobs=1387 nmethods=958 adapters=334
 compilation: enabled
              stopped_count=0, restarted_count=0
 full_count=0

Compilation events (20 events):
Event: 1.344 Thread 0x00000217c8a4eef0 nmethod 925 0x00000217af5a6f10 code [0x00000217af5a70c0, 0x00000217af5a72f8]
Event: 1.344 Thread 0x00000217c8a4eef0  928       3       java.util.stream.AbstractPipeline::isParallel (8 bytes)
Event: 1.344 Thread 0x00000217c8a4eef0 nmethod 928 0x00000217af5a7410 code [0x00000217af5a75a0, 0x00000217af5a76c0]
Event: 1.346 Thread 0x00000217cb800f70 nmethod 903 0x00000217b6f41d90 code [0x00000217b6f41f60, 0x00000217b6f429a0]
Event: 1.350 Thread 0x00000217cb800f70  918       4       sun.reflect.generics.parser.SignatureParser::current (59 bytes)
Event: 1.351 Thread 0x00000217c8a4eef0  929       3       java.util.ImmutableCollections$Set12::<init> (53 bytes)
Event: 1.353 Thread 0x00000217c8a4eef0 nmethod 929 0x00000217af5a7790 code [0x00000217af5a7a60, 0x00000217af5a86f8]
Event: 1.354 Thread 0x00000217c8a4eef0  930       3       sun.invoke.util.BytecodeDescriptor::unparseMethod (66 bytes)
Event: 1.355 Thread 0x00000217c8a4eef0 nmethod 930 0x00000217af5a8b90 code [0x00000217af5a8dc0, 0x00000217af5a93c8]
Event: 1.356 Thread 0x00000217c8a4eef0  931       3       java.util.concurrent.ConcurrentHashMap$Node::<init> (14 bytes)
Event: 1.356 Thread 0x00000217c8a4eef0 nmethod 931 0x00000217af5a9710 code [0x00000217af5a98c0, 0x00000217af5a9bc8]
Event: 1.357 Thread 0x00000217c8a4eef0  932   !   3       java.lang.invoke.MethodHandleNatives::linkMethodHandleConstant (50 bytes)
Event: 1.358 Thread 0x00000217cb800f70 nmethod 918 0x00000217b6f42d10 code [0x00000217b6f42ec0, 0x00000217b6f43088]
Event: 1.359 Thread 0x00000217c8a4eef0 nmethod 932 0x00000217af5a9d10 code [0x00000217af5a9ee0, 0x00000217af5aa108]
Event: 1.359 Thread 0x00000217c8a4eef0  933       3       java.lang.invoke.MethodHandles$Lookup::linkMethodHandleConstant (223 bytes)
Event: 1.360 Thread 0x00000217cb800f70  908       4       java.lang.AbstractStringBuilder::<init> (39 bytes)
Event: 1.365 Thread 0x00000217c8a4eef0 nmethod 933 0x00000217af5aa310 code [0x00000217af5aa700, 0x00000217af5ac070]
Event: 1.373 Thread 0x00000217cb800f70 nmethod 908 0x00000217b6f43290 code [0x00000217b6f43420, 0x00000217b6f436d0]
Event: 1.374 Thread 0x00000217c8a4eef0  934       3       java.lang.invoke.DirectMethodHandle::preparedLambdaForm (6 bytes)
Event: 1.375 Thread 0x00000217c8a4eef0 nmethod 934 0x00000217af5ac890 code [0x00000217af5aca40, 0x00000217af5acb70]

GC Heap History (0 events):
No events

Dll operation events (8 events):
Event: 0.018 Loaded shared library C:\Program Files\Java\jdk-21\bin\java.dll
Event: 0.020 Loaded shared library C:\Program Files\Java\jdk-21\bin\zip.dll
Event: 0.087 Loaded shared library C:\Program Files\Java\jdk-21\bin\jsvml.dll
Event: 0.329 Loaded shared library C:\Program Files\Java\jdk-21\bin\instrument.dll
Event: 0.374 Loaded shared library C:\Program Files\Java\jdk-21\bin\net.dll
Event: 0.376 Loaded shared library C:\Program Files\Java\jdk-21\bin\nio.dll
Event: 0.388 Loaded shared library C:\Program Files\Java\jdk-21\bin\zip.dll
Event: 0.662 Loaded shared library C:\Program Files\Java\jdk-21\bin\jimage.dll

Deoptimization events (20 events):
Event: 0.755 Thread 0x00000217a4cc06d0 DEOPT PACKING pc=0x00000217b6f0dd9c sp=0x000000f4ec0fe450
Event: 0.755 Thread 0x00000217a4cc06d0 DEOPT UNPACKING pc=0x00000217b69a46a2 sp=0x000000f4ec0fe3e8 mode 2
Event: 0.758 Thread 0x00000217a4cc06d0 DEOPT PACKING pc=0x00000217af494ce7 sp=0x000000f4ec0fd570
Event: 0.758 Thread 0x00000217a4cc06d0 DEOPT UNPACKING pc=0x00000217b69a4e42 sp=0x000000f4ec0fc9e0 mode 0
Event: 0.823 Thread 0x00000217a4cc06d0 DEOPT PACKING pc=0x00000217af494ce7 sp=0x000000f4ec0fda60
Event: 0.823 Thread 0x00000217a4cc06d0 DEOPT UNPACKING pc=0x00000217b69a4e42 sp=0x000000f4ec0fcee8 mode 0
Event: 0.880 Thread 0x00000217a4cc06d0 DEOPT PACKING pc=0x00000217af42f321 sp=0x000000f4ec0fdcb0
Event: 0.880 Thread 0x00000217a4cc06d0 DEOPT UNPACKING pc=0x00000217b69a4e42 sp=0x000000f4ec0fd138 mode 0
Event: 0.936 Thread 0x00000217a4cc06d0 DEOPT PACKING pc=0x00000217af42f321 sp=0x000000f4ec0fbc90
Event: 0.936 Thread 0x00000217a4cc06d0 DEOPT UNPACKING pc=0x00000217b69a4e42 sp=0x000000f4ec0fb0f0 mode 0
Event: 1.019 Thread 0x00000217a4cc06d0 Uncommon trap: trap_request=0xffffff45 fr.pc=0x00000217b6eff840 relative=0x0000000000000c60
Event: 1.019 Thread 0x00000217a4cc06d0 Uncommon trap: reason=unstable_if action=reinterpret pc=0x00000217b6eff840 method=java.util.HashMap.putVal(ILjava/lang/Object;Ljava/lang/Object;ZZ)Ljava/lang/Object; @ 181 c2
Event: 1.019 Thread 0x00000217a4cc06d0 DEOPT PACKING pc=0x00000217b6eff840 sp=0x000000f4ec0fd460
Event: 1.019 Thread 0x00000217a4cc06d0 DEOPT UNPACKING pc=0x00000217b69a46a2 sp=0x000000f4ec0fd430 mode 2
Event: 1.198 Thread 0x00000217a4cc06d0 DEOPT PACKING pc=0x00000217af42eb4e sp=0x000000f4ec0fce40
Event: 1.198 Thread 0x00000217a4cc06d0 DEOPT UNPACKING pc=0x00000217b69a4e42 sp=0x000000f4ec0fc2b8 mode 0
Event: 1.209 Thread 0x00000217a4cc06d0 DEOPT PACKING pc=0x00000217af465096 sp=0x000000f4ec0fd010
Event: 1.209 Thread 0x00000217a4cc06d0 DEOPT UNPACKING pc=0x00000217b69a4e42 sp=0x000000f4ec0fc480 mode 0
Event: 1.272 Thread 0x00000217a4cc06d0 DEOPT PACKING pc=0x00000217af494ce7 sp=0x000000f4ec0fcf20
Event: 1.272 Thread 0x00000217a4cc06d0 DEOPT UNPACKING pc=0x00000217b69a4e42 sp=0x000000f4ec0fc390 mode 0

Classes loaded (20 events):
Event: 1.376 Loading class org/junit/jupiter/api/MethodOrderer
Event: 1.376 Loading class org/junit/jupiter/api/MethodOrderer done
Event: 1.376 Loading class org/junit/jupiter/engine/config/JupiterConfiguration
Event: 1.376 Loading class org/junit/jupiter/engine/config/JupiterConfiguration done
Event: 1.377 Loading class org/junit/jupiter/engine/config/CachingJupiterConfiguration
Event: 1.377 Loading class org/junit/jupiter/engine/config/CachingJupiterConfiguration done
Event: 1.378 Loading class org/junit/jupiter/engine/discovery/MethodOrderingVisitor
Event: 1.378 Loading class org/junit/jupiter/engine/discovery/MethodOrderingVisitor done
Event: 1.378 Loading class org/junit/jupiter/engine/descriptor/ClassBasedTestDescriptor
Event: 1.378 Loading class org/junit/jupiter/engine/descriptor/ClassBasedTestDescriptor done
Event: 1.378 Loading class org/junit/jupiter/api/MethodOrderer
Event: 1.378 Loading class org/junit/jupiter/api/MethodOrderer done
Event: 1.380 Loading class org/junit/platform/engine/TestDescriptor
Event: 1.380 Loading class org/junit/platform/engine/TestDescriptor done
Event: 1.380 Loading class org/junit/platform/engine/TestDescriptor
Event: 1.380 Loading class org/junit/platform/engine/TestDescriptor done
Event: 1.381 Loading class org/junit/platform/engine/TestEngine
Event: 1.381 Loading class org/junit/platform/engine/TestEngine done
Event: 1.381 Loading class org/junit/platform/engine/TestEngine
Event: 1.381 Loading class org/junit/platform/engine/TestEngine done

Classes unloaded (0 events):
No events

Classes redefined (0 events):
No events

Internal exceptions (20 events):
Event: 0.599 Thread 0x00000217a4cc06d0 Exception <a 'java/lang/NoSuchMethodError'{0x0000000622eef7a0}: 'long java.lang.invoke.Invokers$Holder.invokeExact_MT(java.lang.Object, java.lang.Object)'> (0x0000000622eef7a0) 
thrown [s\open\src\hotspot\share\interpreter\linkResolver.cpp, line 773]
Event: 0.615 Thread 0x00000217a4cc06d0 Exception <a 'java/lang/NoSuchMethodError'{0x0000000622f28748}: 'java.lang.Object java.lang.invoke.DirectMethodHandle$Holder.invokeInterface(java.lang.Object, java.lang.Object)'> (0x0000000622f28748) 
thrown [s\open\src\hotspot\share\interpreter\linkResolver.cpp, line 773]
Event: 0.742 Thread 0x00000217a4cc06d0 Exception <a 'java/lang/NoSuchMethodError'{0x00000006229ed690}: 'java.lang.Object java.lang.invoke.DirectMethodHandle$Holder.invokeVirtual(java.lang.Object, java.lang.Object, java.lang.Object)'> (0x00000006229ed690) 
thrown [s\open\src\hotspot\share\interpreter\linkResolver.cpp, line 773]
Event: 0.804 Thread 0x00000217a4cc06d0 Exception <a 'java/lang/NoSuchMethodError'{0x0000000622af4bf8}: 'int java.lang.invoke.DirectMethodHandle$Holder.invokeVirtual(java.lang.Object, java.lang.Object)'> (0x0000000622af4bf8) 
thrown [s\open\src\hotspot\share\interpreter\linkResolver.cpp, line 773]
Event: 0.888 Thread 0x00000217a4cc06d0 Exception <a 'java/lang/NoSuchMethodError'{0x0000000622bd2db0}: 'int java.lang.invoke.DirectMethodHandle$Holder.invokeSpecial(java.lang.Object, java.lang.Object, java.lang.Object)'> (0x0000000622bd2db0) 
thrown [s\open\src\hotspot\share\interpreter\linkResolver.cpp, line 773]
Event: 0.942 Thread 0x00000217a4cc06d0 Exception <a 'java/lang/NoSuchMethodError'{0x0000000622458f40}: 'void java.lang.invoke.DirectMethodHandle$Holder.invokeInterface(java.lang.Object, java.lang.Object)'> (0x0000000622458f40) 
thrown [s\open\src\hotspot\share\interpreter\linkResolver.cpp, line 773]
Event: 0.943 Thread 0x00000217a4cc06d0 Exception <a 'java/lang/IncompatibleClassChangeError'{0x000000062245c3f0}: Found class java.lang.Object, but interface was expected> (0x000000062245c3f0) 
thrown [s\open\src\hotspot\share\interpreter\linkResolver.cpp, line 840]
Event: 1.016 Thread 0x00000217a4cc06d0 Exception <a 'java/lang/NoSuchMethodError'{0x000000062250b398}: 'java.lang.Object java.lang.invoke.DirectMethodHandle$Holder.invokeStaticInit(java.lang.Object, java.lang.Object, java.lang.Object)'> (0x000000062250b398) 
thrown [s\open\src\hotspot\share\interpreter\linkResolver.cpp, line 773]
Event: 1.018 Thread 0x00000217a4cc06d0 Exception <a 'java/lang/NoSuchMethodError'{0x00000006225123b0}: 'void java.lang.invoke.DirectMethodHandle$Holder.invokeStaticInit(java.lang.Object, java.lang.Object, java.lang.Object)'> (0x00000006225123b0) 
thrown [s\open\src\hotspot\share\interpreter\linkResolver.cpp, line 773]
Event: 1.073 Thread 0x00000217a4cc06d0 Exception <a 'java/lang/NoSuchMethodError'{0x00000006225c3cc8}: 'java.lang.Object java.lang.invoke.DirectMethodHandle$Holder.newInvokeSpecial(java.lang.Object, java.lang.Object, java.lang.Object, java.lang.Object, java.lang.Object)'> (0x00000006225c3cc8) 
thrown [s\open\src\hotspot\share\interpreter\linkResolver.cpp, line 773]
Event: 1.229 Thread 0x00000217a4cc06d0 Exception <a 'java/lang/NoSuchMethodError'{0x00000006227efd98}: 'java.lang.Object java.lang.invoke.DirectMethodHandle$Holder.invokeSpecialIFC(java.lang.Object, java.lang.Object, java.lang.Object, java.lang.Object)'> (0x00000006227efd98) 
thrown [s\open\src\hotspot\share\interpreter\linkResolver.cpp, line 773]
Event: 1.239 Thread 0x00000217a4cc06d0 Exception <a 'java/lang/NoSuchMethodError'{0x00000006220077f0}: 'java.lang.Object java.lang.invoke.DirectMethodHandle$Holder.invokeInterface(java.lang.Object, java.lang.Object, java.lang.Object)'> (0x00000006220077f0) 
thrown [s\open\src\hotspot\share\interpreter\linkResolver.cpp, line 773]
Event: 1.243 Thread 0x00000217a4cc06d0 Exception <a 'java/lang/NoSuchMethodError'{0x000000062201d800}: 'void java.lang.invoke.DirectMethodHandle$Holder.invokeSpecial(java.lang.Object, java.lang.Object, java.lang.Object)'> (0x000000062201d800) 
thrown [s\open\src\hotspot\share\interpreter\linkResolver.cpp, line 773]
Event: 1.263 Thread 0x00000217a4cc06d0 Exception <a 'java/lang/NoSuchMethodError'{0x00000006220676f0}: 'void java.lang.invoke.DirectMethodHandle$Holder.invokeInterface(java.lang.Object, java.lang.Object, java.lang.Object)'> (0x00000006220676f0) 
thrown [s\open\src\hotspot\share\interpreter\linkResolver.cpp, line 773]
Event: 1.279 Thread 0x00000217a4cc06d0 Exception <a 'java/lang/NoSuchMethodError'{0x00000006220af268}: 'java.lang.Object java.lang.invoke.DirectMethodHandle$Holder.newInvokeSpecial(java.lang.Object, java.lang.Object, java.lang.Object, java.lang.Object, java.lang.Object, java.lang.Object)'> (0x00000006220af268) 
thrown [s\open\src\hotspot\share\interpreter\linkResolver.cpp, line 773]
Event: 1.304 Thread 0x00000217a4cc06d0 Exception <a 'java/lang/NoSuchMethodError'{0x00000006220fb7f8}: 'void java.lang.invoke.DirectMethodHandle$Holder.invokeInterface(java.lang.Object, java.lang.Object, java.lang.Object, java.lang.Object, java.lang.Object)'> (0x00000006220fb7f8) 
thrown [s\open\src\hotspot\share\interpreter\linkResolver.cpp, line 773]
Event: 1.304 Thread 0x00000217a4cc06d0 Exception <a 'java/lang/IncompatibleClassChangeError'{0x00000006220ff1e8}: Found class java.lang.Object, but interface was expected> (0x00000006220ff1e8) 
thrown [s\open\src\hotspot\share\interpreter\linkResolver.cpp, line 840]
Event: 1.319 Thread 0x00000217a4cc06d0 Exception <a 'java/lang/IncompatibleClassChangeError'{0x000000062212ac30}: Found class java.lang.Object, but interface was expected> (0x000000062212ac30) 
thrown [s\open\src\hotspot\share\interpreter\linkResolver.cpp, line 840]
Event: 1.334 Thread 0x00000217a4cc06d0 Exception <a 'java/lang/NoSuchMethodError'{0x0000000622146948}: 'java.lang.Object java.lang.invoke.DirectMethodHandle$Holder.invokeStatic(java.lang.Object, java.lang.Object, int)'> (0x0000000622146948) 
thrown [s\open\src\hotspot\share\interpreter\linkResolver.cpp, line 773]
Event: 1.378 Thread 0x00000217a4cc06d0 Exception <a 'java/lang/NoSuchMethodError'{0x000000062219acd0}: 'void java.lang.invoke.DirectMethodHandle$Holder.invokeSpecial(java.lang.Object, java.lang.Object, java.lang.Object, java.lang.Object, java.lang.Object)'> (0x000000062219acd0) 
thrown [s\open\src\hotspot\share\interpreter\linkResolver.cpp, line 773]

ZGC Phase Switch (0 events):
No events

VM Operations (16 events):
Event: 0.272 Executing VM operation: HandshakeAllThreads (Deoptimize)
Event: 0.272 Executing VM operation: HandshakeAllThreads (Deoptimize) done
Event: 0.323 Executing VM operation: ChangeBreakpoints
Event: 0.323 Executing VM operation: ChangeBreakpoints done
Event: 0.324 Executing VM operation: ChangeBreakpoints
Event: 0.324 Executing VM operation: ChangeBreakpoints done
Event: 0.570 Executing VM operation: HandshakeAllThreads (Deoptimize)
Event: 0.570 Executing VM operation: HandshakeAllThreads (Deoptimize) done
Event: 0.755 Executing VM operation: HandshakeAllThreads (Deoptimize)
Event: 0.755 Executing VM operation: HandshakeAllThreads (Deoptimize) done
Event: 1.026 Executing VM operation: HandshakeAllThreads (Deoptimize)
Event: 1.026 Executing VM operation: HandshakeAllThreads (Deoptimize) done
Event: 1.026 Executing VM operation: HandshakeAllThreads (Deoptimize)
Event: 1.026 Executing VM operation: HandshakeAllThreads (Deoptimize) done
Event: 1.037 Executing VM operation: ChangeBreakpoints
Event: 1.038 Executing VM operation: ChangeBreakpoints done

Events (15 events):
Event: 0.052 Thread 0x00000217a4cc06d0 Thread added: 0x00000217a4cc06d0
Event: 0.082 Thread 0x00000217c8a2f4c0 Thread added: 0x00000217c8a2f4c0
Event: 0.082 Thread 0x00000217c8a303e0 Thread added: 0x00000217c8a303e0
Event: 0.083 Thread 0x00000217c8a35070 Thread added: 0x00000217c8a35070
Event: 0.083 Thread 0x00000217c8a35d30 Thread added: 0x00000217c8a35d30
Event: 0.083 Thread 0x00000217c8a37430 Thread added: 0x00000217c8a37430
Event: 0.083 Thread 0x00000217c8a39ea0 Thread added: 0x00000217c8a39ea0
Event: 0.083 Thread 0x00000217c8a3b570 Thread added: 0x00000217c8a3b570
Event: 0.084 Thread 0x00000217c8a4eef0 Thread added: 0x00000217c8a4eef0
Event: 0.260 Thread 0x00000217cb6ad610 Thread added: 0x00000217cb6ad610
Event: 0.300 Thread 0x00000217cb785de0 Thread added: 0x00000217cb785de0
Event: 0.300 Thread 0x00000217cb789000 Thread added: 0x00000217cb789000
Event: 0.301 Thread 0x00000217cb789890 Thread added: 0x00000217cb789890
Event: 0.355 Thread 0x00000217cb7d7710 Thread added: 0x00000217cb7d7710
Event: 0.435 Thread 0x00000217cb800f70 Thread added: 0x00000217cb800f70


Dynamic libraries:
0x00007ff6330a0000 - 0x00007ff6330b0000 	C:\Program Files\Java\jdk-21\bin\java.exe
0x00007ffee8450000 - 0x00007ffee8667000 	C:\WINDOWS\SYSTEM32\ntdll.dll
0x00007ffee6960000 - 0x00007ffee6a24000 	C:\WINDOWS\System32\KERNEL32.DLL
0x00007ffee5b80000 - 0x00007ffee5f2d000 	C:\WINDOWS\System32\KERNELBASE.dll
0x00007ffee5a60000 - 0x00007ffee5b71000 	C:\WINDOWS\System32\ucrtbase.dll
0x00007ffec5be0000 - 0x00007ffec5bf9000 	C:\Program Files\Java\jdk-21\bin\jli.dll
0x00007ffec4e10000 - 0x00007ffec4e2b000 	C:\Program Files\Java\jdk-21\bin\VCRUNTIME140.dll
0x00007ffee6220000 - 0x00007ffee62d2000 	C:\WINDOWS\System32\ADVAPI32.dll
0x00007ffee6ab0000 - 0x00007ffee6b57000 	C:\WINDOWS\System32\msvcrt.dll
0x00007ffee70a0000 - 0x00007ffee7149000 	C:\WINDOWS\System32\sechost.dll
0x00007ffee5780000 - 0x00007ffee57a8000 	C:\WINDOWS\System32\bcrypt.dll
0x00007ffee74e0000 - 0x00007ffee75f4000 	C:\WINDOWS\System32\RPCRT4.dll
0x00007ffee62e0000 - 0x00007ffee648e000 	C:\WINDOWS\System32\USER32.dll
0x00007ffec7080000 - 0x00007ffec7313000 	C:\WINDOWS\WinSxS\amd64_microsoft.windows.common-controls_6595b64144ccf1df_6.0.22621.3672_none_2713b9d173822955\COMCTL32.dll
0x00007ffee5fd0000 - 0x00007ffee5ff6000 	C:\WINDOWS\System32\win32u.dll
0x00007ffee76c0000 - 0x00007ffee76e9000 	C:\WINDOWS\System32\GDI32.dll
0x00007ffee6070000 - 0x00007ffee6189000 	C:\WINDOWS\System32\gdi32full.dll
0x00007ffee5f30000 - 0x00007ffee5fca000 	C:\WINDOWS\System32\msvcp_win.dll
0x00007ffedcb40000 - 0x00007ffedcb4a000 	C:\WINDOWS\SYSTEM32\VERSION.dll
0x00007ffee6910000 - 0x00007ffee6941000 	C:\WINDOWS\System32\IMM32.DLL
0x00007ffed3cd0000 - 0x00007ffed3cdc000 	C:\Program Files\Java\jdk-21\bin\vcruntime140_1.dll
0x00007ffea26f0000 - 0x00007ffea277e000 	C:\Program Files\Java\jdk-21\bin\msvcp140.dll
0x00007ffe5a3c0000 - 0x00007ffe5b0d5000 	C:\Program Files\Java\jdk-21\bin\server\jvm.dll
0x00007ffee7700000 - 0x00007ffee7771000 	C:\WINDOWS\System32\WS2_32.dll
0x00007ffee45d0000 - 0x00007ffee461d000 	C:\WINDOWS\SYSTEM32\POWRPROF.dll
0x00007ffece410000 - 0x00007ffece444000 	C:\WINDOWS\SYSTEM32\WINMM.dll
0x00007ffee45b0000 - 0x00007ffee45c3000 	C:\WINDOWS\SYSTEM32\UMPDC.dll
0x00007ffee4860000 - 0x00007ffee4878000 	C:\WINDOWS\SYSTEM32\kernel.appcore.dll
0x00007ffec9870000 - 0x00007ffec987a000 	C:\Program Files\Java\jdk-21\bin\jimage.dll
0x00007ffee2f90000 - 0x00007ffee31c2000 	C:\WINDOWS\SYSTEM32\DBGHELP.DLL
0x00007ffee6d10000 - 0x00007ffee7098000 	C:\WINDOWS\System32\combase.dll
0x00007ffee71a0000 - 0x00007ffee7277000 	C:\WINDOWS\System32\OLEAUT32.dll
0x00007ffedc500000 - 0x00007ffedc532000 	C:\WINDOWS\SYSTEM32\dbgcore.DLL
0x00007ffee59e0000 - 0x00007ffee5a5b000 	C:\WINDOWS\System32\bcryptPrimitives.dll
0x00007ffee1ab0000 - 0x00007ffee1aec000 	C:\Program Files\Java\jdk-21\bin\jdwp.dll
0x00007ffed3cc0000 - 0x00007ffed3ccf000 	C:\Program Files\Java\jdk-21\bin\instrument.dll
0x00007ffec3b60000 - 0x00007ffec3b7f000 	C:\Program Files\Java\jdk-21\bin\java.dll
0x00007ffebb0a0000 - 0x00007ffebb0b8000 	C:\Program Files\Java\jdk-21\bin\zip.dll
0x00007ffee77e0000 - 0x00007ffee803f000 	C:\WINDOWS\System32\SHELL32.dll
0x00007ffee3680000 - 0x00007ffee3f7c000 	C:\WINDOWS\SYSTEM32\windows.storage.dll
0x00007ffee3540000 - 0x00007ffee367f000 	C:\WINDOWS\SYSTEM32\wintypes.dll
0x00007ffee6bb0000 - 0x00007ffee6ca4000 	C:\WINDOWS\System32\SHCORE.dll
0x00007ffee6cb0000 - 0x00007ffee6d0e000 	C:\WINDOWS\System32\shlwapi.dll
0x00007ffee56b0000 - 0x00007ffee56d1000 	C:\WINDOWS\SYSTEM32\profapi.dll
0x00007ffea1ad0000 - 0x00007ffea1ba7000 	C:\Program Files\Java\jdk-21\bin\jsvml.dll
0x00007ffee1cc0000 - 0x00007ffee1ccc000 	C:\Program Files\Java\jdk-21\bin\dt_socket.dll
0x00007ffee4260000 - 0x00007ffee428d000 	C:\WINDOWS\SYSTEM32\IPHLPAPI.DLL
0x00007ffee4cc0000 - 0x00007ffee4d29000 	C:\WINDOWS\system32\mswsock.dll
0x00007ffec9650000 - 0x00007ffec9660000 	C:\Program Files\Java\jdk-21\bin\net.dll
0x00007ffedf670000 - 0x00007ffedf7a6000 	C:\WINDOWS\SYSTEM32\WINHTTP.dll
0x00007ffebede0000 - 0x00007ffebedf6000 	C:\Program Files\Java\jdk-21\bin\nio.dll

dbghelp: loaded successfully - version: 4.0.5 - missing functions: none
symbol engine: initialized successfully - sym options: 0x614 - pdb path: .;C:\Program Files\Java\jdk-21\bin;C:\WINDOWS\SYSTEM32;C:\WINDOWS\WinSxS\amd64_microsoft.windows.common-controls_6595b64144ccf1df_6.0.22621.3672_none_2713b9d173822955;C:\Program Files\Java\jdk-21\bin\server

VM Arguments:
jvm_args: -agentlib:jdwp=transport=dt_socket,address=127.0.0.1:56016,suspend=y,server=n -ea -Didea.test.cyclic.buffer.size=1048576 -Dhxl.spring.invoke.port=33339 -javaagent:C:\Users\NGNAWEN\AppData\Local\JetBrains\IdeaIC2024.1\captureAgent\debugger-agent.jar -Dfile.encoding=UTF-8 -Dsun.stdout.encoding=UTF-8 -Dsun.stderr.encoding=UTF-8 
java_command: com.intellij.rt.junit.JUnitStarter -ideVersion5 -junit5 cm.belrose.config.processor.InvoiceResourceItemProcessorTest
java_class_path (initial): C:\Users\NGNAWEN\.m2\repository\org\junit\platform\junit-platform-launcher\1.10.3\junit-platform-launcher-1.10.3.jar;C:\Users\NGNAWEN\AppData\Local\Programs\IntelliJ IDEA Community Edition\lib\idea_rt.jar;C:\Users\NGNAWEN\AppData\Local\Programs\IntelliJ IDEA Community Edition\plugins\junit\lib\junit5-rt.jar;C:\Users\NGNAWEN\AppData\Local\Programs\IntelliJ IDEA Community Edition\plugins\junit\lib\junit-rt.jar;C:\Users\NGNAWEN\IdeaProjects\spring-batch-multiple-file-virtual-thread\target\test-classes;C:\Users\NGNAWEN\IdeaProjects\spring-batch-multiple-file-virtual-thread\target\classes;C:\Users\NGNAWEN\.m2\repository\org\springframework\boot\spring-boot-starter-batch\3.3.2\spring-boot-starter-batch-3.3.2.jar;C:\Users\NGNAWEN\.m2\repository\org\springframework\boot\spring-boot-starter\3.3.2\spring-boot-starter-3.3.2.jar;C:\Users\NGNAWEN\.m2\repository\org\springframework\boot\spring-boot\3.3.2\spring-boot-3.3.2.jar;C:\Users\NGNAWEN\.m2\repository\org\springframework\boot\spring-boot-autoconfigure\3.3.2\spring-boot-autoconfigure-3.3.2.jar;C:\Users\NGNAWEN\.m2\repository\org\springframework\boot\spring-boot-starter-logging\3.3.2\spring-boot-starter-logging-3.3.2.jar;C:\Users\NGNAWEN\.m2\repository\ch\qos\logback\logback-classic\1.5.6\logback-classic-1.5.6.jar;C:\Users\NGNAWEN\.m2\repository\ch\qos\logback\logback-core\1.5.6\logback-core-1.5.6.jar;C:\Users\NGNAWEN\.m2\repository\org\apache\logging\log4j\log4j-to-slf4j\2.23.1\log4j-to-slf4j-2.23.1.jar;C:\Users\NGNAWEN\.m2\repository\org\apache\logging\log4j\log4j-api\2.23.1\log4j-api-2.23.1.jar;C:\Users\NGNAWEN\.m2\repository\org\slf4j\jul-to-slf4j\2.0.13\jul-to-slf4j-2.0.13.jar;C:\Users\NGNAWEN\.m2\repository\jakarta\annotation\jakarta.annotation-api\2.1.1\jakarta.annotation-api-2.1.1.jar;C:\Users\NGNAWEN\.m2\repository\org\yaml\snakeyaml\2.2\snakeyaml-2.2.jar;C:\Users\NGNAWEN\.m2\repository\org\springframework\boot\spring-boot-starter-jdbc\3.3.2\spring-boot-starter-jdbc-3.3.2.jar;C:\Users\NGNAWEN\.m2\repository\com\zaxxer\HikariCP\5.1.0\HikariCP-5.1.0.jar;C:\Users\NGNAWEN\.m2\repository\org\springframework\batch\spring-batch-core\5.1.2\spring-batch-core-5.1.2.jar;C:\Users\NGNAWEN\.m2\repository\org\springframework\batch\spring-batch-infrastructure\5.1.2\spring-batch-infrastructure-5.1.2.jar;C:\Users\NGNAWEN\.m2\repository\org\springframework\retry\spring-retry\2.0.7\spring-retry-2.0.7.jar;C:\Users\NGNAWEN\.m2\repository\org\springframework\spring-aop\6.1.11\spring-aop-6.1.11.jar;C:\Users\NGNAWEN\.m2\repository\org\springframework\spring-beans\6.1.11\spring-beans-6.1.11.jar;C:\Users\NGNAWEN\.m2\repository\org\springframework\spring-context\6.1.11\spring-context-6.1.11.jar;C:\Users\NGNAWEN\.m2\repository\org\springframework\spring-tx\6.1.11\spring-tx-6.1.11.jar;C:\Users\NGNAWEN\.m2\repository\io\micrometer\micrometer-core\1.13.2\micrometer-core-1.13.2.jar;C:\Users\NGNAWEN\.m2\repository\io\micrometer\micrometer-commons\1.13.2\micrometer-commons-1.13.2.jar;C:\Users\NGNAWEN\.m2\repository\org\hdrhistogram\HdrHistogram\2.2.2\HdrHistogram-2.2.2.jar;C:\Users\NGNAWEN\.m2\repository\org\latencyutils\LatencyUtils\2.0.3\LatencyUtils-2.0.3.jar;C:\Users\NGNAWEN\.m2\repository\io\micrometer\micrometer-observation\1.13.2\micrometer-observation-1.13.2.jar;C:\Users\NGNAWEN\.m2\repository\org\springframework\boot\spring-boot-starter-data-jpa\3.3.2\spring-boot-starter-data-jpa-3.3.2.jar;C:\Users\NGNAWEN\.m2\repository\org\springframework\boot\spring-boot-starter-aop\3.3.2\spring-boot-starter-aop-3.3.2.jar;C:\Users\NGNAWEN\.m2\repository\org\aspectj\aspectjweaver\1.9.22.1\aspectjweaver-1.9.22.1.jar;C:\Users\NGNAWEN\.m2\repository\org\hibernate\orm\hibernate-core\6.5.2.Final\hibernate-core-6.5.2.Final.jar;C:\Users\NGNAWEN\.m2\repository\jakarta\persistence\jakarta.persistence-api\3.1.0\jakarta.persistence-api-3.1.0.jar;C:\Users\NGNAWEN\.m2\repository\jakarta\transaction\jakarta.transaction-api\2.0.1\jakarta.transaction-api-2.0.1.jar;C:\Users\NGNAWEN\.m2\repository\org\jboss\logging\jboss-logging\3.5.3.Final\jboss-logging-3.5.3.Final.jar;C:\Users\NGNAWEN\.m2\repository\org\hibernate\common\hibernate-commons-annotations\6.0.6.Final\hibernate-commons-annotations-6.0.6.Final.jar;C:\Users\NGNAWEN\.m2\repository\io\smallrye\jandex\3.1.2\jandex-3.1.2.jar;C:\Users\NGNAWEN\.m2\repository\com\fasterxml\classmate\1.7.0\classmate-1.7.0.jar;C:\Users\NGNAWEN\.m2\repository\net\bytebuddy\byte-buddy\1.14.18\byte-buddy-1.14.18.jar;C:\Users\NGNAWEN\.m2\repository\org\glassfish\jaxb\jaxb-runtime\4.0.5\jaxb-runtime-4.0.5.jar;C:\Users\NGNAWEN\.m2\repository\org\glassfish\jaxb\jaxb-core\4.0.5\jaxb-core-4.0.5.jar;C:\Users\NGNAWEN\.m2\repository\org\eclipse\angus\angus-activation\2.0.2\angus-activation-2.0.2.jar;C:\Users\NGNAWEN\.m2\repository\org\glassfish\jaxb\txw2\4.0.5\txw2-4.0.5.jar;C:\Users\NGNAWEN\.m2\repository\com\sun\istack\istack-commons-runtime\4.1.2\istack-commons-runtime-4.1.2.jar;C:\Users\NGNAWEN\.m2\repository\jakarta\inject\jakarta.inject-api\2.0.1\jakarta.inject-api-2.0.1.jar;C:\Users\NGNAWEN\.m2\repository\org\antlr\antlr4-runtime\4.13.0\antlr4-runtime-4.13.0.jar;C:\Users\NGNAWEN\.m2\repository\org\springframework\data\spring-data-jpa\3.3.2\spring-data-jpa-3.3.2.jar;C:\Users\NGNAWEN\.m2\repository\org\springframework\data\spring-data-commons\3.3.2\spring-data-commons-3.3.2.jar;C:\Users\NGNAWEN\.m2\repository\org\springframework\spring-orm\6.1.11\spring-orm-6.1.11.jar;C:\Users\NGNAWEN\.m2\repository\org\slf4j\slf4j-api\2.0.13\slf4j-api-2.0.13.jar;C:\Users\NGNAWEN\.m2\repository\org\springframework\spring-aspects\6.1.11\spring-aspects-6.1.11.jar;C:\Users\NGNAWEN\.m2\repository\org\springframework\boot\spring-boot-starter-web\3.3.2\spring-boot-starter-web-3.3.2.jar;C:\Users\NGNAWEN\.m2\repository\org\springframework\boot\spring-boot-starter-json\3.3.2\spring-boot-starter-json-3.3.2.jar;C:\Users\NGNAWEN\.m2\repository\com\fasterxml\jackson\datatype\jackson-datatype-jdk8\2.17.2\jackson-datatype-jdk8-2.17.2.jar;C:\Users\NGNAWEN\.m2\repository\com\fasterxml\jackson\datatype\jackson-datatype-jsr310\2.17.2\jackson-datatype-jsr310-2.17.2.jar;C:\Users\NGNAWEN\.m2\repository\com\fasterxml\jackson\module\jackson-module-parameter-names\2.17.2\jackson-module-parameter-names-2.17.2.jar;C:\Users\NGNAWEN\.m2\repository\org\springframework\boot\spring-boot-starter-tomcat\3.3.2\spring-boot-starter-tomcat-3.3.2.jar;C:\Users\NGNAWEN\.m2\repository\org\apache\tomcat\embed\tomcat-embed-core\10.1.26\tomcat-embed-core-10.1.26.jar;C:\Users\NGNAWEN\.m2\repository\org\apache\tomcat\embed\tomcat-embed-el\10.1.26\tomcat-embed-el-10.1.26.jar;C:\Users\NGNAWEN\.m2\repository\org\apache\tomcat\embed\tomcat-embed-websocket\10.1.26\tomcat-embed-websocket-10.1.26.jar;C:\Users\NGNAWEN\.m2\repository\org\springframework\spring-web\6.1.11\spring-web-6.1.11.jar;C:\Users\NGNAWEN\.m2\repository\org\springframework\spring-webmvc\6.1.11\spring-webmvc-6.1.11.jar;C:\Users\NGNAWEN\.m2\repository\org\springframework\spring-expression\6.1.11\spring-expression-6.1.11.jar;C:\Users\NGNAWEN\.m2\repository\com\mysql\mysql-connector-j\8.3.0\mysql-connector-j-8.3.0.jar;C:\Users\NGNAWEN\.m2\repository\org\projectlombok\lombok\1.18.34\lombok-1.18.34.jar;C:\Users\NGNAWEN\.m2\repository\org\springframework\boot\spring-boot-starter-test\3.3.2\spring-boot-starter-test-3.3.2.jar;C:\Users\NGNAWEN\.m2\repository\org\springframework\boot\spring-boot-test\3.3.2\spring-boot-test-3.3.2.jar;C:\Users\NGNAWEN\.m2\repository\org\springframework\boot\spring-boot-test-autoconfigure\3.3.2\spring-boot-test-autoconfigure-3.3.2.jar;C:\Users\NGNAWEN\.m2\repository\com\jayway\jsonpath\json-path\2.9.0\json-path-2.9.0.jar;C:\Users\NGNAWEN\.m2\repository\jakarta\xml\bind\jakarta.xml.bind-api\4.0.2\jakarta.xml.bind-api-4.0.2.jar;C:\Users\NGNAWEN\.m2\repository\jakarta\activation\jakarta.activation-api\2.1.3\jakarta.activation-api-2.1.3.jar;C:\Users\NGNAWEN\.m2\repository\net\minidev\json-smart\2.5.1\json-smart-2.5.1.jar;C:\Users\NGNAWEN\.m2\repository\net\minidev\accessors-smart\2.5.1\accessors-smart-2.5.1.jar;C:\Users\NGNAWEN\.m2\repository\org\ow2\asm\asm\9.6\asm-9.6.jar;C:\Users\NGNAWEN\.m2\repository\org\assertj\assertj-core\3.25.3\assertj-core-3.25.3.jar;C:\Users\NGNAWEN\.m2\repository\org\awaitility\awaitility\4.2.1\awaitility-4.2.1.jar;C:\Users\NGNAWEN\.m2\repository\org\hamcrest\hamcrest\2.2\hamcrest-2.2.jar;C:\Users\NGNAWEN\.m2\repository\org\junit\jupiter\junit-jupiter\5.10.3\junit-jupiter-5.10.3.jar;C:\Users\NGNAWEN\.m2\repository\org\junit\jupiter\junit-jupiter-api\5.10.3\junit-jupiter-api-5.10.3.jar;C:\Users\NGNAWEN\.m2\repository\org\opentest4j\opentest4j\1.3.0\opentest4j-1.3.0.jar;C:\Users\NGNAWEN\.m2\repository\org\junit\platform\junit-platform-commons\1.10.3\junit-platform-commons-1.10.3.jar;C:\Users\NGNAWEN\.m2\repository\org\apiguardian\apiguardian-api\1.1.2\apiguardian-api-1.1.2.jar;C:\Users\NGNAWEN\.m2\repository\org\junit\jupiter\junit-jupiter-params\5.10.3\junit-jupiter-params-5.10.3.jar;C:\Users\NGNAWEN\.m2\repository\org\junit\jupiter\junit-jupiter-engine\5.10.3\junit-jupiter-engine-5.10.3.jar;C:\Users\NGNAWEN\.m2\repository\org\junit\platform\junit-platform-engine\1.10.3\junit-platform-engine-1.10.3.jar;C:\Users\NGNAWEN\.m2\repository\org\mockito\mockito-core\5.11.0\mockito-core-5.11.0.jar;C:\Users\NGNAWEN\.m2\repository\net\bytebuddy\byte-buddy-agent\1.14.18\byte-buddy-agent-1.14.18.jar;C:\Users\NGNAWEN\.m2\repository\org\objenesis\objenesis\3.3\objenesis-3.3.jar;C:\Users\NGNAWEN\.m2\repository\org\mockito\mockito-junit-jupiter\5.11.0\mockito-junit-jupiter-5.11.0.jar;C:\Users\NGNAWEN\.m2\repository\org\skyscreamer\jsonassert\1.5.3\jsonassert-1.5.3.jar;C:\Users\NGNAWEN\.m2\repository\com\vaadin\external\google\android-json\0.0.20131108.vaadin1\android-json-0.0.20131108.vaadin1.jar;C:\Users\NGNAWEN\.m2\repository\org\springframework\spring-core\6.1.11\spring-core-6.1.11.jar;C:\Users\NGNAWEN\.m2\repository\org\springframework\spring-jcl\6.1.11\spring-jcl-6.1.11.jar;C:\Users\NGNAWEN\.m2\repository\org\springframework\spring-test\6.1.11\spring-test-6.1.11.jar;C:\Users\NGNAWEN\.m2\repository\org\xmlunit\xmlunit-core\2.9.1\xmlunit-core-2.9.1.jar;C:\Users\NGNAWEN\.m2\repository\org\springframework\batch\spring-batch-test\5.1.2\spring-batch-test-5.1.2.jar;C:\Users\NGNAWEN\.m2\repository\org\springframework\spring-jdbc\6.1.11\spring-jdbc-6.1.11.jar;C:\Users\NGNAWEN\.m2\repository\com\fasterxml\jackson\core\jackson-databind\2.17.2\jackson-databind-2.17.2.jar;C:\Users\NGNAWEN\.m2\repository\com\fasterxml\jackson\core\jackson-annotations\2.17.2\jackson-annotations-2.17.2.jar;C:\Users\NGNAWEN\.m2\repository\com\fasterxml\jackson\core\jackson-core\2.17.2\jackson-core-2.17.2.jar;C:\Users\NGNAWEN\.config\.cool-request\request\lib\spring-invoke-starter.jar
Launcher Type: SUN_STANDARD

[Global flags]
     intx CICompilerCount                          = 4                                         {product} {ergonomic}
     uint ConcGCThreads                            = 3                                         {product} {ergonomic}
     uint G1ConcRefinementThreads                  = 10                                        {product} {ergonomic}
   size_t G1HeapRegionSize                         = 4194304                                   {product} {ergonomic}
    uintx GCDrainStackTargetSize                   = 64                                        {product} {ergonomic}
   size_t InitialHeapSize                          = 536870912                                 {product} {ergonomic}
   size_t MarkStackSize                            = 4194304                                   {product} {ergonomic}
   size_t MaxHeapSize                              = 8531214336                                {product} {ergonomic}
   size_t MaxNewSize                               = 5117050880                                {product} {ergonomic}
   size_t MinHeapDeltaBytes                        = 4194304                                   {product} {ergonomic}
   size_t MinHeapSize                              = 8388608                                   {product} {ergonomic}
    uintx NonNMethodCodeHeapSize                   = 5839372                                {pd product} {ergonomic}
    uintx NonProfiledCodeHeapSize                  = 122909434                              {pd product} {ergonomic}
    uintx ProfiledCodeHeapSize                     = 122909434                              {pd product} {ergonomic}
    uintx ReservedCodeCacheSize                    = 251658240                              {pd product} {ergonomic}
     bool SegmentedCodeCache                       = true                                      {product} {ergonomic}
   size_t SoftMaxHeapSize                          = 8531214336                             {manageable} {ergonomic}
     bool UseCompressedOops                        = true                           {product lp64_product} {ergonomic}
     bool UseG1GC                                  = true                                      {product} {ergonomic}
     bool UseLargePagesIndividualAllocation        = false                                  {pd product} {ergonomic}

Logging:
Log output configuration:
 #0: stdout all=warning uptime,level,tags foldmultilines=false
 #1: stderr all=off uptime,level,tags foldmultilines=false

Environment Variables:
JAVA_HOME=C:\Program Files\Java\jdk-21
PATH=C:\Program Files\Microsoft SDKs\Azure\CLI2\wbin;C:\Python312\Scripts\;C:\Python312\;C:\Program Files\Java\jdk-21\bin;C:\Program Files\Common Files\Oracle\Java\javapath;C:\WINDOWS\system32;C:\WINDOWS;C:\WINDOWS\System32\Wbem;C:\WINDOWS\System32\WindowsPowerShell\v1.0\;C:\WINDOWS\System32\OpenSSH\;C:\Program Files (x86)\MySQL\MySQL Server 5.0\bin;C:\Program Files\apache-maven-3.8.1\bin;C:\TDM-GCC-32\bin;C:\ProgramData\chocolatey\bin;C:\Users\NGNAWEN\AppData\Roaming\nvm;C:\Program Files\nodejs;C:\Program Files\dotnet\;C:\Program Files (x86)\dotnet\;C:\Program Files\Kubernetes\Minikube;C:\kubectl;C:\Program Files\Docker\Docker\resources\bin;C:\kafka\bin;C:\src\flutter\bin;C:\Users\NGNAWEN\AppData\Local\Android\Sdk\platforms;C:\Users\NGNAWEN\AppData\Local\Android\Sdk\platform-tools;C:\Program Files\nodejs\;C:\openapi-generator-cli\;C:\Program Files\Microsoft\Azure Functions Core Tools\;C:\Gradle\gradle-8.9\bin;C:\Program Files (x86)\Windows Kits\10\Windows Performance Toolkit\;C:\Program Files\Microsoft SQL Server\150\Tools\Binn\;C:\Program Files\Microsoft SQL Server\Client SDK\ODBC\170\Tools\Binn\;C:\Program Files\Git\cmd;C:\Program Files\PowerShell\7\;C:\Users\NGNAWEN\scoop\shims;C:\Program Files\Java\jdk-21\bin;C:\Users\NGNAWEN\AppData\Local\Microsoft\WindowsApps;C:\Gradle\gradle-8.6\bin;C:\tools\groovy-3.0.8\bin;C:\Users\NGNAWEN\AppData\Roaming\nvm;C:\Program Files\nodejs;C:\Users\NGNAWEN\.dotnet\tools;C:\Users\NGNAWEN\AppData\Local\Microsoft\WindowsApps;C:\Users\NGNAWEN\AppData\Local\GitHubDesktop\bin;C:\Users\NGNAWEN\AppData\Local\Programs\Microsoft VS Code\bin;C:\Program Files\JetBrains\IntelliJ IDEA Community Edition 2022.2\bin;C:\Users\NGNAWEN\AppData\Local\JetBrains\Toolbox\scripts;C:\apache-jmeter-5.6.2\bin;C:\kafka\bin;C:\src\flutter\bin;C:\Users\NGNAWEN\AppData\Roaming\npm;C:\Users\NGNAWEN\.dotnet\tools
USERNAME=NGNAWEN
OS=Windows_NT
PROCESSOR_IDENTIFIER=Intel64 Family 6 Model 158 Stepping 10, GenuineIntel
TMP=C:\Users\NGNAWEN\AppData\Local\Temp
TEMP=C:\Users\NGNAWEN\AppData\Local\Temp




Periodic native trim disabled

---------------  S Y S T E M  ---------------

OS:
 Windows 11 , 64 bit Build 22621 (10.0.22621.3672)
OS uptime: 15 days 5:36 hours
Hyper-V role detected

CPU: total 12 (initial active 12) (6 cores per cpu, 2 threads per core) family 6 model 158 stepping 10 microcode 0xde, cx8, cmov, fxsr, ht, mmx, 3dnowpref, sse, sse2, sse3, ssse3, sse4.1, sse4.2, popcnt, lzcnt, tsc, tscinvbit, avx, avx2, aes, erms, clmul, bmi1, bmi2, adx, fma, vzeroupper, clflush, clflushopt, hv, rdtscp, f16c
Processor Information for processor 0
  Max Mhz: 2592, Current Mhz: 2592, Mhz Limit: 2592
Processor Information for processor 1
  Max Mhz: 2592, Current Mhz: 1495, Mhz Limit: 2592
Processor Information for processor 2
  Max Mhz: 2592, Current Mhz: 2592, Mhz Limit: 2592
Processor Information for processor 3
  Max Mhz: 2592, Current Mhz: 1495, Mhz Limit: 2592
Processor Information for processor 4
  Max Mhz: 2592, Current Mhz: 2592, Mhz Limit: 2592
Processor Information for processor 5
  Max Mhz: 2592, Current Mhz: 1495, Mhz Limit: 2592
Processor Information for processor 6
  Max Mhz: 2592, Current Mhz: 2592, Mhz Limit: 2592
Processor Information for processor 7
  Max Mhz: 2592, Current Mhz: 2592, Mhz Limit: 2592
Processor Information for processor 8
  Max Mhz: 2592, Current Mhz: 2592, Mhz Limit: 2592
Processor Information for processor 9
  Max Mhz: 2592, Current Mhz: 1495, Mhz Limit: 2592
Processor Information for processor 10
  Max Mhz: 2592, Current Mhz: 1495, Mhz Limit: 2592
Processor Information for processor 11
  Max Mhz: 2592, Current Mhz: 1495, Mhz Limit: 2592

Memory: 4k page, system-wide physical 32535M (10153M free)
TotalPageFile size 35535M (AvailPageFile size 5M)
current process WorkingSet (physical memory assigned to process): 74M, peak: 74M
current process commit charge ("private bytes"): 621M, peak: 621M

vm_info: Java HotSpot(TM) 64-Bit Server VM (21.0.1+12-LTS-29) for windows-amd64 JRE (21.0.1+12-LTS-29), built on 2023-10-05T13:27:09Z by "mach5one" with MS VC++ 17.1 (VS2022)

END.
