#
# There is insufficient memory for the Java Runtime Environment to continue.
# Native memory allocation (malloc) failed to allocate 2437616 bytes for Chunk::new
# Possible reasons:
#   The system is out of physical RAM or swap space
#   The process is running with CompressedOops enabled, and the Java Heap may be blocking the growth of the native heap
# Possible solutions:
#   Reduce memory load on the system
#   Increase physical memory or swap space
#   Check if swap backing store is full
#   Decrease Java heap size (-Xmx/-Xms)
#   Decrease number of Java threads
#   Decrease Java thread stack sizes (-Xss)
#   Set larger code cache with -XX:ReservedCodeCacheSize=
#   JVM is running with Zero Based Compressed Oops mode in which the Java heap is
#     placed in the first 32GB address space. The Java Heap base address is the
#     maximum limit for the native heap growth. Please use -XX:HeapBaseMinAddress
#     to set the Java Heap base and to place the Java Heap above 32GB virtual address.
# This output file may be truncated or incomplete.
#
#  Out of Memory Error (arena.cpp:168), pid=15628, tid=36680
#
# JRE version: Java(TM) SE Runtime Environment (21.0.1+12) (build 21.0.1+12-LTS-29)
# Java VM: Java HotSpot(TM) 64-Bit Server VM (21.0.1+12-LTS-29, mixed mode, sharing, tiered, compressed oops, compressed class ptrs, g1 gc, windows-amd64)
# No core dump will be written. Minidumps are not enabled by default on client versions of Windows
#

---------------  S U M M A R Y ------------

Command Line: -agentlib:jdwp=transport=dt_socket,address=127.0.0.1:56227,suspend=y,server=n -ea -Didea.test.cyclic.buffer.size=1048576 -Dhxl.spring.invoke.port=33339 -javaagent:C:\Users\NGNAWEN\AppData\Local\JetBrains\IdeaIC2024.1\captureAgent\debugger-agent.jar -Dfile.encoding=UTF-8 -Dsun.stdout.encoding=UTF-8 -Dsun.stderr.encoding=UTF-8 com.intellij.rt.junit.JUnitStarter -ideVersion5 -junit5 cm.belrose.config.processor.InvoiceResourceItemProcessorTest

Host: Intel(R) Core(TM) i7-9750H CPU @ 2.60GHz, 12 cores, 31G,  Windows 11 , 64 bit Build 22621 (10.0.22621.3672)
Time: Wed Jul 31 12:39:05 2024 Eastern Daylight Time elapsed time: 15.881408 seconds (0d 0h 0m 15s)

---------------  T H R E A D  ---------------

Current thread (0x00000273ef8fabb0):  JavaThread "C2 CompilerThread2" daemon [_thread_in_native, id=36680, stack(0x0000009966500000,0x0000009966600000) (1024K)]


Current CompileTask:
C2:  15881 5215       4       org.springframework.beans.factory.support.AbstractBeanFactory::isTypeMatch (745 bytes)

Stack: [0x0000009966500000,0x0000009966600000]
Native frames: (J=compiled Java code, j=interpreted, Vv=VM code, C=native code)
V  [jvm.dll+0x6c9029]
V  [jvm.dll+0x854b81]
V  [jvm.dll+0x856e5e]
V  [jvm.dll+0x857543]
V  [jvm.dll+0x280c06]
V  [jvm.dll+0xc3ead]
V  [jvm.dll+0xc43c3]
V  [jvm.dll+0x3b576c]
V  [jvm.dll+0x1e1ec3]
V  [jvm.dll+0x249c22]
V  [jvm.dll+0x2490b1]
V  [jvm.dll+0x1c9ca1]
V  [jvm.dll+0x2586b9]
V  [jvm.dll+0x256c9a]
V  [jvm.dll+0x3ef1b6]
V  [jvm.dll+0x7fd728]
V  [jvm.dll+0x6c777d]
C  [ucrtbase.dll+0x29333]
C  [KERNEL32.DLL+0x1257d]
C  [ntdll.dll+0x5af28]


---------------  P R O C E S S  ---------------

Threads class SMR info:
_java_thread_list=0x00000273f4df8f60, length=40, elements={
0x00000273c3a7f620, 0x00000273e76e0530, 0x00000273e76e1450, 0x00000273e76e3d80,
0x00000273e76e7930, 0x00000273e76e87b0, 0x00000273e76eb0c0, 0x00000273e76ec0d0,
0x00000273e76f4b80, 0x00000273ea32dde0, 0x00000273ea40f860, 0x00000273ea410510,
0x00000273ea47eae0, 0x00000273ea49ecf0, 0x00000273ea51a560, 0x00000273ef8fabb0,
0x00000273f2744e10, 0x00000273ef60e170, 0x00000273f4968b00, 0x00000273f20f8460,
0x00000273f20f9180, 0x00000273f54171c0, 0x00000273f5417850, 0x00000273f541c080,
0x00000273f5418c00, 0x00000273f5416b30, 0x00000273f541d430, 0x00000273f541c710,
0x00000273f541cda0, 0x00000273f541dac0, 0x00000273f5418570, 0x00000273f5419290,
0x00000273f5417ee0, 0x00000273f5419fb0, 0x00000273f541e150, 0x00000273f541a640,
0x00000273f541acd0, 0x00000273f541b360, 0x00000273f541b9f0, 0x00000273f4ff8290
}

Java Threads: ( => current thread )
  0x00000273c3a7f620 JavaThread "main"                              [_thread_in_native, id=37840, stack(0x0000009964600000,0x0000009964700000) (1024K)]
  0x00000273e76e0530 JavaThread "Reference Handler"          daemon [_thread_blocked, id=39200, stack(0x0000009964e00000,0x0000009964f00000) (1024K)]
  0x00000273e76e1450 JavaThread "Finalizer"                  daemon [_thread_blocked, id=32020, stack(0x0000009964f00000,0x0000009965000000) (1024K)]
  0x00000273e76e3d80 JavaThread "Signal Dispatcher"          daemon [_thread_blocked, id=29392, stack(0x0000009965000000,0x0000009965100000) (1024K)]
  0x00000273e76e7930 JavaThread "Attach Listener"            daemon [_thread_blocked, id=17324, stack(0x0000009965100000,0x0000009965200000) (1024K)]
  0x00000273e76e87b0 JavaThread "Service Thread"             daemon [_thread_blocked, id=32308, stack(0x0000009965200000,0x0000009965300000) (1024K)]
  0x00000273e76eb0c0 JavaThread "Monitor Deflation Thread"   daemon [_thread_blocked, id=11300, stack(0x0000009965300000,0x0000009965400000) (1024K)]
  0x00000273e76ec0d0 JavaThread "C2 CompilerThread0"         daemon [_thread_in_native, id=17276, stack(0x0000009965400000,0x0000009965500000) (1024K)]
  0x00000273e76f4b80 JavaThread "C1 CompilerThread0"         daemon [_thread_blocked, id=19832, stack(0x0000009965500000,0x0000009965600000) (1024K)]
  0x00000273ea32dde0 JavaThread "Common-Cleaner"             daemon [_thread_blocked, id=15708, stack(0x0000009965600000,0x0000009965700000) (1024K)]
  0x00000273ea40f860 JavaThread "JDWP Transport Listener: dt_socket" daemon [_thread_blocked, id=39548, stack(0x0000009965700000,0x0000009965800000) (1024K)]
  0x00000273ea410510 JavaThread "JDWP Event Helper Thread"   daemon [_thread_blocked, id=25756, stack(0x0000009965800000,0x0000009965900000) (1024K)]
  0x00000273ea47eae0 JavaThread "JDWP Command Reader"        daemon [_thread_in_native, id=40480, stack(0x0000009965900000,0x0000009965a00000) (1024K)]
  0x00000273ea49ecf0 JavaThread "Notification Thread"        daemon [_thread_blocked, id=17552, stack(0x0000009965a00000,0x0000009965b00000) (1024K)]
  0x00000273ea51a560 JavaThread "C2 CompilerThread1"         daemon [_thread_in_native, id=8600, stack(0x0000009965b00000,0x0000009965c00000) (1024K)]
=>0x00000273ef8fabb0 JavaThread "C2 CompilerThread2"         daemon [_thread_in_native, id=36680, stack(0x0000009966500000,0x0000009966600000) (1024K)]
  0x00000273f2744e10 JavaThread "mysql-cj-abandoned-connection-cleanup" daemon [_thread_blocked, id=15416, stack(0x0000009966600000,0x0000009966700000) (1024K)]
  0x00000273ef60e170 JavaThread "HikariPool-1 housekeeper"   daemon [_thread_blocked, id=12436, stack(0x0000009966a00000,0x0000009966b00000) (1024K)]
  0x00000273f4968b00 JavaThread "scheduling-1"                      [_thread_blocked, id=26852, stack(0x0000009966c00000,0x0000009966d00000) (1024K)]
  0x00000273f20f8460 JavaThread "ForkJoinPool-1-worker-1"    daemon [_thread_blocked, id=39368, stack(0x0000009966b00000,0x0000009966c00000) (1024K)]
  0x00000273f20f9180 JavaThread "ForkJoinPool-1-worker-2"    daemon [_thread_blocked, id=32752, stack(0x0000009966d00000,0x0000009966e00000) (1024K)]
  0x00000273f54171c0 JavaThread "ForkJoinPool-1-worker-3"    daemon [_thread_blocked, id=39268, stack(0x0000009966e00000,0x0000009966f00000) (1024K)]
  0x00000273f5417850 JavaThread "ForkJoinPool-1-worker-4"    daemon [_thread_blocked, id=13796, stack(0x0000009966f00000,0x0000009967000000) (1024K)]
  0x00000273f541c080 JavaThread "ForkJoinPool-1-worker-5"    daemon [_thread_blocked, id=12624, stack(0x0000009967000000,0x0000009967100000) (1024K)]
  0x00000273f5418c00 JavaThread "ForkJoinPool-1-worker-6"    daemon [_thread_blocked, id=3548, stack(0x0000009967100000,0x0000009967200000) (1024K)]
  0x00000273f5416b30 JavaThread "ForkJoinPool-1-worker-7"    daemon [_thread_blocked, id=39228, stack(0x0000009967200000,0x0000009967300000) (1024K)]
  0x00000273f541d430 JavaThread "HikariPool-1 connection adder" daemon [_thread_blocked, id=39008, stack(0x0000009967300000,0x0000009967400000) (1024K)]
  0x00000273f541c710 JavaThread "Read-Poller"                daemon [_thread_in_native, id=39000, stack(0x0000009967400000,0x0000009967500000) (1024K)]
  0x00000273f541cda0 JavaThread "Read-Updater"               daemon [_thread_blocked, id=18484, stack(0x0000009967500000,0x0000009967600000) (1024K)]
  0x00000273f541dac0 JavaThread "Write-Poller"               daemon [_thread_in_native, id=35588, stack(0x0000009967600000,0x0000009967700000) (1024K)]
  0x00000273f5418570 JavaThread "Write-Updater"              daemon [_thread_blocked, id=39568, stack(0x0000009967700000,0x0000009967800000) (1024K)]
  0x00000273f5419290 JavaThread "VirtualThread-unparker"     daemon [_thread_blocked, id=10400, stack(0x0000009967800000,0x0000009967900000) (1024K)]
  0x00000273f5417ee0 JavaThread "ForkJoinPool-1-worker-8"    daemon [_thread_blocked, id=33432, stack(0x0000009967900000,0x0000009967a00000) (1024K)]
  0x00000273f5419fb0 JavaThread "RMI Scheduler(0)"           daemon [_thread_blocked, id=35972, stack(0x0000009967b00000,0x0000009967c00000) (1024K)]
  0x00000273f541e150 JavaThread "RMI RenewClean-[127.0.0.1:52412]" daemon [_thread_blocked, id=40376, stack(0x0000009967c00000,0x0000009967d00000) (1024K)]
  0x00000273f541a640 JavaThread "RMI GC Daemon"              daemon [_thread_blocked, id=18496, stack(0x0000009967d00000,0x0000009967e00000) (1024K)]
  0x00000273f541acd0 JavaThread "RMI TCP Accept-6667"        daemon [_thread_in_native, id=2456, stack(0x0000009967e00000,0x0000009967f00000) (1024K)]
  0x00000273f541b360 JavaThread "RMI TCP Accept-0"           daemon [_thread_in_native, id=1636, stack(0x0000009967f00000,0x0000009968000000) (1024K)]
  0x00000273f541b9f0 JavaThread "RMI Reaper"                        [_thread_blocked, id=33604, stack(0x0000009968000000,0x0000009968100000) (1024K)]
  0x00000273f4ff8290 JavaThread "pool-1-thread-1"                   [_thread_in_Java, id=29964, stack(0x0000009968100000,0x0000009968200000) (1024K)]
Total: 40

Other Threads:
  0x00000273e76c5df0 VMThread "VM Thread"                           [id=39608, stack(0x0000009964d00000,0x0000009964e00000) (1024K)]
  0x00000273ea2412c0 WatcherThread "VM Periodic Task Thread"        [id=31968, stack(0x0000009964c00000,0x0000009964d00000) (1024K)]
  0x00000273e7560a00 WorkerThread "GC Thread#0"                     [id=4760, stack(0x0000009964700000,0x0000009964800000) (1024K)]
  0x00000273eae7a400 WorkerThread "GC Thread#1"                     [id=23468, stack(0x0000009965c00000,0x0000009965d00000) (1024K)]
  0x00000273eae5be80 WorkerThread "GC Thread#2"                     [id=4244, stack(0x0000009965d00000,0x0000009965e00000) (1024K)]
  0x00000273eae5c220 WorkerThread "GC Thread#3"                     [id=21112, stack(0x0000009965e00000,0x0000009965f00000) (1024K)]
  0x00000273eae5c5c0 WorkerThread "GC Thread#4"                     [id=9580, stack(0x0000009965f00000,0x0000009966000000) (1024K)]
  0x00000273ef16ef80 WorkerThread "GC Thread#5"                     [id=20416, stack(0x0000009966000000,0x0000009966100000) (1024K)]
  0x00000273ef16ff40 WorkerThread "GC Thread#6"                     [id=38148, stack(0x0000009966100000,0x0000009966200000) (1024K)]
  0x00000273ef1702e0 WorkerThread "GC Thread#7"                     [id=9760, stack(0x0000009966200000,0x0000009966300000) (1024K)]
  0x00000273ef170680 WorkerThread "GC Thread#8"                     [id=36168, stack(0x0000009966300000,0x0000009966400000) (1024K)]
  0x00000273ef5d6940 WorkerThread "GC Thread#9"                     [id=14692, stack(0x0000009966400000,0x0000009966500000) (1024K)]
  0x00000273c3d57260 ConcurrentGCThread "G1 Main Marker"            [id=24464, stack(0x0000009964800000,0x0000009964900000) (1024K)]
  0x00000273c3d58570 WorkerThread "G1 Conc#0"                       [id=33492, stack(0x0000009964900000,0x0000009964a00000) (1024K)]
  0x00000273ef5d7420 WorkerThread "G1 Conc#1"                       [id=6356, stack(0x0000009966700000,0x0000009966800000) (1024K)]
  0x00000273ef5d77c0 WorkerThread "G1 Conc#2"                       [id=38260, stack(0x0000009966800000,0x0000009966900000) (1024K)]
  0x00000273e75f0070 ConcurrentGCThread "G1 Refine#0"               [id=12576, stack(0x0000009964a00000,0x0000009964b00000) (1024K)]
  0x00000273e75f0af0 ConcurrentGCThread "G1 Service"                [id=34608, stack(0x0000009964b00000,0x0000009964c00000) (1024K)]
Total: 18

Threads with active compile tasks:
C2 CompilerThread0    15913 5105       4       org.springframework.core.annotation.AnnotationsScanner::scan (21 bytes)
C2 CompilerThread1    15913 5097       4       org.springframework.core.annotation.TypeMappedAnnotations::scan (66 bytes)
C2 CompilerThread2    15914 5215       4       org.springframework.beans.factory.support.AbstractBeanFactory::isTypeMatch (745 bytes)
Total: 3

VM state: not at safepoint (normal execution)

VM Mutex/Monitor currently owned by a thread: None

Heap address: 0x0000000603800000, size: 8136 MB, Compressed Oops mode: Zero based, Oop shift amount: 3

CDS archive(s) mapped at: [0x0000027380000000-0x0000027380c90000-0x0000027380c90000), size 13172736, SharedBaseAddress: 0x0000027380000000, ArchiveRelocationMode: 1.
Compressed class space mapped at: 0x0000027381000000-0x00000273c1000000, reserved size: 1073741824
Narrow klass base: 0x0000027380000000, Narrow klass shift: 0, Narrow klass range: 0x100000000

GC Precious Log:
 CardTable entry size: 512
 Card Set container configuration: InlinePtr #cards 4 size 8 Array Of Cards #cards 32 size 80 Howl #buckets 8 coarsen threshold 7372 Howl Bitmap #cards 1024 size 144 coarsen threshold 921 Card regions per heap region 1 cards per card region 8192
 CPUs: 12 total, 12 available
 Memory: 32535M
 Large Page Support: Disabled
 NUMA Support: Disabled
 Compressed Oops: Enabled (Zero based)
 Heap Region Size: 4M
 Heap Min Capacity: 8M
 Heap Initial Capacity: 512M
 Heap Max Capacity: 8136M
 Pre-touch: Disabled
 Parallel Workers: 10
 Concurrent Workers: 3
 Concurrent Refinement Workers: 10
 Periodic GC: Disabled

Heap:
 garbage-first heap   total 122880K, used 49151K [0x0000000603800000, 0x0000000800000000)
  region size 4096K, 7 young (28672K), 1 survivors (4096K)
 Metaspace       used 62289K, committed 62976K, reserved 1114112K
  class space    used 8234K, committed 8576K, reserved 1048576K

Heap Regions: E=young(eden), S=young(survivor), O=old, HS=humongous(starts), HC=humongous(continues), CS=collection set, F=free, TAMS=top-at-mark-start, PB=parsable bottom
|   0|0x0000000603800000, 0x0000000603c00000, 0x0000000603c00000|100%| O|  |TAMS 0x0000000603800000| PB 0x0000000603800000| Untracked 
|   1|0x0000000603c00000, 0x0000000604000000, 0x0000000604000000|100%| O|  |TAMS 0x0000000603c00000| PB 0x0000000603c00000| Untracked 
|   2|0x0000000604000000, 0x0000000604400000, 0x0000000604400000|100%| O|  |TAMS 0x0000000604000000| PB 0x0000000604000000| Untracked 
|   3|0x0000000604400000, 0x0000000604800000, 0x0000000604800000|100%| O|  |TAMS 0x0000000604400000| PB 0x0000000604400000| Untracked 
|   4|0x0000000604800000, 0x0000000604c00000, 0x0000000604c00000|100%| O|  |TAMS 0x0000000604800000| PB 0x0000000604800000| Untracked 
|   5|0x0000000604c00000, 0x0000000605000000, 0x0000000605000000|100%| O|  |TAMS 0x0000000604c00000| PB 0x0000000604c00000| Untracked 
|   6|0x0000000605000000, 0x0000000605000000, 0x0000000605400000|  0%| F|  |TAMS 0x0000000605000000| PB 0x0000000605000000| Untracked 
|   7|0x0000000605400000, 0x00000006056d7740, 0x0000000605800000| 71%| O|Cm|TAMS 0x0000000605400000| PB 0x0000000605400000| Complete 
|   8|0x0000000605800000, 0x0000000605800000, 0x0000000605c00000|  0%| F|  |TAMS 0x0000000605800000| PB 0x0000000605800000| Untracked 
|   9|0x0000000605c00000, 0x0000000605c00000, 0x0000000606000000|  0%| F|  |TAMS 0x0000000605c00000| PB 0x0000000605c00000| Untracked 
|  10|0x0000000606000000, 0x0000000606000000, 0x0000000606400000|  0%| F|  |TAMS 0x0000000606000000| PB 0x0000000606000000| Untracked 
|  11|0x0000000606400000, 0x0000000606400000, 0x0000000606800000|  0%| F|  |TAMS 0x0000000606400000| PB 0x0000000606400000| Untracked 
|  12|0x0000000606800000, 0x0000000606800000, 0x0000000606c00000|  0%| F|  |TAMS 0x0000000606800000| PB 0x0000000606800000| Untracked 
|  13|0x0000000606c00000, 0x0000000606c00000, 0x0000000607000000|  0%| F|  |TAMS 0x0000000606c00000| PB 0x0000000606c00000| Untracked 
|  14|0x0000000607000000, 0x0000000607000000, 0x0000000607400000|  0%| F|  |TAMS 0x0000000607000000| PB 0x0000000607000000| Untracked 
|  15|0x0000000607400000, 0x0000000607400000, 0x0000000607800000|  0%| F|  |TAMS 0x0000000607400000| PB 0x0000000607400000| Untracked 
|  16|0x0000000607800000, 0x0000000607800000, 0x0000000607c00000|  0%| F|  |TAMS 0x0000000607800000| PB 0x0000000607800000| Untracked 
|  17|0x0000000607c00000, 0x0000000607c00000, 0x0000000608000000|  0%| F|  |TAMS 0x0000000607c00000| PB 0x0000000607c00000| Untracked 
|  18|0x0000000608000000, 0x0000000608000000, 0x0000000608400000|  0%| F|  |TAMS 0x0000000608000000| PB 0x0000000608000000| Untracked 
|  19|0x0000000608400000, 0x0000000608400000, 0x0000000608800000|  0%| F|  |TAMS 0x0000000608400000| PB 0x0000000608400000| Untracked 
|  20|0x0000000608800000, 0x0000000608800000, 0x0000000608c00000|  0%| F|  |TAMS 0x0000000608800000| PB 0x0000000608800000| Untracked 
|  21|0x0000000608c00000, 0x0000000608c00000, 0x0000000609000000|  0%| F|  |TAMS 0x0000000608c00000| PB 0x0000000608c00000| Untracked 
|  22|0x0000000609000000, 0x0000000609000000, 0x0000000609400000|  0%| F|  |TAMS 0x0000000609000000| PB 0x0000000609000000| Untracked 
|  23|0x0000000609400000, 0x000000060971d880, 0x0000000609800000| 77%| E|  |TAMS 0x0000000609400000| PB 0x0000000609400000| Complete 
|  24|0x0000000609800000, 0x0000000609c00000, 0x0000000609c00000|100%| E|CS|TAMS 0x0000000609800000| PB 0x0000000609800000| Complete 
|  25|0x0000000609c00000, 0x000000060a000000, 0x000000060a000000|100%| E|CS|TAMS 0x0000000609c00000| PB 0x0000000609c00000| Complete 
|  26|0x000000060a000000, 0x000000060a400000, 0x000000060a400000|100%| E|CS|TAMS 0x000000060a000000| PB 0x000000060a000000| Complete 
|  27|0x000000060a400000, 0x000000060a800000, 0x000000060a800000|100%| E|CS|TAMS 0x000000060a400000| PB 0x000000060a400000| Complete 
| 110|0x000000061f000000, 0x000000061f128560, 0x000000061f400000| 28%| S|CS|TAMS 0x000000061f000000| PB 0x000000061f000000| Complete 
| 127|0x0000000623400000, 0x0000000623800000, 0x0000000623800000|100%| E|CS|TAMS 0x0000000623400000| PB 0x0000000623400000| Complete 

Card table byte_map: [0x00000273de580000,0x00000273df570000] _byte_map_base: 0x00000273db564000

Marking Bits: (CMBitMap*) 0x00000273c3d46990
 Bits: [0x00000273df570000, 0x00000273e7490000)

Polling page: 0x00000273c3d90000

Metaspace:

Usage:
  Non-class:     52.79 MB used.
      Class:      8.04 MB used.
       Both:     60.83 MB used.

Virtual space:
  Non-class space:       64.00 MB reserved,      53.12 MB ( 83%) committed,  1 nodes.
      Class space:        1.00 GB reserved,       8.38 MB ( <1%) committed,  1 nodes.
             Both:        1.06 GB reserved,      61.50 MB (  6%) committed. 

Chunk freelists:
   Non-Class:  10.38 MB
       Class:  7.50 MB
        Both:  17.88 MB

MaxMetaspaceSize: unlimited
CompressedClassSpaceSize: 1.00 GB
Initial GC threshold: 21.00 MB
Current GC threshold: 99.00 MB
CDS: on
 - commit_granule_bytes: 65536.
 - commit_granule_words: 8192.
 - virtual_space_node_default_size: 8388608.
 - enlarge_chunks_in_place: 1.
 - use_allocation_guard: 0.


Internal statistics:

num_allocs_failed_limit: 9.
num_arena_births: 1042.
num_arena_deaths: 0.
num_vsnodes_births: 2.
num_vsnodes_deaths: 0.
num_space_committed: 984.
num_space_uncommitted: 0.
num_chunks_returned_to_freelist: 9.
num_chunks_taken_from_freelist: 3257.
num_chunk_merges: 6.
num_chunk_splits: 2234.
num_chunks_enlarged: 1629.
num_inconsistent_stats: 0.

CodeHeap 'non-profiled nmethods': size=120000Kb used=3479Kb max_used=3553Kb free=116521Kb
 bounds [0x00000273d53e0000, 0x00000273d5770000, 0x00000273dc910000]
CodeHeap 'profiled nmethods': size=120000Kb used=9877Kb max_used=10315Kb free=110122Kb
 bounds [0x00000273cd910000, 0x00000273ce330000, 0x00000273d4e40000]
CodeHeap 'non-nmethods': size=5760Kb used=1701Kb max_used=1804Kb free=4058Kb
 bounds [0x00000273d4e40000, 0x00000273d50b0000, 0x00000273d53e0000]
 total_blobs=5694 nmethods=5014 adapters=583
 compilation: enabled
              stopped_count=0, restarted_count=0
 full_count=0

Compilation events (20 events):
Event: 15.785 Thread 0x00000273e76f4b80 5661   !   2       sun.net.www.protocol.jar.JarFileFactory::getConnection (40 bytes)
Event: 15.786 Thread 0x00000273e76f4b80 nmethod 5661 0x00000273cddee510 code [0x00000273cddee700, 0x00000273cddeea68]
Event: 15.787 Thread 0x00000273e76f4b80 5658       2       java.util.WeakHashMap::<init> (124 bytes)
Event: 15.788 Thread 0x00000273e76f4b80 nmethod 5658 0x00000273cddfc190 code [0x00000273cddfc440, 0x00000273cddfd0c8]
Event: 15.789 Thread 0x00000273e76f4b80 5659       2       java.util.WeakHashMap::newTable (5 bytes)
Event: 15.789 Thread 0x00000273e76f4b80 nmethod 5659 0x00000273cddee110 code [0x00000273cddee2a0, 0x00000273cddee440]
Event: 15.802 Thread 0x00000273e76f4b80 5663       2       java.util.Formatter$Flags::contains (13 bytes)
Event: 15.802 Thread 0x00000273e76f4b80 nmethod 5663 0x00000273cda06490 code [0x00000273cda06620, 0x00000273cda06720]
Event: 15.802 Thread 0x00000273e76f4b80 5664       1       java.util.Formatter$FormatSpecifier::index (5 bytes)
Event: 15.802 Thread 0x00000273e76f4b80 nmethod 5664 0x00000273d5518210 code [0x00000273d55183a0, 0x00000273d5518468]
Event: 15.803 Thread 0x00000273e76f4b80 5665       2       java.nio.CharBuffer::position (8 bytes)
Event: 15.803 Thread 0x00000273e76f4b80 nmethod 5665 0x00000273cddedd90 code [0x00000273cddedf40, 0x00000273cddee080]
Event: 15.804 Thread 0x00000273e76f4b80 5666  s    2       java.lang.invoke.MethodTypeForm::setCachedLambdaForm (44 bytes)
Event: 15.804 Thread 0x00000273e76f4b80 nmethod 5666 0x00000273ce03af90 code [0x00000273ce03b160, 0x00000273ce03b700]
Event: 15.808 Thread 0x00000273e76f4b80 5667   !   2       jdk.internal.loader.Resource::getBytes (244 bytes)
Event: 15.810 Thread 0x00000273e76f4b80 nmethod 5667 0x00000273cde5fe90 code [0x00000273cde60140, 0x00000273cde60ca8]
Event: 15.820 Thread 0x00000273e76f4b80 5668       3       java.util.Collections$SetFromMap::add (22 bytes)
Event: 15.821 Thread 0x00000273e76f4b80 nmethod 5668 0x00000273ce03aa90 code [0x00000273ce03ac40, 0x00000273ce03ae98]
Event: 15.832 Thread 0x00000273e76f4b80 5669       3       java.lang.AbstractStringBuilder::append (45 bytes)
Event: 15.833 Thread 0x00000273e76f4b80 nmethod 5669 0x00000273ce13af90 code [0x00000273ce13b1a0, 0x00000273ce13b6f8]

GC Heap History (20 events):
Event: 1.890 GC heap before
{Heap before GC invocations=1 (full 0):
 garbage-first heap   total 524288K, used 27069K [0x0000000603800000, 0x0000000800000000)
  region size 4096K, 6 young (24576K), 1 survivors (4096K)
 Metaspace       used 8955K, committed 9216K, reserved 1114112K
  class space    used 1094K, committed 1216K, reserved 1048576K
}
Event: 1.895 GC heap after
{Heap after GC invocations=2 (full 0):
 garbage-first heap   total 524288K, used 8404K [0x0000000603800000, 0x0000000800000000)
  region size 4096K, 1 young (4096K), 1 survivors (4096K)
 Metaspace       used 8955K, committed 9216K, reserved 1114112K
  class space    used 1094K, committed 1216K, reserved 1048576K
}
Event: 4.283 GC heap before
{Heap before GC invocations=2 (full 0):
 garbage-first heap   total 524288K, used 65748K [0x0000000603800000, 0x0000000800000000)
  region size 4096K, 16 young (65536K), 1 survivors (4096K)
 Metaspace       used 21261K, committed 21504K, reserved 1114112K
  class space    used 2694K, committed 2816K, reserved 1048576K
}
Event: 4.291 GC heap after
{Heap after GC invocations=3 (full 0):
 garbage-first heap   total 524288K, used 12439K [0x0000000603800000, 0x0000000800000000)
  region size 4096K, 2 young (8192K), 2 survivors (8192K)
 Metaspace       used 21261K, committed 21504K, reserved 1114112K
  class space    used 2694K, committed 2816K, reserved 1048576K
}
Event: 5.664 GC heap before
{Heap before GC invocations=4 (full 0):
 garbage-first heap   total 69632K, used 45207K [0x0000000603800000, 0x0000000800000000)
  region size 4096K, 10 young (40960K), 2 survivors (8192K)
 Metaspace       used 25054K, committed 25408K, reserved 1114112K
  class space    used 3188K, committed 3328K, reserved 1048576K
}
Event: 5.671 GC heap after
{Heap after GC invocations=5 (full 0):
 garbage-first heap   total 69632K, used 15146K [0x0000000603800000, 0x0000000800000000)
  region size 4096K, 2 young (8192K), 2 survivors (8192K)
 Metaspace       used 25054K, committed 25408K, reserved 1114112K
  class space    used 3188K, committed 3328K, reserved 1048576K
}
Event: 7.529 GC heap before
{Heap before GC invocations=5 (full 0):
 garbage-first heap   total 69632K, used 47914K [0x0000000603800000, 0x0000000800000000)
  region size 4096K, 10 young (40960K), 2 survivors (8192K)
 Metaspace       used 30830K, committed 31296K, reserved 1114112K
  class space    used 3904K, committed 4096K, reserved 1048576K
}
Event: 7.540 GC heap after
{Heap after GC invocations=6 (full 0):
 garbage-first heap   total 69632K, used 18255K [0x0000000603800000, 0x0000000800000000)
  region size 4096K, 2 young (8192K), 2 survivors (8192K)
 Metaspace       used 30830K, committed 31296K, reserved 1114112K
  class space    used 3904K, committed 4096K, reserved 1048576K
}
Event: 8.412 GC heap before
{Heap before GC invocations=6 (full 0):
 garbage-first heap   total 69632K, used 26447K [0x0000000603800000, 0x0000000800000000)
  region size 4096K, 5 young (20480K), 2 survivors (8192K)
 Metaspace       used 35888K, committed 36288K, reserved 1114112K
  class space    used 4495K, committed 4672K, reserved 1048576K
}
Event: 8.424 GC heap after
{Heap after GC invocations=7 (full 0):
 garbage-first heap   total 69632K, used 19139K [0x0000000603800000, 0x0000000800000000)
  region size 4096K, 1 young (4096K), 1 survivors (4096K)
 Metaspace       used 35888K, committed 36288K, reserved 1114112K
  class space    used 4495K, committed 4672K, reserved 1048576K
}
Event: 10.680 GC heap before
{Heap before GC invocations=8 (full 0):
 garbage-first heap   total 69632K, used 51907K [0x0000000603800000, 0x0000000800000000)
  region size 4096K, 9 young (36864K), 1 survivors (4096K)
 Metaspace       used 42626K, committed 43136K, reserved 1114112K
  class space    used 5466K, committed 5696K, reserved 1048576K
}
Event: 10.689 GC heap after
{Heap after GC invocations=9 (full 0):
 garbage-first heap   total 69632K, used 20823K [0x0000000603800000, 0x0000000800000000)
  region size 4096K, 2 young (8192K), 2 survivors (8192K)
 Metaspace       used 42626K, committed 43136K, reserved 1114112K
  class space    used 5466K, committed 5696K, reserved 1048576K
}
Event: 11.715 GC heap before
{Heap before GC invocations=9 (full 0):
 garbage-first heap   total 69632K, used 53591K [0x0000000603800000, 0x0000000800000000)
  region size 4096K, 10 young (40960K), 2 survivors (8192K)
 Metaspace       used 50526K, committed 51072K, reserved 1114112K
  class space    used 6657K, committed 6912K, reserved 1048576K
}
Event: 11.726 GC heap after
{Heap after GC invocations=10 (full 0):
 garbage-first heap   total 69632K, used 22516K [0x0000000603800000, 0x0000000800000000)
  region size 4096K, 2 young (8192K), 2 survivors (8192K)
 Metaspace       used 50526K, committed 51072K, reserved 1114112K
  class space    used 6657K, committed 6912K, reserved 1048576K
}
Event: 13.425 GC heap before
{Heap before GC invocations=10 (full 0):
 garbage-first heap   total 69632K, used 51188K [0x0000000603800000, 0x0000000800000000)
  region size 4096K, 9 young (36864K), 2 survivors (8192K)
 Metaspace       used 54839K, committed 55424K, reserved 1114112K
  class space    used 7248K, committed 7488K, reserved 1048576K
}
Event: 13.439 GC heap after
{Heap after GC invocations=11 (full 0):
 garbage-first heap   total 69632K, used 25063K [0x0000000603800000, 0x0000000800000000)
  region size 4096K, 2 young (8192K), 2 survivors (8192K)
 Metaspace       used 54839K, committed 55424K, reserved 1114112K
  class space    used 7248K, committed 7488K, reserved 1048576K
}
Event: 14.388 GC heap before
{Heap before GC invocations=11 (full 0):
 garbage-first heap   total 69632K, used 53735K [0x0000000603800000, 0x0000000800000000)
  region size 4096K, 9 young (36864K), 2 survivors (8192K)
 Metaspace       used 58043K, committed 58624K, reserved 1114112K
  class space    used 7663K, committed 7936K, reserved 1048576K
}
Event: 14.404 GC heap after
{Heap after GC invocations=12 (full 0):
 garbage-first heap   total 69632K, used 27728K [0x0000000603800000, 0x0000000800000000)
  region size 4096K, 2 young (8192K), 2 survivors (8192K)
 Metaspace       used 58043K, committed 58624K, reserved 1114112K
  class space    used 7663K, committed 7936K, reserved 1048576K
}
Event: 14.933 GC heap before
{Heap before GC invocations=12 (full 0):
 garbage-first heap   total 69632K, used 31824K [0x0000000603800000, 0x0000000800000000)
  region size 4096K, 4 young (16384K), 2 survivors (8192K)
 Metaspace       used 60059K, committed 60608K, reserved 1114112K
  class space    used 7873K, committed 8128K, reserved 1048576K
}
Event: 14.942 GC heap after
{Heap after GC invocations=13 (full 0):
 garbage-first heap   total 299008K, used 28671K [0x0000000603800000, 0x0000000800000000)
  region size 4096K, 1 young (4096K), 1 survivors (4096K)
 Metaspace       used 60059K, committed 60608K, reserved 1114112K
  class space    used 7873K, committed 8128K, reserved 1048576K
}

Dll operation events (14 events):
Event: 0.014 Loaded shared library C:\Program Files\Java\jdk-21\bin\java.dll
Event: 0.016 Loaded shared library C:\Program Files\Java\jdk-21\bin\zip.dll
Event: 0.066 Loaded shared library C:\Program Files\Java\jdk-21\bin\jsvml.dll
Event: 0.238 Loaded shared library C:\Program Files\Java\jdk-21\bin\instrument.dll
Event: 0.275 Loaded shared library C:\Program Files\Java\jdk-21\bin\net.dll
Event: 0.276 Loaded shared library C:\Program Files\Java\jdk-21\bin\nio.dll
Event: 0.285 Loaded shared library C:\Program Files\Java\jdk-21\bin\zip.dll
Event: 0.528 Loaded shared library C:\Program Files\Java\jdk-21\bin\jimage.dll
Event: 4.483 Loaded shared library C:\Program Files\Java\jdk-21\bin\sunmscapi.dll
Event: 7.544 Loaded shared library C:\Program Files\Java\jdk-21\bin\extnet.dll
Event: 10.353 Loaded shared library C:\Program Files\Java\jdk-21\bin\verify.dll
Event: 14.432 Loaded shared library C:\Program Files\Java\jdk-21\bin\management.dll
Event: 14.438 Loaded shared library C:\Program Files\Java\jdk-21\bin\management_ext.dll
Event: 15.639 Loaded shared library C:\Program Files\Java\jdk-21\bin\rmi.dll

Deoptimization events (20 events):
Event: 15.752 Thread 0x00000273f5419920 DEOPT PACKING pc=0x00000273d5655164 sp=0x0000009967afe180
Event: 15.752 Thread 0x00000273f5419920 DEOPT UNPACKING pc=0x00000273d4e946a2 sp=0x0000009967afe0d8 mode 2
Event: 15.772 Thread 0x00000273f5419920 Uncommon trap: trap_request=0xffffff45 fr.pc=0x00000273d5652490 relative=0x0000000000000cb0
Event: 15.772 Thread 0x00000273f5419920 Uncommon trap: reason=unstable_if action=reinterpret pc=0x00000273d5652490 method=java.util.WeakHashMap.expungeStaleEntries()V @ 9 c2
Event: 15.772 Thread 0x00000273f5419920 DEOPT PACKING pc=0x00000273d5652490 sp=0x0000009967afe100
Event: 15.772 Thread 0x00000273f5419920 DEOPT UNPACKING pc=0x00000273d4e946a2 sp=0x0000009967afdf70 mode 2
Event: 15.800 Thread 0x00000273f5419920 DEOPT PACKING pc=0x00000273d55864d0 sp=0x0000009967afe600
Event: 15.800 Thread 0x00000273f5419920 DEOPT UNPACKING pc=0x00000273d4e94e42 sp=0x0000009967afda10 mode 1
Event: 15.802 Thread 0x00000273f5419920 Uncommon trap: trap_request=0xffffff45 fr.pc=0x00000273d56424a8 relative=0x0000000000000348
Event: 15.802 Thread 0x00000273f5419920 Uncommon trap: reason=unstable_if action=reinterpret pc=0x00000273d56424a8 method=java.lang.String.getBytes([BIB)V @ 5 c2
Event: 15.803 Thread 0x00000273f5419920 DEOPT PACKING pc=0x00000273d56424a8 sp=0x0000009967afe960
Event: 15.803 Thread 0x00000273f5419920 DEOPT UNPACKING pc=0x00000273d4e946a2 sp=0x0000009967afe858 mode 2
Event: 15.803 Thread 0x00000273f5419920 Uncommon trap: trap_request=0xffffff45 fr.pc=0x00000273d54131a8 relative=0x0000000000000108
Event: 15.803 Thread 0x00000273f5419920 Uncommon trap: reason=unstable_if action=reinterpret pc=0x00000273d54131a8 method=java.lang.String.getBytes([BIB)V @ 5 c2
Event: 15.803 Thread 0x00000273f5419920 DEOPT PACKING pc=0x00000273d54131a8 sp=0x0000009967afe9e0
Event: 15.803 Thread 0x00000273f5419920 DEOPT UNPACKING pc=0x00000273d4e946a2 sp=0x0000009967afe998 mode 2
Event: 15.831 Thread 0x00000273f5419920 DEOPT PACKING pc=0x00000273d55864d0 sp=0x0000009967afeeb0
Event: 15.831 Thread 0x00000273f5419920 DEOPT UNPACKING pc=0x00000273d4e94e42 sp=0x0000009967afe2c0 mode 1
Event: 15.832 Thread 0x00000273f5419920 DEOPT PACKING pc=0x00000273cded00cc sp=0x0000009967afede0
Event: 15.832 Thread 0x00000273f5419920 DEOPT UNPACKING pc=0x00000273d4e94e42 sp=0x0000009967afe348 mode 1

Classes loaded (20 events):
Event: 15.840 Loading class com/cool/request/starter/lib/net/commons/beanutils/converters/LongConverter
Event: 15.840 Loading class com/cool/request/starter/lib/net/commons/beanutils/converters/LongConverter done
Event: 15.840 Loading class com/cool/request/starter/lib/net/commons/beanutils/converters/ShortConverter
Event: 15.840 Loading class com/cool/request/starter/lib/net/commons/beanutils/converters/ShortConverter done
Event: 15.841 Loading class com/cool/request/starter/lib/net/commons/beanutils/converters/BigDecimalConverter
Event: 15.841 Loading class com/cool/request/starter/lib/net/commons/beanutils/converters/BigDecimalConverter done
Event: 15.842 Loading class com/cool/request/starter/lib/net/commons/beanutils/converters/BigIntegerConverter
Event: 15.842 Loading class com/cool/request/starter/lib/net/commons/beanutils/converters/BigIntegerConverter done
Event: 15.843 Loading class com/cool/request/starter/lib/net/commons/beanutils/converters/StringConverter
Event: 15.843 Loading class com/cool/request/starter/lib/net/commons/beanutils/converters/StringConverter done
Event: 15.846 Loading class com/cool/request/starter/lib/net/commons/beanutils/converters/ClassConverter
Event: 15.846 Loading class com/cool/request/starter/lib/net/commons/beanutils/converters/ClassConverter done
Event: 15.849 Loading class com/cool/request/starter/lib/net/commons/beanutils/converters/DateConverter
Event: 15.849 Loading class com/cool/request/starter/lib/net/commons/beanutils/converters/DateConverter done
Event: 15.850 Loading class com/cool/request/starter/lib/net/commons/beanutils/converters/DateTimeConverter
Event: 15.850 Loading class com/cool/request/starter/lib/net/commons/beanutils/converters/DateTimeConverter done
Event: 15.859 Loading class com/cool/request/starter/lib/net/commons/beanutils/converters/CalendarConverter
Event: 15.859 Loading class com/cool/request/starter/lib/net/commons/beanutils/converters/CalendarConverter done
Event: 15.861 Loading class com/cool/request/starter/lib/net/commons/beanutils/converters/FileConverter
Event: 15.861 Loading class com/cool/request/starter/lib/net/commons/beanutils/converters/FileConverter done

Classes unloaded (0 events):
No events

Classes redefined (0 events):
No events

Internal exceptions (20 events):
Event: 15.008 Thread 0x00000273c3a7f620 Exception <a 'java/lang/NoSuchMethodError'{0x0000000623473e90}: 'long java.lang.invoke.DirectMethodHandle$Holder.invokeInterface(java.lang.Object, java.lang.Object, java.lang.Object, java.lang.Object)'> (0x0000000623473e90) 
thrown [s\open\src\hotspot\share\interpreter\linkResolver.cpp, line 773]
Event: 15.154 Thread 0x00000273c3a7f620 Exception <a 'java/lang/NoSuchMethodError'{0x0000000623517fd8}: 'long java.lang.invoke.DirectMethodHandle$Holder.invokeStatic(java.lang.Object, int)'> (0x0000000623517fd8) 
thrown [s\open\src\hotspot\share\interpreter\linkResolver.cpp, line 773]
Event: 15.156 Thread 0x00000273c3a7f620 Exception <a 'java/lang/NoSuchMethodError'{0x000000062351f870}: 'long java.lang.invoke.DelegatingMethodHandle$Holder.reinvoke_L(java.lang.Object, java.lang.Object, java.lang.Object, long)'> (0x000000062351f870) 
thrown [s\open\src\hotspot\share\interpreter\linkResolver.cpp, line 773]
Event: 15.255 Thread 0x00000273f54171c0 Exception <a 'java/lang/NoSuchMethodError'{0x000000062377c128}: 'java.lang.Object java.lang.invoke.Invokers$Holder.invoke_MT(java.lang.Object, java.lang.Object, java.lang.Object, java.lang.Object, java.lang.Object, java.lang.Object, java.lang.Object, java.lang.Object, java.lang.Object)'> (0x000000062377c128) 
thrown [s\open\src\hotspot\share\interpreter\linkResolver.cpp, line 773]
Event: 15.255 Thread 0x00000273f20f8460 Exception <a 'java/lang/NoSuchMethodError'{0x00000006235d5250}: 'java.lang.Object java.lang.invoke.Invokers$Holder.invoke_MT(java.lang.Object, java.lang.Object, java.lang.Object, java.lang.Object, java.lang.Object, java.lang.Object, java.lang.Object, java.lang.Object, java.lang.Object)'> (0x00000006235d5250) 
thrown [s\open\src\hotspot\share\interpreter\linkResolver.cpp, line 773]
Event: 15.255 Thread 0x00000273f20f9180 Exception <a 'java/lang/NoSuchMethodError'{0x00000006236985a0}: 'java.lang.Object java.lang.invoke.Invokers$Holder.invoke_MT(java.lang.Object, java.lang.Object, java.lang.Object, java.lang.Object, java.lang.Object, java.lang.Object, java.lang.Object, java.lang.Object, java.lang.Object)'> (0x00000006236985a0) 
thrown [s\open\src\hotspot\share\interpreter\linkResolver.cpp, line 773]
Event: 15.255 Thread 0x00000273f5417ee0 Exception <a 'java/lang/NoSuchMethodError'{0x000000060a287678}: 'java.lang.Object java.lang.invoke.Invokers$Holder.invoke_MT(java.lang.Object, java.lang.Object, java.lang.Object, java.lang.Object, java.lang.Object, java.lang.Object, java.lang.Object, java.lang.Object, java.lang.Object)'> (0x000000060a287678) 
thrown [s\open\src\hotspot\share\interpreter\linkResolver.cpp, line 773]
Event: 15.653 Thread 0x00000273f5419920 Exception <a 'java/lang/NoSuchMethodError'{0x0000000609db6df8}: static [Ljava/rmi/server/ObjID;.<clinit>()V> (0x0000000609db6df8) 
thrown [s\open\src\hotspot\share\prims\jni.cpp, line 1106]
Event: 15.661 Thread 0x00000273f5419920 Exception <a 'java/lang/NoSuchMethodError'{0x0000000609dd2630}: static [B.<clinit>()V> (0x0000000609dd2630) 
thrown [s\open\src\hotspot\share\prims\jni.cpp, line 1106]
Event: 15.668 Thread 0x00000273f541e150 Exception <a 'java/lang/NoSuchMethodError'{0x0000000609dec1b8}: 'java.lang.Object java.lang.invoke.DirectMethodHandle$Holder.invokeSpecial(java.lang.Object, java.lang.Object, int, java.lang.Object, long)'> (0x0000000609dec1b8) 
thrown [s\open\src\hotspot\share\interpreter\linkResolver.cpp, line 773]
Event: 15.671 Thread 0x00000273f541e150 Exception <a 'java/lang/NoSuchMethodError'{0x0000000609df2d80}: 'java.lang.Object java.lang.invoke.DirectMethodHandle$Holder.newInvokeSpecial(java.lang.Object, java.lang.Object, int, java.lang.Object, long)'> (0x0000000609df2d80) 
thrown [s\open\src\hotspot\share\interpreter\linkResolver.cpp, line 773]
Event: 15.679 Thread 0x00000273c3a7f620 Exception <a 'java/lang/NoSuchMethodError'{0x0000000609ede5a8}: method resolution failed> (0x0000000609ede5a8) 
thrown [s\open\src\hotspot\share\prims\methodHandles.cpp, line 1144]
Event: 15.690 Thread 0x00000273f5419920 Exception <a 'java/net/BindException'{0x0000000609f44ac8}: Address already in use: bind> (0x0000000609f44ac8) 
thrown [s\open\src\hotspot\share\prims\jni.cpp, line 539]
Event: 15.713 Thread 0x00000273c3a7f620 Exception <a 'java/lang/NoSuchMethodError'{0x0000000609f1b7e0}: 'long java.lang.invoke.DelegatingMethodHandle$Holder.reinvoke_L(java.lang.Object, java.lang.Object)'> (0x0000000609f1b7e0) 
thrown [s\open\src\hotspot\share\interpreter\linkResolver.cpp, line 773]
Event: 15.745 Thread 0x00000273c3a7f620 Exception <a 'java/lang/NoSuchMethodError'{0x0000000609ffe1f8}: 'void java.lang.invoke.DirectMethodHandle$Holder.invokeStatic(java.lang.Object, long)'> (0x0000000609ffe1f8) 
thrown [s\open\src\hotspot\share\interpreter\linkResolver.cpp, line 773]
Event: 15.788 Thread 0x00000273f5419920 Exception <a 'sun/nio/fs/WindowsException'{0x00000006094bec00}> (0x00000006094bec00) 
thrown [s\open\src\hotspot\share\prims\jni.cpp, line 520]
Event: 15.800 Thread 0x00000273f5419920 Exception <a 'java/lang/ClassNotFoundException'{0x00000006094dfbd8}: sun/util/logging/resources/spi/loggingProvider> (0x00000006094dfbd8) 
thrown [s\open\src\hotspot\share\classfile\systemDictionary.cpp, line 312]
Event: 15.803 Thread 0x00000273f5419920 Exception <a 'java/lang/NoSuchMethodError'{0x00000006094ecc60}: 'int java.lang.invoke.Invokers$Holder.invoke_MT(java.lang.Object, java.lang.Object, java.lang.Object)'> (0x00000006094ecc60) 
thrown [s\open\src\hotspot\share\interpreter\linkResolver.cpp, line 773]
Event: 15.825 Thread 0x00000273f5419920 Exception <a 'java/lang/ClassCastException'{0x00000006095a6040}: class org.apache.commons.logging.LogFactoryService cannot be cast to class com.cool.request.starter.lib.net.commons.logging.LogFactory (org.apache.commons.logging.LogFactoryService and com.cool.request.starter.lib.net.commons.logging.LogFactory are in unnamed module of loader 'app')> (0x00000006095a6040) 
thrown [s\open\src\hotspot\share\interpreter\interpreterRuntime.cpp, line 455]
Event: 15.831 Thread 0x00000273f5419920 Exception <a 'java/lang/NoClassDefFoundError'{0x00000006095cf7b0}: org/apache/log4j/Priority> (0x00000006095cf7b0) 
thrown [s\open\src\hotspot\share\classfile\systemDictionary.cpp, line 301]

ZGC Phase Switch (0 events):
No events

VM Operations (20 events):
Event: 13.741 Executing VM operation: HandshakeAllThreads (Deoptimize)
Event: 13.742 Executing VM operation: HandshakeAllThreads (Deoptimize) done
Event: 13.840 Executing VM operation: HandshakeAllThreads (Deoptimize)
Event: 13.840 Executing VM operation: HandshakeAllThreads (Deoptimize) done
Event: 14.388 Executing VM operation: G1CollectForAllocation (G1 Evacuation Pause)
Event: 14.404 Executing VM operation: G1CollectForAllocation (G1 Evacuation Pause) done
Event: 14.922 Executing VM operation: HandshakeAllThreads (Deoptimize)
Event: 14.928 Executing VM operation: HandshakeAllThreads (Deoptimize) done
Event: 14.933 Executing VM operation: CollectForMetadataAllocation (Metadata GC Threshold)
Event: 14.942 Executing VM operation: CollectForMetadataAllocation (Metadata GC Threshold) done
Event: 14.966 Executing VM operation: G1PauseRemark
Event: 14.982 Executing VM operation: G1PauseRemark done
Event: 14.993 Executing VM operation: G1PauseCleanup
Event: 14.993 Executing VM operation: G1PauseCleanup done
Event: 15.159 Executing VM operation: HandshakeAllThreads (Deoptimize)
Event: 15.159 Executing VM operation: HandshakeAllThreads (Deoptimize) done
Event: 15.183 Executing VM operation: HandshakeAllThreads (Deoptimize)
Event: 15.183 Executing VM operation: HandshakeAllThreads (Deoptimize) done
Event: 15.815 Executing VM operation: HandshakeAllThreads (Deoptimize)
Event: 15.815 Executing VM operation: HandshakeAllThreads (Deoptimize) done

Events (20 events):
Event: 15.167 Thread 0x00000273f20f9180 Thread added: 0x00000273f20f9180
Event: 15.168 Thread 0x00000273f54171c0 Thread added: 0x00000273f54171c0
Event: 15.169 Thread 0x00000273f5417850 Thread added: 0x00000273f5417850
Event: 15.171 Thread 0x00000273f541c080 Thread added: 0x00000273f541c080
Event: 15.175 Thread 0x00000273f5418c00 Thread added: 0x00000273f5418c00
Event: 15.179 Thread 0x00000273f5416b30 Thread added: 0x00000273f5416b30
Event: 15.181 Thread 0x00000273f541d430 Thread added: 0x00000273f541d430
Event: 15.195 Thread 0x00000273f541c710 Thread added: 0x00000273f541c710
Event: 15.195 Thread 0x00000273f541cda0 Thread added: 0x00000273f541cda0
Event: 15.196 Thread 0x00000273f541dac0 Thread added: 0x00000273f541dac0
Event: 15.196 Thread 0x00000273f5418570 Thread added: 0x00000273f5418570
Event: 15.200 Thread 0x00000273f5419290 Thread added: 0x00000273f5419290
Event: 15.220 Thread 0x00000273f5417ee0 Thread added: 0x00000273f5417ee0
Event: 15.534 Thread 0x00000273f5419920 Thread added: 0x00000273f5419920
Event: 15.616 Thread 0x00000273f5419fb0 Thread added: 0x00000273f5419fb0
Event: 15.634 Thread 0x00000273f541e150 Thread added: 0x00000273f541e150
Event: 15.643 Thread 0x00000273f541a640 Thread added: 0x00000273f541a640
Event: 15.712 Thread 0x00000273f541acd0 Thread added: 0x00000273f541acd0
Event: 15.739 Thread 0x00000273f541b360 Thread added: 0x00000273f541b360
Event: 15.740 Thread 0x00000273f541b9f0 Thread added: 0x00000273f541b9f0


Dynamic libraries:
0x00007ff6330a0000 - 0x00007ff6330b0000 	C:\Program Files\Java\jdk-21\bin\java.exe
0x00007ffee8450000 - 0x00007ffee8667000 	C:\WINDOWS\SYSTEM32\ntdll.dll
0x00007ffee6960000 - 0x00007ffee6a24000 	C:\WINDOWS\System32\KERNEL32.DLL
0x00007ffee5b80000 - 0x00007ffee5f2d000 	C:\WINDOWS\System32\KERNELBASE.dll
0x00007ffee5a60000 - 0x00007ffee5b71000 	C:\WINDOWS\System32\ucrtbase.dll
0x00007ffec5be0000 - 0x00007ffec5bf9000 	C:\Program Files\Java\jdk-21\bin\jli.dll
0x00007ffec4e10000 - 0x00007ffec4e2b000 	C:\Program Files\Java\jdk-21\bin\VCRUNTIME140.dll
0x00007ffee6220000 - 0x00007ffee62d2000 	C:\WINDOWS\System32\ADVAPI32.dll
0x00007ffee6ab0000 - 0x00007ffee6b57000 	C:\WINDOWS\System32\msvcrt.dll
0x00007ffee70a0000 - 0x00007ffee7149000 	C:\WINDOWS\System32\sechost.dll
0x00007ffee5780000 - 0x00007ffee57a8000 	C:\WINDOWS\System32\bcrypt.dll
0x00007ffee74e0000 - 0x00007ffee75f4000 	C:\WINDOWS\System32\RPCRT4.dll
0x00007ffee62e0000 - 0x00007ffee648e000 	C:\WINDOWS\System32\USER32.dll
0x00007ffec7080000 - 0x00007ffec7313000 	C:\WINDOWS\WinSxS\amd64_microsoft.windows.common-controls_6595b64144ccf1df_6.0.22621.3672_none_2713b9d173822955\COMCTL32.dll
0x00007ffee5fd0000 - 0x00007ffee5ff6000 	C:\WINDOWS\System32\win32u.dll
0x00007ffee76c0000 - 0x00007ffee76e9000 	C:\WINDOWS\System32\GDI32.dll
0x00007ffee6070000 - 0x00007ffee6189000 	C:\WINDOWS\System32\gdi32full.dll
0x00007ffee5f30000 - 0x00007ffee5fca000 	C:\WINDOWS\System32\msvcp_win.dll
0x00007ffedcb40000 - 0x00007ffedcb4a000 	C:\WINDOWS\SYSTEM32\VERSION.dll
0x00007ffee6910000 - 0x00007ffee6941000 	C:\WINDOWS\System32\IMM32.DLL
0x00007ffed3cd0000 - 0x00007ffed3cdc000 	C:\Program Files\Java\jdk-21\bin\vcruntime140_1.dll
0x00007ffea26f0000 - 0x00007ffea277e000 	C:\Program Files\Java\jdk-21\bin\msvcp140.dll
0x00007ffe5a3c0000 - 0x00007ffe5b0d5000 	C:\Program Files\Java\jdk-21\bin\server\jvm.dll
0x00007ffee7700000 - 0x00007ffee7771000 	C:\WINDOWS\System32\WS2_32.dll
0x00007ffee45d0000 - 0x00007ffee461d000 	C:\WINDOWS\SYSTEM32\POWRPROF.dll
0x00007ffece410000 - 0x00007ffece444000 	C:\WINDOWS\SYSTEM32\WINMM.dll
0x00007ffee45b0000 - 0x00007ffee45c3000 	C:\WINDOWS\SYSTEM32\UMPDC.dll
0x00007ffee4860000 - 0x00007ffee4878000 	C:\WINDOWS\SYSTEM32\kernel.appcore.dll
0x00007ffec9870000 - 0x00007ffec987a000 	C:\Program Files\Java\jdk-21\bin\jimage.dll
0x00007ffee2f90000 - 0x00007ffee31c2000 	C:\WINDOWS\SYSTEM32\DBGHELP.DLL
0x00007ffee6d10000 - 0x00007ffee7098000 	C:\WINDOWS\System32\combase.dll
0x00007ffee71a0000 - 0x00007ffee7277000 	C:\WINDOWS\System32\OLEAUT32.dll
0x00007ffedc500000 - 0x00007ffedc532000 	C:\WINDOWS\SYSTEM32\dbgcore.DLL
0x00007ffee59e0000 - 0x00007ffee5a5b000 	C:\WINDOWS\System32\bcryptPrimitives.dll
0x00007ffee1a90000 - 0x00007ffee1acc000 	C:\Program Files\Java\jdk-21\bin\jdwp.dll
0x00007ffee1cc0000 - 0x00007ffee1ccf000 	C:\Program Files\Java\jdk-21\bin\instrument.dll
0x00007ffec3b60000 - 0x00007ffec3b7f000 	C:\Program Files\Java\jdk-21\bin\java.dll
0x00007ffebb0a0000 - 0x00007ffebb0b8000 	C:\Program Files\Java\jdk-21\bin\zip.dll
0x00007ffee77e0000 - 0x00007ffee803f000 	C:\WINDOWS\System32\SHELL32.dll
0x00007ffee3680000 - 0x00007ffee3f7c000 	C:\WINDOWS\SYSTEM32\windows.storage.dll
0x00007ffee3540000 - 0x00007ffee367f000 	C:\WINDOWS\SYSTEM32\wintypes.dll
0x00007ffee6bb0000 - 0x00007ffee6ca4000 	C:\WINDOWS\System32\SHCORE.dll
0x00007ffee6cb0000 - 0x00007ffee6d0e000 	C:\WINDOWS\System32\shlwapi.dll
0x00007ffee56b0000 - 0x00007ffee56d1000 	C:\WINDOWS\SYSTEM32\profapi.dll
0x00007ffea1ad0000 - 0x00007ffea1ba7000 	C:\Program Files\Java\jdk-21\bin\jsvml.dll
0x00007ffee1a40000 - 0x00007ffee1a4c000 	C:\Program Files\Java\jdk-21\bin\dt_socket.dll
0x00007ffee4260000 - 0x00007ffee428d000 	C:\WINDOWS\SYSTEM32\IPHLPAPI.DLL
0x00007ffee4cc0000 - 0x00007ffee4d29000 	C:\WINDOWS\system32\mswsock.dll
0x00007ffec9650000 - 0x00007ffec9660000 	C:\Program Files\Java\jdk-21\bin\net.dll
0x00007ffedf670000 - 0x00007ffedf7a6000 	C:\WINDOWS\SYSTEM32\WINHTTP.dll
0x00007ffebede0000 - 0x00007ffebedf6000 	C:\Program Files\Java\jdk-21\bin\nio.dll
0x00007ffec4ad0000 - 0x00007ffec4ade000 	C:\Program Files\Java\jdk-21\bin\sunmscapi.dll
0x00007ffee57b0000 - 0x00007ffee5917000 	C:\WINDOWS\System32\CRYPT32.dll
0x00007ffee5110000 - 0x00007ffee513e000 	C:\WINDOWS\SYSTEM32\ncrypt.dll
0x00007ffee50d0000 - 0x00007ffee5107000 	C:\WINDOWS\SYSTEM32\NTASN1.dll
0x00007ffee4290000 - 0x00007ffee4388000 	C:\WINDOWS\SYSTEM32\DNSAPI.dll
0x00007ffee7190000 - 0x00007ffee7199000 	C:\WINDOWS\System32\NSI.dll
0x00007ffede6f0000 - 0x00007ffede6fa000 	C:\Windows\System32\rasadhlp.dll
0x00007ffede1a0000 - 0x00007ffede223000 	C:\WINDOWS\System32\fwpuclnt.dll
0x00007ffec9550000 - 0x00007ffec9557000 	C:\Program Files\Java\jdk-21\bin\extnet.dll
0x00007ffee5010000 - 0x00007ffee502b000 	C:\WINDOWS\SYSTEM32\CRYPTSP.dll
0x00007ffee47c0000 - 0x00007ffee47f5000 	C:\WINDOWS\system32\rsaenh.dll
0x00007ffee4d60000 - 0x00007ffee4d88000 	C:\WINDOWS\SYSTEM32\USERENV.dll
0x00007ffee4ff0000 - 0x00007ffee4ffc000 	C:\WINDOWS\SYSTEM32\CRYPTBASE.dll
0x00007ffec1230000 - 0x00007ffec1240000 	C:\Program Files\Java\jdk-21\bin\verify.dll
0x00007ffee1ae0000 - 0x00007ffee1aea000 	C:\Program Files\Java\jdk-21\bin\management.dll
0x00007ffee1ad0000 - 0x00007ffee1adb000 	C:\Program Files\Java\jdk-21\bin\management_ext.dll
0x00007ffee7600000 - 0x00007ffee7608000 	C:\WINDOWS\System32\PSAPI.DLL
0x00007ffec9730000 - 0x00007ffec9747000 	C:\WINDOWS\system32\napinsp.dll
0x00007ffec9710000 - 0x00007ffec972b000 	C:\WINDOWS\system32\pnrpnsp.dll
0x00007ffec92f0000 - 0x00007ffec9301000 	C:\WINDOWS\System32\winrnr.dll
0x00007ffec92d0000 - 0x00007ffec92e5000 	C:\WINDOWS\system32\wshbth.dll
0x00007ffec92a0000 - 0x00007ffec92c7000 	C:\WINDOWS\system32\nlansp_c.dll
0x00007ffec4e00000 - 0x00007ffec4e07000 	C:\Program Files\Java\jdk-21\bin\rmi.dll

dbghelp: loaded successfully - version: 4.0.5 - missing functions: none
symbol engine: initialized successfully - sym options: 0x614 - pdb path: .;C:\Program Files\Java\jdk-21\bin;C:\WINDOWS\SYSTEM32;C:\WINDOWS\WinSxS\amd64_microsoft.windows.common-controls_6595b64144ccf1df_6.0.22621.3672_none_2713b9d173822955;C:\Program Files\Java\jdk-21\bin\server

VM Arguments:
jvm_args: -agentlib:jdwp=transport=dt_socket,address=127.0.0.1:56227,suspend=y,server=n -ea -Didea.test.cyclic.buffer.size=1048576 -Dhxl.spring.invoke.port=33339 -javaagent:C:\Users\NGNAWEN\AppData\Local\JetBrains\IdeaIC2024.1\captureAgent\debugger-agent.jar -Dfile.encoding=UTF-8 -Dsun.stdout.encoding=UTF-8 -Dsun.stderr.encoding=UTF-8 
java_command: com.intellij.rt.junit.JUnitStarter -ideVersion5 -junit5 cm.belrose.config.processor.InvoiceResourceItemProcessorTest
java_class_path (initial): C:\Users\NGNAWEN\.m2\repository\org\junit\platform\junit-platform-launcher\1.10.3\junit-platform-launcher-1.10.3.jar;C:\Users\NGNAWEN\AppData\Local\Programs\IntelliJ IDEA Community Edition\lib\idea_rt.jar;C:\Users\NGNAWEN\AppData\Local\Programs\IntelliJ IDEA Community Edition\plugins\junit\lib\junit5-rt.jar;C:\Users\NGNAWEN\AppData\Local\Programs\IntelliJ IDEA Community Edition\plugins\junit\lib\junit-rt.jar;C:\Users\NGNAWEN\IdeaProjects\spring-batch-multiple-file-virtual-thread\target\test-classes;C:\Users\NGNAWEN\IdeaProjects\spring-batch-multiple-file-virtual-thread\target\classes;C:\Users\NGNAWEN\.m2\repository\org\springframework\boot\spring-boot-starter-batch\3.3.2\spring-boot-starter-batch-3.3.2.jar;C:\Users\NGNAWEN\.m2\repository\org\springframework\boot\spring-boot-starter\3.3.2\spring-boot-starter-3.3.2.jar;C:\Users\NGNAWEN\.m2\repository\org\springframework\boot\spring-boot\3.3.2\spring-boot-3.3.2.jar;C:\Users\NGNAWEN\.m2\repository\org\springframework\boot\spring-boot-autoconfigure\3.3.2\spring-boot-autoconfigure-3.3.2.jar;C:\Users\NGNAWEN\.m2\repository\org\springframework\boot\spring-boot-starter-logging\3.3.2\spring-boot-starter-logging-3.3.2.jar;C:\Users\NGNAWEN\.m2\repository\ch\qos\logback\logback-classic\1.5.6\logback-classic-1.5.6.jar;C:\Users\NGNAWEN\.m2\repository\ch\qos\logback\logback-core\1.5.6\logback-core-1.5.6.jar;C:\Users\NGNAWEN\.m2\repository\org\apache\logging\log4j\log4j-to-slf4j\2.23.1\log4j-to-slf4j-2.23.1.jar;C:\Users\NGNAWEN\.m2\repository\org\apache\logging\log4j\log4j-api\2.23.1\log4j-api-2.23.1.jar;C:\Users\NGNAWEN\.m2\repository\org\slf4j\jul-to-slf4j\2.0.13\jul-to-slf4j-2.0.13.jar;C:\Users\NGNAWEN\.m2\repository\jakarta\annotation\jakarta.annotation-api\2.1.1\jakarta.annotation-api-2.1.1.jar;C:\Users\NGNAWEN\.m2\repository\org\yaml\snakeyaml\2.2\snakeyaml-2.2.jar;C:\Users\NGNAWEN\.m2\repository\org\springframework\boot\spring-boot-starter-jdbc\3.3.2\spring-boot-starter-jdbc-3.3.2.jar;C:\Users\NGNAWEN\.m2\repository\com\zaxxer\HikariCP\5.1.0\HikariCP-5.1.0.jar;C:\Users\NGNAWEN\.m2\repository\org\springframework\batch\spring-batch-core\5.1.2\spring-batch-core-5.1.2.jar;C:\Users\NGNAWEN\.m2\repository\org\springframework\batch\spring-batch-infrastructure\5.1.2\spring-batch-infrastructure-5.1.2.jar;C:\Users\NGNAWEN\.m2\repository\org\springframework\retry\spring-retry\2.0.7\spring-retry-2.0.7.jar;C:\Users\NGNAWEN\.m2\repository\org\springframework\spring-aop\6.1.11\spring-aop-6.1.11.jar;C:\Users\NGNAWEN\.m2\repository\org\springframework\spring-beans\6.1.11\spring-beans-6.1.11.jar;C:\Users\NGNAWEN\.m2\repository\org\springframework\spring-context\6.1.11\spring-context-6.1.11.jar;C:\Users\NGNAWEN\.m2\repository\org\springframework\spring-tx\6.1.11\spring-tx-6.1.11.jar;C:\Users\NGNAWEN\.m2\repository\io\micrometer\micrometer-core\1.13.2\micrometer-core-1.13.2.jar;C:\Users\NGNAWEN\.m2\repository\io\micrometer\micrometer-commons\1.13.2\micrometer-commons-1.13.2.jar;C:\Users\NGNAWEN\.m2\repository\org\hdrhistogram\HdrHistogram\2.2.2\HdrHistogram-2.2.2.jar;C:\Users\NGNAWEN\.m2\repository\org\latencyutils\LatencyUtils\2.0.3\LatencyUtils-2.0.3.jar;C:\Users\NGNAWEN\.m2\repository\io\micrometer\micrometer-observation\1.13.2\micrometer-observation-1.13.2.jar;C:\Users\NGNAWEN\.m2\repository\org\springframework\boot\spring-boot-starter-data-jpa\3.3.2\spring-boot-starter-data-jpa-3.3.2.jar;C:\Users\NGNAWEN\.m2\repository\org\springframework\boot\spring-boot-starter-aop\3.3.2\spring-boot-starter-aop-3.3.2.jar;C:\Users\NGNAWEN\.m2\repository\org\aspectj\aspectjweaver\1.9.22.1\aspectjweaver-1.9.22.1.jar;C:\Users\NGNAWEN\.m2\repository\org\hibernate\orm\hibernate-core\6.5.2.Final\hibernate-core-6.5.2.Final.jar;C:\Users\NGNAWEN\.m2\repository\jakarta\persistence\jakarta.persistence-api\3.1.0\jakarta.persistence-api-3.1.0.jar;C:\Users\NGNAWEN\.m2\repository\jakarta\transaction\jakarta.transaction-api\2.0.1\jakarta.transaction-api-2.0.1.jar;C:\Users\NGNAWEN\.m2\repository\org\jboss\logging\jboss-logging\3.5.3.Final\jboss-logging-3.5.3.Final.jar;C:\Users\NGNAWEN\.m2\repository\org\hibernate\common\hibernate-commons-annotations\6.0.6.Final\hibernate-commons-annotations-6.0.6.Final.jar;C:\Users\NGNAWEN\.m2\repository\io\smallrye\jandex\3.1.2\jandex-3.1.2.jar;C:\Users\NGNAWEN\.m2\repository\com\fasterxml\classmate\1.7.0\classmate-1.7.0.jar;C:\Users\NGNAWEN\.m2\repository\net\bytebuddy\byte-buddy\1.14.18\byte-buddy-1.14.18.jar;C:\Users\NGNAWEN\.m2\repository\org\glassfish\jaxb\jaxb-runtime\4.0.5\jaxb-runtime-4.0.5.jar;C:\Users\NGNAWEN\.m2\repository\org\glassfish\jaxb\jaxb-core\4.0.5\jaxb-core-4.0.5.jar;C:\Users\NGNAWEN\.m2\repository\org\eclipse\angus\angus-activation\2.0.2\angus-activation-2.0.2.jar;C:\Users\NGNAWEN\.m2\repository\org\glassfish\jaxb\txw2\4.0.5\txw2-4.0.5.jar;C:\Users\NGNAWEN\.m2\repository\com\sun\istack\istack-commons-runtime\4.1.2\istack-commons-runtime-4.1.2.jar;C:\Users\NGNAWEN\.m2\repository\jakarta\inject\jakarta.inject-api\2.0.1\jakarta.inject-api-2.0.1.jar;C:\Users\NGNAWEN\.m2\repository\org\antlr\antlr4-runtime\4.13.0\antlr4-runtime-4.13.0.jar;C:\Users\NGNAWEN\.m2\repository\org\springframework\data\spring-data-jpa\3.3.2\spring-data-jpa-3.3.2.jar;C:\Users\NGNAWEN\.m2\repository\org\springframework\data\spring-data-commons\3.3.2\spring-data-commons-3.3.2.jar;C:\Users\NGNAWEN\.m2\repository\org\springframework\spring-orm\6.1.11\spring-orm-6.1.11.jar;C:\Users\NGNAWEN\.m2\repository\org\slf4j\slf4j-api\2.0.13\slf4j-api-2.0.13.jar;C:\Users\NGNAWEN\.m2\repository\org\springframework\spring-aspects\6.1.11\spring-aspects-6.1.11.jar;C:\Users\NGNAWEN\.m2\repository\org\springframework\boot\spring-boot-starter-web\3.3.2\spring-boot-starter-web-3.3.2.jar;C:\Users\NGNAWEN\.m2\repository\org\springframework\boot\spring-boot-starter-json\3.3.2\spring-boot-starter-json-3.3.2.jar;C:\Users\NGNAWEN\.m2\repository\com\fasterxml\jackson\datatype\jackson-datatype-jdk8\2.17.2\jackson-datatype-jdk8-2.17.2.jar;C:\Users\NGNAWEN\.m2\repository\com\fasterxml\jackson\datatype\jackson-datatype-jsr310\2.17.2\jackson-datatype-jsr310-2.17.2.jar;C:\Users\NGNAWEN\.m2\repository\com\fasterxml\jackson\module\jackson-module-parameter-names\2.17.2\jackson-module-parameter-names-2.17.2.jar;C:\Users\NGNAWEN\.m2\repository\org\springframework\boot\spring-boot-starter-tomcat\3.3.2\spring-boot-starter-tomcat-3.3.2.jar;C:\Users\NGNAWEN\.m2\repository\org\apache\tomcat\embed\tomcat-embed-core\10.1.26\tomcat-embed-core-10.1.26.jar;C:\Users\NGNAWEN\.m2\repository\org\apache\tomcat\embed\tomcat-embed-el\10.1.26\tomcat-embed-el-10.1.26.jar;C:\Users\NGNAWEN\.m2\repository\org\apache\tomcat\embed\tomcat-embed-websocket\10.1.26\tomcat-embed-websocket-10.1.26.jar;C:\Users\NGNAWEN\.m2\repository\org\springframework\spring-web\6.1.11\spring-web-6.1.11.jar;C:\Users\NGNAWEN\.m2\repository\org\springframework\spring-webmvc\6.1.11\spring-webmvc-6.1.11.jar;C:\Users\NGNAWEN\.m2\repository\org\springframework\spring-expression\6.1.11\spring-expression-6.1.11.jar;C:\Users\NGNAWEN\.m2\repository\com\mysql\mysql-connector-j\8.3.0\mysql-connector-j-8.3.0.jar;C:\Users\NGNAWEN\.m2\repository\org\projectlombok\lombok\1.18.34\lombok-1.18.34.jar;C:\Users\NGNAWEN\.m2\repository\org\springframework\boot\spring-boot-starter-test\3.3.2\spring-boot-starter-test-3.3.2.jar;C:\Users\NGNAWEN\.m2\repository\org\springframework\boot\spring-boot-test\3.3.2\spring-boot-test-3.3.2.jar;C:\Users\NGNAWEN\.m2\repository\org\springframework\boot\spring-boot-test-autoconfigure\3.3.2\spring-boot-test-autoconfigure-3.3.2.jar;C:\Users\NGNAWEN\.m2\repository\com\jayway\jsonpath\json-path\2.9.0\json-path-2.9.0.jar;C:\Users\NGNAWEN\.m2\repository\jakarta\xml\bind\jakarta.xml.bind-api\4.0.2\jakarta.xml.bind-api-4.0.2.jar;C:\Users\NGNAWEN\.m2\repository\jakarta\activation\jakarta.activation-api\2.1.3\jakarta.activation-api-2.1.3.jar;C:\Users\NGNAWEN\.m2\repository\net\minidev\json-smart\2.5.1\json-smart-2.5.1.jar;C:\Users\NGNAWEN\.m2\repository\net\minidev\accessors-smart\2.5.1\accessors-smart-2.5.1.jar;C:\Users\NGNAWEN\.m2\repository\org\ow2\asm\asm\9.6\asm-9.6.jar;C:\Users\NGNAWEN\.m2\repository\org\assertj\assertj-core\3.25.3\assertj-core-3.25.3.jar;C:\Users\NGNAWEN\.m2\repository\org\awaitility\awaitility\4.2.1\awaitility-4.2.1.jar;C:\Users\NGNAWEN\.m2\repository\org\hamcrest\hamcrest\2.2\hamcrest-2.2.jar;C:\Users\NGNAWEN\.m2\repository\org\junit\jupiter\junit-jupiter\5.10.3\junit-jupiter-5.10.3.jar;C:\Users\NGNAWEN\.m2\repository\org\junit\jupiter\junit-jupiter-api\5.10.3\junit-jupiter-api-5.10.3.jar;C:\Users\NGNAWEN\.m2\repository\org\opentest4j\opentest4j\1.3.0\opentest4j-1.3.0.jar;C:\Users\NGNAWEN\.m2\repository\org\junit\platform\junit-platform-commons\1.10.3\junit-platform-commons-1.10.3.jar;C:\Users\NGNAWEN\.m2\repository\org\apiguardian\apiguardian-api\1.1.2\apiguardian-api-1.1.2.jar;C:\Users\NGNAWEN\.m2\repository\org\junit\jupiter\junit-jupiter-params\5.10.3\junit-jupiter-params-5.10.3.jar;C:\Users\NGNAWEN\.m2\repository\org\junit\jupiter\junit-jupiter-engine\5.10.3\junit-jupiter-engine-5.10.3.jar;C:\Users\NGNAWEN\.m2\repository\org\junit\platform\junit-platform-engine\1.10.3\junit-platform-engine-1.10.3.jar;C:\Users\NGNAWEN\.m2\repository\org\mockito\mockito-core\5.11.0\mockito-core-5.11.0.jar;C:\Users\NGNAWEN\.m2\repository\net\bytebuddy\byte-buddy-agent\1.14.18\byte-buddy-agent-1.14.18.jar;C:\Users\NGNAWEN\.m2\repository\org\objenesis\objenesis\3.3\objenesis-3.3.jar;C:\Users\NGNAWEN\.m2\repository\org\mockito\mockito-junit-jupiter\5.11.0\mockito-junit-jupiter-5.11.0.jar;C:\Users\NGNAWEN\.m2\repository\org\skyscreamer\jsonassert\1.5.3\jsonassert-1.5.3.jar;C:\Users\NGNAWEN\.m2\repository\com\vaadin\external\google\android-json\0.0.20131108.vaadin1\android-json-0.0.20131108.vaadin1.jar;C:\Users\NGNAWEN\.m2\repository\org\springframework\spring-core\6.1.11\spring-core-6.1.11.jar;C:\Users\NGNAWEN\.m2\repository\org\springframework\spring-jcl\6.1.11\spring-jcl-6.1.11.jar;C:\Users\NGNAWEN\.m2\repository\org\springframework\spring-test\6.1.11\spring-test-6.1.11.jar;C:\Users\NGNAWEN\.m2\repository\org\xmlunit\xmlunit-core\2.9.1\xmlunit-core-2.9.1.jar;C:\Users\NGNAWEN\.m2\repository\org\springframework\batch\spring-batch-test\5.1.2\spring-batch-test-5.1.2.jar;C:\Users\NGNAWEN\.m2\repository\org\springframework\spring-jdbc\6.1.11\spring-jdbc-6.1.11.jar;C:\Users\NGNAWEN\.m2\repository\com\fasterxml\jackson\core\jackson-databind\2.17.2\jackson-databind-2.17.2.jar;C:\Users\NGNAWEN\.m2\repository\com\fasterxml\jackson\core\jackson-annotations\2.17.2\jackson-annotations-2.17.2.jar;C:\Users\NGNAWEN\.m2\repository\com\fasterxml\jackson\core\jackson-core\2.17.2\jackson-core-2.17.2.jar;C:\Users\NGNAWEN\.config\.cool-request\request\lib\spring-invoke-starter.jar
Launcher Type: SUN_STANDARD

[Global flags]
     intx CICompilerCount                          = 4                                         {product} {ergonomic}
     uint ConcGCThreads                            = 3                                         {product} {ergonomic}
     uint G1ConcRefinementThreads                  = 10                                        {product} {ergonomic}
   size_t G1HeapRegionSize                         = 4194304                                   {product} {ergonomic}
    uintx GCDrainStackTargetSize                   = 64                                        {product} {ergonomic}
   size_t InitialHeapSize                          = 536870912                                 {product} {ergonomic}
   size_t MarkStackSize                            = 4194304                                   {product} {ergonomic}
   size_t MaxHeapSize                              = 8531214336                                {product} {ergonomic}
   size_t MaxNewSize                               = 5117050880                                {product} {ergonomic}
   size_t MinHeapDeltaBytes                        = 4194304                                   {product} {ergonomic}
   size_t MinHeapSize                              = 8388608                                   {product} {ergonomic}
    uintx NonNMethodCodeHeapSize                   = 5839372                                {pd product} {ergonomic}
    uintx NonProfiledCodeHeapSize                  = 122909434                              {pd product} {ergonomic}
    uintx ProfiledCodeHeapSize                     = 122909434                              {pd product} {ergonomic}
    uintx ReservedCodeCacheSize                    = 251658240                              {pd product} {ergonomic}
     bool SegmentedCodeCache                       = true                                      {product} {ergonomic}
   size_t SoftMaxHeapSize                          = 8531214336                             {manageable} {ergonomic}
     bool UseCompressedOops                        = true                           {product lp64_product} {ergonomic}
     bool UseG1GC                                  = true                                      {product} {ergonomic}
     bool UseLargePagesIndividualAllocation        = false                                  {pd product} {ergonomic}

Logging:
Log output configuration:
 #0: stdout all=warning uptime,level,tags foldmultilines=false
 #1: stderr all=off uptime,level,tags foldmultilines=false

Environment Variables:
JAVA_HOME=C:\Program Files\Java\jdk-21
PATH=C:\Program Files\Microsoft SDKs\Azure\CLI2\wbin;C:\Python312\Scripts\;C:\Python312\;C:\Program Files\Java\jdk-21\bin;C:\Program Files\Common Files\Oracle\Java\javapath;C:\WINDOWS\system32;C:\WINDOWS;C:\WINDOWS\System32\Wbem;C:\WINDOWS\System32\WindowsPowerShell\v1.0\;C:\WINDOWS\System32\OpenSSH\;C:\Program Files (x86)\MySQL\MySQL Server 5.0\bin;C:\Program Files\apache-maven-3.8.1\bin;C:\TDM-GCC-32\bin;C:\ProgramData\chocolatey\bin;C:\Users\NGNAWEN\AppData\Roaming\nvm;C:\Program Files\nodejs;C:\Program Files\dotnet\;C:\Program Files (x86)\dotnet\;C:\Program Files\Kubernetes\Minikube;C:\kubectl;C:\Program Files\Docker\Docker\resources\bin;C:\kafka\bin;C:\src\flutter\bin;C:\Users\NGNAWEN\AppData\Local\Android\Sdk\platforms;C:\Users\NGNAWEN\AppData\Local\Android\Sdk\platform-tools;C:\Program Files\nodejs\;C:\openapi-generator-cli\;C:\Program Files\Microsoft\Azure Functions Core Tools\;C:\Gradle\gradle-8.9\bin;C:\Program Files (x86)\Windows Kits\10\Windows Performance Toolkit\;C:\Program Files\Microsoft SQL Server\150\Tools\Binn\;C:\Program Files\Microsoft SQL Server\Client SDK\ODBC\170\Tools\Binn\;C:\Program Files\Git\cmd;C:\Program Files\PowerShell\7\;C:\Users\NGNAWEN\scoop\shims;C:\Program Files\Java\jdk-21\bin;C:\Users\NGNAWEN\AppData\Local\Microsoft\WindowsApps;C:\Gradle\gradle-8.6\bin;C:\tools\groovy-3.0.8\bin;C:\Users\NGNAWEN\AppData\Roaming\nvm;C:\Program Files\nodejs;C:\Users\NGNAWEN\.dotnet\tools;C:\Users\NGNAWEN\AppData\Local\Microsoft\WindowsApps;C:\Users\NGNAWEN\AppData\Local\GitHubDesktop\bin;C:\Users\NGNAWEN\AppData\Local\Programs\Microsoft VS Code\bin;C:\Program Files\JetBrains\IntelliJ IDEA Community Edition 2022.2\bin;C:\Users\NGNAWEN\AppData\Local\JetBrains\Toolbox\scripts;C:\apache-jmeter-5.6.2\bin;C:\kafka\bin;C:\src\flutter\bin;C:\Users\NGNAWEN\AppData\Roaming\npm;C:\Users\NGNAWEN\.dotnet\tools
USERNAME=NGNAWEN
OS=Windows_NT
PROCESSOR_IDENTIFIER=Intel64 Family 6 Model 158 Stepping 10, GenuineIntel
TMP=C:\Users\NGNAWEN\AppData\Local\Temp
TEMP=C:\Users\NGNAWEN\AppData\Local\Temp




Periodic native trim disabled

---------------  S Y S T E M  ---------------

OS:
 Windows 11 , 64 bit Build 22621 (10.0.22621.3672)
OS uptime: 15 days 5:45 hours
Hyper-V role detected

CPU: total 12 (initial active 12) (6 cores per cpu, 2 threads per core) family 6 model 158 stepping 10 microcode 0xde, cx8, cmov, fxsr, ht, mmx, 3dnowpref, sse, sse2, sse3, ssse3, sse4.1, sse4.2, popcnt, lzcnt, tsc, tscinvbit, avx, avx2, aes, erms, clmul, bmi1, bmi2, adx, fma, vzeroupper, clflush, clflushopt, hv, rdtscp, f16c
Processor Information for processor 0
  Max Mhz: 2592, Current Mhz: 2592, Mhz Limit: 2592
Processor Information for processor 1
  Max Mhz: 2592, Current Mhz: 1495, Mhz Limit: 2592
Processor Information for processor 2
  Max Mhz: 2592, Current Mhz: 2592, Mhz Limit: 2592
Processor Information for processor 3
  Max Mhz: 2592, Current Mhz: 2592, Mhz Limit: 2592
Processor Information for processor 4
  Max Mhz: 2592, Current Mhz: 2592, Mhz Limit: 2592
Processor Information for processor 5
  Max Mhz: 2592, Current Mhz: 2592, Mhz Limit: 2592
Processor Information for processor 6
  Max Mhz: 2592, Current Mhz: 1495, Mhz Limit: 2592
Processor Information for processor 7
  Max Mhz: 2592, Current Mhz: 2592, Mhz Limit: 2592
Processor Information for processor 8
  Max Mhz: 2592, Current Mhz: 2592, Mhz Limit: 2592
Processor Information for processor 9
  Max Mhz: 2592, Current Mhz: 1495, Mhz Limit: 2592
Processor Information for processor 10
  Max Mhz: 2592, Current Mhz: 2592, Mhz Limit: 2592
Processor Information for processor 11
  Max Mhz: 2592, Current Mhz: 2592, Mhz Limit: 2592

Memory: 4k page, system-wide physical 32535M (10299M free)
TotalPageFile size 35535M (AvailPageFile size 6M)
current process WorkingSet (physical memory assigned to process): 298M, peak: 351M
current process commit charge ("private bytes"): 392M, peak: 681M

vm_info: Java HotSpot(TM) 64-Bit Server VM (21.0.1+12-LTS-29) for windows-amd64 JRE (21.0.1+12-LTS-29), built on 2023-10-05T13:27:09Z by "mach5one" with MS VC++ 17.1 (VS2022)

END.
