#
# There is insufficient memory for the Java Runtime Environment to continue.
# Native memory allocation (malloc) failed to allocate 1484496 bytes for Chunk::new
# Possible reasons:
#   The system is out of physical RAM or swap space
#   The process is running with CompressedOops enabled, and the Java Heap may be blocking the growth of the native heap
# Possible solutions:
#   Reduce memory load on the system
#   Increase physical memory or swap space
#   Check if swap backing store is full
#   Decrease Java heap size (-Xmx/-Xms)
#   Decrease number of Java threads
#   Decrease Java thread stack sizes (-Xss)
#   Set larger code cache with -XX:ReservedCodeCacheSize=
#   JVM is running with Zero Based Compressed Oops mode in which the Java heap is
#     placed in the first 32GB address space. The Java Heap base address is the
#     maximum limit for the native heap growth. Please use -XX:HeapBaseMinAddress
#     to set the Java Heap base and to place the Java Heap above 32GB virtual address.
# This output file may be truncated or incomplete.
#
#  Out of Memory Error (arena.cpp:168), pid=1408, tid=21240
#
# JRE version: Java(TM) SE Runtime Environment (21.0.1+12) (build 21.0.1+12-LTS-29)
# Java VM: Java HotSpot(TM) 64-Bit Server VM (21.0.1+12-LTS-29, mixed mode, sharing, tiered, compressed oops, compressed class ptrs, g1 gc, windows-amd64)
# No core dump will be written. Minidumps are not enabled by default on client versions of Windows
#

---------------  S U M M A R Y ------------

Command Line: -agentlib:jdwp=transport=dt_socket,address=127.0.0.1:55997,suspend=y,server=n -ea -Didea.test.cyclic.buffer.size=1048576 -Dhxl.spring.invoke.port=33339 -javaagent:C:\Users\NGNAWEN\AppData\Local\JetBrains\IdeaIC2024.1\captureAgent\debugger-agent.jar -Dfile.encoding=UTF-8 -Dsun.stdout.encoding=UTF-8 -Dsun.stderr.encoding=UTF-8 com.intellij.rt.junit.JUnitStarter -ideVersion5 -junit5 cm.belrose.config.processor.InvoiceResourceItemProcessorTest

Host: Intel(R) Core(TM) i7-9750H CPU @ 2.60GHz, 12 cores, 31G,  Windows 11 , 64 bit Build 22621 (10.0.22621.3672)
Time: Wed Jul 31 12:28:28 2024 Eastern Daylight Time elapsed time: 2.836476 seconds (0d 0h 0m 2s)

---------------  T H R E A D  ---------------

Current thread (0x00000286a8be2a00):  JavaThread "C2 CompilerThread0" daemon [_thread_in_native, id=21240, stack(0x0000009e0ae00000,0x0000009e0af00000) (1024K)]


Current CompileTask:
C2:   2836 1730       4       java.lang.invoke.MethodType::makeImpl (109 bytes)

Stack: [0x0000009e0ae00000,0x0000009e0af00000]
Native frames: (J=compiled Java code, j=interpreted, Vv=VM code, C=native code)
V  [jvm.dll+0x6c9029]
V  [jvm.dll+0x854b81]
V  [jvm.dll+0x856e5e]
V  [jvm.dll+0x857543]
V  [jvm.dll+0x280c06]
V  [jvm.dll+0xc3ead]
V  [jvm.dll+0xc43c3]
V  [jvm.dll+0x3b5732]
V  [jvm.dll+0x382475]
V  [jvm.dll+0x3818ea]
V  [jvm.dll+0x249ad0]
V  [jvm.dll+0x2490b1]
V  [jvm.dll+0x1c9ca1]
V  [jvm.dll+0x2586b9]
V  [jvm.dll+0x256c9a]
V  [jvm.dll+0x3ef1b6]
V  [jvm.dll+0x7fd728]
V  [jvm.dll+0x6c777d]
C  [ucrtbase.dll+0x29333]
C  [KERNEL32.DLL+0x1257d]
C  [ntdll.dll+0x5af28]


---------------  P R O C E S S  ---------------

Threads class SMR info:
_java_thread_list=0x00000286efef1550, length=16, elements={
0x00000286822a05f0, 0x00000286a8bcd1a0, 0x00000286a8bce0c0, 0x00000286a8bd2390,
0x00000286a8bd4290, 0x00000286a8bd4cf0, 0x00000286a8bd6760, 0x00000286a8be2a00,
0x00000286a8be34a0, 0x00000286a8cd17d0, 0x00000286a8db23c0, 0x00000286a8db3050,
0x00000286a8ddafa0, 0x00000286a8e43d00, 0x00000286a8ee7c90, 0x00000286effe9a10
}

Java Threads: ( => current thread )
  0x00000286822a05f0 JavaThread "main"                              [_thread_in_vm, id=33380, stack(0x0000009e0a000000,0x0000009e0a100000) (1024K)]
  0x00000286a8bcd1a0 JavaThread "Reference Handler"          daemon [_thread_blocked, id=33708, stack(0x0000009e0a800000,0x0000009e0a900000) (1024K)]
  0x00000286a8bce0c0 JavaThread "Finalizer"                  daemon [_thread_blocked, id=19776, stack(0x0000009e0a900000,0x0000009e0aa00000) (1024K)]
  0x00000286a8bd2390 JavaThread "Signal Dispatcher"          daemon [_thread_blocked, id=40908, stack(0x0000009e0aa00000,0x0000009e0ab00000) (1024K)]
  0x00000286a8bd4290 JavaThread "Attach Listener"            daemon [_thread_blocked, id=37568, stack(0x0000009e0ab00000,0x0000009e0ac00000) (1024K)]
  0x00000286a8bd4cf0 JavaThread "Service Thread"             daemon [_thread_blocked, id=29748, stack(0x0000009e0ac00000,0x0000009e0ad00000) (1024K)]
  0x00000286a8bd6760 JavaThread "Monitor Deflation Thread"   daemon [_thread_blocked, id=39608, stack(0x0000009e0ad00000,0x0000009e0ae00000) (1024K)]
=>0x00000286a8be2a00 JavaThread "C2 CompilerThread0"         daemon [_thread_in_native, id=21240, stack(0x0000009e0ae00000,0x0000009e0af00000) (1024K)]
  0x00000286a8be34a0 JavaThread "C1 CompilerThread0"         daemon [_thread_blocked, id=34828, stack(0x0000009e0af00000,0x0000009e0b000000) (1024K)]
  0x00000286a8cd17d0 JavaThread "Common-Cleaner"             daemon [_thread_blocked, id=7856, stack(0x0000009e0b000000,0x0000009e0b100000) (1024K)]
  0x00000286a8db23c0 JavaThread "JDWP Transport Listener: dt_socket" daemon [_thread_blocked, id=22524, stack(0x0000009e0b100000,0x0000009e0b200000) (1024K)]
  0x00000286a8db3050 JavaThread "JDWP Event Helper Thread"   daemon [_thread_in_native, id=24484, stack(0x0000009e0b200000,0x0000009e0b300000) (1024K)]
  0x00000286a8ddafa0 JavaThread "JDWP Command Reader"        daemon [_thread_in_native, id=30316, stack(0x0000009e0b300000,0x0000009e0b400000) (1024K)]
  0x00000286a8e43d00 JavaThread "Notification Thread"        daemon [_thread_blocked, id=21244, stack(0x0000009e0b400000,0x0000009e0b500000) (1024K)]
  0x00000286a8ee7c90 JavaThread "C2 CompilerThread1"         daemon [_thread_in_native, id=22328, stack(0x0000009e0b500000,0x0000009e0b600000) (1024K)]
  0x00000286effe9a10 JavaThread "C2 CompilerThread2"         daemon [_thread_in_native, id=28676, stack(0x0000009e0bf00000,0x0000009e0c000000) (1024K)]
Total: 16

Other Threads:
  0x00000286a60fe7f0 VMThread "VM Thread"                           [id=12012, stack(0x0000009e0a700000,0x0000009e0a800000) (1024K)]
  0x00000286a60e83e0 WatcherThread "VM Periodic Task Thread"        [id=40624, stack(0x0000009e0a600000,0x0000009e0a700000) (1024K)]
  0x00000286a5f40a00 WorkerThread "GC Thread#0"                     [id=18428, stack(0x0000009e0a100000,0x0000009e0a200000) (1024K)]
  0x00000286eeb6b620 WorkerThread "GC Thread#1"                     [id=37452, stack(0x0000009e0b600000,0x0000009e0b700000) (1024K)]
  0x00000286eeb6b9c0 WorkerThread "GC Thread#2"                     [id=28436, stack(0x0000009e0b700000,0x0000009e0b800000) (1024K)]
  0x00000286eeb6ee40 WorkerThread "GC Thread#3"                     [id=37992, stack(0x0000009e0b800000,0x0000009e0b900000) (1024K)]
  0x00000286eeb6f1e0 WorkerThread "GC Thread#4"                     [id=28492, stack(0x0000009e0b900000,0x0000009e0ba00000) (1024K)]
  0x00000286ef00a770 WorkerThread "GC Thread#5"                     [id=36976, stack(0x0000009e0ba00000,0x0000009e0bb00000) (1024K)]
  0x00000286ef00ab10 WorkerThread "GC Thread#6"                     [id=37164, stack(0x0000009e0bb00000,0x0000009e0bc00000) (1024K)]
  0x00000286ef00aeb0 WorkerThread "GC Thread#7"                     [id=23652, stack(0x0000009e0bc00000,0x0000009e0bd00000) (1024K)]
  0x00000286ef00b870 WorkerThread "GC Thread#8"                     [id=18692, stack(0x0000009e0bd00000,0x0000009e0be00000) (1024K)]
  0x00000286eea8b740 WorkerThread "GC Thread#9"                     [id=24076, stack(0x0000009e0be00000,0x0000009e0bf00000) (1024K)]
  0x00000286846dcaa0 ConcurrentGCThread "G1 Main Marker"            [id=31380, stack(0x0000009e0a200000,0x0000009e0a300000) (1024K)]
  0x00000286846dd750 WorkerThread "G1 Conc#0"                       [id=22248, stack(0x0000009e0a300000,0x0000009e0a400000) (1024K)]
  0x00000286a5fa5a00 ConcurrentGCThread "G1 Refine#0"               [id=40184, stack(0x0000009e0a400000,0x0000009e0a500000) (1024K)]
  0x00000286a5fa6570 ConcurrentGCThread "G1 Service"                [id=12168, stack(0x0000009e0a500000,0x0000009e0a600000) (1024K)]
Total: 16

Threads with active compile tasks:
C2 CompilerThread0     2863 1730       4       java.lang.invoke.MethodType::makeImpl (109 bytes)
C2 CompilerThread1     2863 1707       4       java.lang.invoke.MethodType::methodType (69 bytes)
C2 CompilerThread2     2863 1799 % !   4       java.util.concurrent.ConcurrentHashMap::transfer @ 96 (849 bytes)
Total: 3

VM state: not at safepoint (normal execution)

VM Mutex/Monitor currently owned by a thread: None

Heap address: 0x0000000603800000, size: 8136 MB, Compressed Oops mode: Zero based, Oop shift amount: 3

CDS archive(s) mapped at: [0x00000286a9000000-0x00000286a9c90000-0x00000286a9c90000), size 13172736, SharedBaseAddress: 0x00000286a9000000, ArchiveRelocationMode: 1.
Compressed class space mapped at: 0x00000286aa000000-0x00000286ea000000, reserved size: 1073741824
Narrow klass base: 0x00000286a9000000, Narrow klass shift: 0, Narrow klass range: 0x100000000

GC Precious Log:
 CardTable entry size: 512
 Card Set container configuration: InlinePtr #cards 4 size 8 Array Of Cards #cards 32 size 80 Howl #buckets 8 coarsen threshold 7372 Howl Bitmap #cards 1024 size 144 coarsen threshold 921 Card regions per heap region 1 cards per card region 8192
 CPUs: 12 total, 12 available
 Memory: 32535M
 Large Page Support: Disabled
 NUMA Support: Disabled
 Compressed Oops: Enabled (Zero based)
 Heap Region Size: 4M
 Heap Min Capacity: 8M
 Heap Initial Capacity: 512M
 Heap Max Capacity: 8136M
 Pre-touch: Disabled
 Parallel Workers: 10
 Concurrent Workers: 3
 Concurrent Refinement Workers: 10
 Periodic GC: Disabled

Heap:
 garbage-first heap   total 524288K, used 20767K [0x0000000603800000, 0x0000000800000000)
  region size 4096K, 5 young (20480K), 1 survivors (4096K)
 Metaspace       used 11932K, committed 12224K, reserved 1114112K
  class space    used 1529K, committed 1664K, reserved 1048576K

Heap Regions: E=young(eden), S=young(survivor), O=old, HS=humongous(starts), HC=humongous(continues), CS=collection set, F=free, TAMS=top-at-mark-start, PB=parsable bottom
|   0|0x0000000603800000, 0x0000000603c00000, 0x0000000603c00000|100%| O|  |TAMS 0x0000000603800000| PB 0x0000000603800000| Untracked 
|   1|0x0000000603c00000, 0x0000000603e84a78, 0x0000000604000000| 62%| O|  |TAMS 0x0000000603c00000| PB 0x0000000603c00000| Untracked 
|   2|0x0000000604000000, 0x0000000604000000, 0x0000000604400000|  0%| F|  |TAMS 0x0000000604000000| PB 0x0000000604000000| Untracked 
|   3|0x0000000604400000, 0x0000000604400000, 0x0000000604800000|  0%| F|  |TAMS 0x0000000604400000| PB 0x0000000604400000| Untracked 
|   4|0x0000000604800000, 0x0000000604800000, 0x0000000604c00000|  0%| F|  |TAMS 0x0000000604800000| PB 0x0000000604800000| Untracked 
|   5|0x0000000604c00000, 0x0000000604c00000, 0x0000000605000000|  0%| F|  |TAMS 0x0000000604c00000| PB 0x0000000604c00000| Untracked 
|   6|0x0000000605000000, 0x0000000605000000, 0x0000000605400000|  0%| F|  |TAMS 0x0000000605000000| PB 0x0000000605000000| Untracked 
|   7|0x0000000605400000, 0x0000000605400000, 0x0000000605800000|  0%| F|  |TAMS 0x0000000605400000| PB 0x0000000605400000| Untracked 
|   8|0x0000000605800000, 0x0000000605800000, 0x0000000605c00000|  0%| F|  |TAMS 0x0000000605800000| PB 0x0000000605800000| Untracked 
|   9|0x0000000605c00000, 0x0000000605c00000, 0x0000000606000000|  0%| F|  |TAMS 0x0000000605c00000| PB 0x0000000605c00000| Untracked 
|  10|0x0000000606000000, 0x0000000606000000, 0x0000000606400000|  0%| F|  |TAMS 0x0000000606000000| PB 0x0000000606000000| Untracked 
|  11|0x0000000606400000, 0x0000000606400000, 0x0000000606800000|  0%| F|  |TAMS 0x0000000606400000| PB 0x0000000606400000| Untracked 
|  12|0x0000000606800000, 0x0000000606800000, 0x0000000606c00000|  0%| F|  |TAMS 0x0000000606800000| PB 0x0000000606800000| Untracked 
|  13|0x0000000606c00000, 0x0000000606c00000, 0x0000000607000000|  0%| F|  |TAMS 0x0000000606c00000| PB 0x0000000606c00000| Untracked 
|  14|0x0000000607000000, 0x0000000607000000, 0x0000000607400000|  0%| F|  |TAMS 0x0000000607000000| PB 0x0000000607000000| Untracked 
|  15|0x0000000607400000, 0x0000000607400000, 0x0000000607800000|  0%| F|  |TAMS 0x0000000607400000| PB 0x0000000607400000| Untracked 
|  16|0x0000000607800000, 0x0000000607800000, 0x0000000607c00000|  0%| F|  |TAMS 0x0000000607800000| PB 0x0000000607800000| Untracked 
|  17|0x0000000607c00000, 0x0000000607c00000, 0x0000000608000000|  0%| F|  |TAMS 0x0000000607c00000| PB 0x0000000607c00000| Untracked 
|  18|0x0000000608000000, 0x0000000608000000, 0x0000000608400000|  0%| F|  |TAMS 0x0000000608000000| PB 0x0000000608000000| Untracked 
|  19|0x0000000608400000, 0x0000000608400000, 0x0000000608800000|  0%| F|  |TAMS 0x0000000608400000| PB 0x0000000608400000| Untracked 
|  20|0x0000000608800000, 0x0000000608800000, 0x0000000608c00000|  0%| F|  |TAMS 0x0000000608800000| PB 0x0000000608800000| Untracked 
|  21|0x0000000608c00000, 0x0000000608c00000, 0x0000000609000000|  0%| F|  |TAMS 0x0000000608c00000| PB 0x0000000608c00000| Untracked 
|  22|0x0000000609000000, 0x0000000609000000, 0x0000000609400000|  0%| F|  |TAMS 0x0000000609000000| PB 0x0000000609000000| Untracked 
|  23|0x0000000609400000, 0x0000000609400000, 0x0000000609800000|  0%| F|  |TAMS 0x0000000609400000| PB 0x0000000609400000| Untracked 
|  24|0x0000000609800000, 0x0000000609800000, 0x0000000609c00000|  0%| F|  |TAMS 0x0000000609800000| PB 0x0000000609800000| Untracked 
|  25|0x0000000609c00000, 0x0000000609c00000, 0x000000060a000000|  0%| F|  |TAMS 0x0000000609c00000| PB 0x0000000609c00000| Untracked 
|  26|0x000000060a000000, 0x000000060a000000, 0x000000060a400000|  0%| F|  |TAMS 0x000000060a000000| PB 0x000000060a000000| Untracked 
|  27|0x000000060a400000, 0x000000060a400000, 0x000000060a800000|  0%| F|  |TAMS 0x000000060a400000| PB 0x000000060a400000| Untracked 
|  28|0x000000060a800000, 0x000000060a800000, 0x000000060ac00000|  0%| F|  |TAMS 0x000000060a800000| PB 0x000000060a800000| Untracked 
|  29|0x000000060ac00000, 0x000000060ac00000, 0x000000060b000000|  0%| F|  |TAMS 0x000000060ac00000| PB 0x000000060ac00000| Untracked 
|  30|0x000000060b000000, 0x000000060b000000, 0x000000060b400000|  0%| F|  |TAMS 0x000000060b000000| PB 0x000000060b000000| Untracked 
|  31|0x000000060b400000, 0x000000060b400000, 0x000000060b800000|  0%| F|  |TAMS 0x000000060b400000| PB 0x000000060b400000| Untracked 
|  32|0x000000060b800000, 0x000000060b800000, 0x000000060bc00000|  0%| F|  |TAMS 0x000000060b800000| PB 0x000000060b800000| Untracked 
|  33|0x000000060bc00000, 0x000000060bc00000, 0x000000060c000000|  0%| F|  |TAMS 0x000000060bc00000| PB 0x000000060bc00000| Untracked 
|  34|0x000000060c000000, 0x000000060c000000, 0x000000060c400000|  0%| F|  |TAMS 0x000000060c000000| PB 0x000000060c000000| Untracked 
|  35|0x000000060c400000, 0x000000060c400000, 0x000000060c800000|  0%| F|  |TAMS 0x000000060c400000| PB 0x000000060c400000| Untracked 
|  36|0x000000060c800000, 0x000000060c800000, 0x000000060cc00000|  0%| F|  |TAMS 0x000000060c800000| PB 0x000000060c800000| Untracked 
|  37|0x000000060cc00000, 0x000000060cc00000, 0x000000060d000000|  0%| F|  |TAMS 0x000000060cc00000| PB 0x000000060cc00000| Untracked 
|  38|0x000000060d000000, 0x000000060d000000, 0x000000060d400000|  0%| F|  |TAMS 0x000000060d000000| PB 0x000000060d000000| Untracked 
|  39|0x000000060d400000, 0x000000060d400000, 0x000000060d800000|  0%| F|  |TAMS 0x000000060d400000| PB 0x000000060d400000| Untracked 
|  40|0x000000060d800000, 0x000000060d800000, 0x000000060dc00000|  0%| F|  |TAMS 0x000000060d800000| PB 0x000000060d800000| Untracked 
|  41|0x000000060dc00000, 0x000000060dc00000, 0x000000060e000000|  0%| F|  |TAMS 0x000000060dc00000| PB 0x000000060dc00000| Untracked 
|  42|0x000000060e000000, 0x000000060e000000, 0x000000060e400000|  0%| F|  |TAMS 0x000000060e000000| PB 0x000000060e000000| Untracked 
|  43|0x000000060e400000, 0x000000060e400000, 0x000000060e800000|  0%| F|  |TAMS 0x000000060e400000| PB 0x000000060e400000| Untracked 
|  44|0x000000060e800000, 0x000000060e800000, 0x000000060ec00000|  0%| F|  |TAMS 0x000000060e800000| PB 0x000000060e800000| Untracked 
|  45|0x000000060ec00000, 0x000000060ec00000, 0x000000060f000000|  0%| F|  |TAMS 0x000000060ec00000| PB 0x000000060ec00000| Untracked 
|  46|0x000000060f000000, 0x000000060f000000, 0x000000060f400000|  0%| F|  |TAMS 0x000000060f000000| PB 0x000000060f000000| Untracked 
|  47|0x000000060f400000, 0x000000060f400000, 0x000000060f800000|  0%| F|  |TAMS 0x000000060f400000| PB 0x000000060f400000| Untracked 
|  48|0x000000060f800000, 0x000000060f800000, 0x000000060fc00000|  0%| F|  |TAMS 0x000000060f800000| PB 0x000000060f800000| Untracked 
|  49|0x000000060fc00000, 0x000000060fc00000, 0x0000000610000000|  0%| F|  |TAMS 0x000000060fc00000| PB 0x000000060fc00000| Untracked 
|  50|0x0000000610000000, 0x0000000610000000, 0x0000000610400000|  0%| F|  |TAMS 0x0000000610000000| PB 0x0000000610000000| Untracked 
|  51|0x0000000610400000, 0x0000000610400000, 0x0000000610800000|  0%| F|  |TAMS 0x0000000610400000| PB 0x0000000610400000| Untracked 
|  52|0x0000000610800000, 0x0000000610800000, 0x0000000610c00000|  0%| F|  |TAMS 0x0000000610800000| PB 0x0000000610800000| Untracked 
|  53|0x0000000610c00000, 0x0000000610c00000, 0x0000000611000000|  0%| F|  |TAMS 0x0000000610c00000| PB 0x0000000610c00000| Untracked 
|  54|0x0000000611000000, 0x0000000611000000, 0x0000000611400000|  0%| F|  |TAMS 0x0000000611000000| PB 0x0000000611000000| Untracked 
|  55|0x0000000611400000, 0x0000000611400000, 0x0000000611800000|  0%| F|  |TAMS 0x0000000611400000| PB 0x0000000611400000| Untracked 
|  56|0x0000000611800000, 0x0000000611800000, 0x0000000611c00000|  0%| F|  |TAMS 0x0000000611800000| PB 0x0000000611800000| Untracked 
|  57|0x0000000611c00000, 0x0000000611c00000, 0x0000000612000000|  0%| F|  |TAMS 0x0000000611c00000| PB 0x0000000611c00000| Untracked 
|  58|0x0000000612000000, 0x0000000612000000, 0x0000000612400000|  0%| F|  |TAMS 0x0000000612000000| PB 0x0000000612000000| Untracked 
|  59|0x0000000612400000, 0x0000000612400000, 0x0000000612800000|  0%| F|  |TAMS 0x0000000612400000| PB 0x0000000612400000| Untracked 
|  60|0x0000000612800000, 0x0000000612800000, 0x0000000612c00000|  0%| F|  |TAMS 0x0000000612800000| PB 0x0000000612800000| Untracked 
|  61|0x0000000612c00000, 0x0000000612c00000, 0x0000000613000000|  0%| F|  |TAMS 0x0000000612c00000| PB 0x0000000612c00000| Untracked 
|  62|0x0000000613000000, 0x0000000613000000, 0x0000000613400000|  0%| F|  |TAMS 0x0000000613000000| PB 0x0000000613000000| Untracked 
|  63|0x0000000613400000, 0x0000000613400000, 0x0000000613800000|  0%| F|  |TAMS 0x0000000613400000| PB 0x0000000613400000| Untracked 
|  64|0x0000000613800000, 0x0000000613800000, 0x0000000613c00000|  0%| F|  |TAMS 0x0000000613800000| PB 0x0000000613800000| Untracked 
|  65|0x0000000613c00000, 0x0000000613c00000, 0x0000000614000000|  0%| F|  |TAMS 0x0000000613c00000| PB 0x0000000613c00000| Untracked 
|  66|0x0000000614000000, 0x0000000614000000, 0x0000000614400000|  0%| F|  |TAMS 0x0000000614000000| PB 0x0000000614000000| Untracked 
|  67|0x0000000614400000, 0x0000000614400000, 0x0000000614800000|  0%| F|  |TAMS 0x0000000614400000| PB 0x0000000614400000| Untracked 
|  68|0x0000000614800000, 0x0000000614800000, 0x0000000614c00000|  0%| F|  |TAMS 0x0000000614800000| PB 0x0000000614800000| Untracked 
|  69|0x0000000614c00000, 0x0000000614c00000, 0x0000000615000000|  0%| F|  |TAMS 0x0000000614c00000| PB 0x0000000614c00000| Untracked 
|  70|0x0000000615000000, 0x0000000615000000, 0x0000000615400000|  0%| F|  |TAMS 0x0000000615000000| PB 0x0000000615000000| Untracked 
|  71|0x0000000615400000, 0x0000000615400000, 0x0000000615800000|  0%| F|  |TAMS 0x0000000615400000| PB 0x0000000615400000| Untracked 
|  72|0x0000000615800000, 0x0000000615800000, 0x0000000615c00000|  0%| F|  |TAMS 0x0000000615800000| PB 0x0000000615800000| Untracked 
|  73|0x0000000615c00000, 0x0000000615c00000, 0x0000000616000000|  0%| F|  |TAMS 0x0000000615c00000| PB 0x0000000615c00000| Untracked 
|  74|0x0000000616000000, 0x0000000616000000, 0x0000000616400000|  0%| F|  |TAMS 0x0000000616000000| PB 0x0000000616000000| Untracked 
|  75|0x0000000616400000, 0x0000000616400000, 0x0000000616800000|  0%| F|  |TAMS 0x0000000616400000| PB 0x0000000616400000| Untracked 
|  76|0x0000000616800000, 0x0000000616800000, 0x0000000616c00000|  0%| F|  |TAMS 0x0000000616800000| PB 0x0000000616800000| Untracked 
|  77|0x0000000616c00000, 0x0000000616c00000, 0x0000000617000000|  0%| F|  |TAMS 0x0000000616c00000| PB 0x0000000616c00000| Untracked 
|  78|0x0000000617000000, 0x0000000617000000, 0x0000000617400000|  0%| F|  |TAMS 0x0000000617000000| PB 0x0000000617000000| Untracked 
|  79|0x0000000617400000, 0x0000000617400000, 0x0000000617800000|  0%| F|  |TAMS 0x0000000617400000| PB 0x0000000617400000| Untracked 
|  80|0x0000000617800000, 0x0000000617800000, 0x0000000617c00000|  0%| F|  |TAMS 0x0000000617800000| PB 0x0000000617800000| Untracked 
|  81|0x0000000617c00000, 0x0000000617c00000, 0x0000000618000000|  0%| F|  |TAMS 0x0000000617c00000| PB 0x0000000617c00000| Untracked 
|  82|0x0000000618000000, 0x0000000618000000, 0x0000000618400000|  0%| F|  |TAMS 0x0000000618000000| PB 0x0000000618000000| Untracked 
|  83|0x0000000618400000, 0x0000000618400000, 0x0000000618800000|  0%| F|  |TAMS 0x0000000618400000| PB 0x0000000618400000| Untracked 
|  84|0x0000000618800000, 0x0000000618800000, 0x0000000618c00000|  0%| F|  |TAMS 0x0000000618800000| PB 0x0000000618800000| Untracked 
|  85|0x0000000618c00000, 0x0000000618c00000, 0x0000000619000000|  0%| F|  |TAMS 0x0000000618c00000| PB 0x0000000618c00000| Untracked 
|  86|0x0000000619000000, 0x0000000619000000, 0x0000000619400000|  0%| F|  |TAMS 0x0000000619000000| PB 0x0000000619000000| Untracked 
|  87|0x0000000619400000, 0x0000000619400000, 0x0000000619800000|  0%| F|  |TAMS 0x0000000619400000| PB 0x0000000619400000| Untracked 
|  88|0x0000000619800000, 0x0000000619800000, 0x0000000619c00000|  0%| F|  |TAMS 0x0000000619800000| PB 0x0000000619800000| Untracked 
|  89|0x0000000619c00000, 0x0000000619c00000, 0x000000061a000000|  0%| F|  |TAMS 0x0000000619c00000| PB 0x0000000619c00000| Untracked 
|  90|0x000000061a000000, 0x000000061a000000, 0x000000061a400000|  0%| F|  |TAMS 0x000000061a000000| PB 0x000000061a000000| Untracked 
|  91|0x000000061a400000, 0x000000061a400000, 0x000000061a800000|  0%| F|  |TAMS 0x000000061a400000| PB 0x000000061a400000| Untracked 
|  92|0x000000061a800000, 0x000000061a800000, 0x000000061ac00000|  0%| F|  |TAMS 0x000000061a800000| PB 0x000000061a800000| Untracked 
|  93|0x000000061ac00000, 0x000000061ac00000, 0x000000061b000000|  0%| F|  |TAMS 0x000000061ac00000| PB 0x000000061ac00000| Untracked 
|  94|0x000000061b000000, 0x000000061b000000, 0x000000061b400000|  0%| F|  |TAMS 0x000000061b000000| PB 0x000000061b000000| Untracked 
|  95|0x000000061b400000, 0x000000061b400000, 0x000000061b800000|  0%| F|  |TAMS 0x000000061b400000| PB 0x000000061b400000| Untracked 
|  96|0x000000061b800000, 0x000000061b800000, 0x000000061bc00000|  0%| F|  |TAMS 0x000000061b800000| PB 0x000000061b800000| Untracked 
|  97|0x000000061bc00000, 0x000000061bc00000, 0x000000061c000000|  0%| F|  |TAMS 0x000000061bc00000| PB 0x000000061bc00000| Untracked 
|  98|0x000000061c000000, 0x000000061c000000, 0x000000061c400000|  0%| F|  |TAMS 0x000000061c000000| PB 0x000000061c000000| Untracked 
|  99|0x000000061c400000, 0x000000061c400000, 0x000000061c800000|  0%| F|  |TAMS 0x000000061c400000| PB 0x000000061c400000| Untracked 
| 100|0x000000061c800000, 0x000000061c800000, 0x000000061cc00000|  0%| F|  |TAMS 0x000000061c800000| PB 0x000000061c800000| Untracked 
| 101|0x000000061cc00000, 0x000000061cc00000, 0x000000061d000000|  0%| F|  |TAMS 0x000000061cc00000| PB 0x000000061cc00000| Untracked 
| 102|0x000000061d000000, 0x000000061d000000, 0x000000061d400000|  0%| F|  |TAMS 0x000000061d000000| PB 0x000000061d000000| Untracked 
| 103|0x000000061d400000, 0x000000061d400000, 0x000000061d800000|  0%| F|  |TAMS 0x000000061d400000| PB 0x000000061d400000| Untracked 
| 104|0x000000061d800000, 0x000000061d800000, 0x000000061dc00000|  0%| F|  |TAMS 0x000000061d800000| PB 0x000000061d800000| Untracked 
| 105|0x000000061dc00000, 0x000000061dc00000, 0x000000061e000000|  0%| F|  |TAMS 0x000000061dc00000| PB 0x000000061dc00000| Untracked 
| 106|0x000000061e000000, 0x000000061e000000, 0x000000061e400000|  0%| F|  |TAMS 0x000000061e000000| PB 0x000000061e000000| Untracked 
| 107|0x000000061e400000, 0x000000061e400000, 0x000000061e800000|  0%| F|  |TAMS 0x000000061e400000| PB 0x000000061e400000| Untracked 
| 108|0x000000061e800000, 0x000000061e800000, 0x000000061ec00000|  0%| F|  |TAMS 0x000000061e800000| PB 0x000000061e800000| Untracked 
| 109|0x000000061ec00000, 0x000000061ec00000, 0x000000061f000000|  0%| F|  |TAMS 0x000000061ec00000| PB 0x000000061ec00000| Untracked 
| 110|0x000000061f000000, 0x000000061f000000, 0x000000061f400000|  0%| F|  |TAMS 0x000000061f000000| PB 0x000000061f000000| Untracked 
| 111|0x000000061f400000, 0x000000061f400000, 0x000000061f800000|  0%| F|  |TAMS 0x000000061f400000| PB 0x000000061f400000| Untracked 
| 112|0x000000061f800000, 0x000000061f800000, 0x000000061fc00000|  0%| F|  |TAMS 0x000000061f800000| PB 0x000000061f800000| Untracked 
| 113|0x000000061fc00000, 0x000000061fc00000, 0x0000000620000000|  0%| F|  |TAMS 0x000000061fc00000| PB 0x000000061fc00000| Untracked 
| 114|0x0000000620000000, 0x0000000620000000, 0x0000000620400000|  0%| F|  |TAMS 0x0000000620000000| PB 0x0000000620000000| Untracked 
| 115|0x0000000620400000, 0x0000000620400000, 0x0000000620800000|  0%| F|  |TAMS 0x0000000620400000| PB 0x0000000620400000| Untracked 
| 116|0x0000000620800000, 0x0000000620800000, 0x0000000620c00000|  0%| F|  |TAMS 0x0000000620800000| PB 0x0000000620800000| Untracked 
| 117|0x0000000620c00000, 0x0000000620c00000, 0x0000000621000000|  0%| F|  |TAMS 0x0000000620c00000| PB 0x0000000620c00000| Untracked 
| 118|0x0000000621000000, 0x0000000621000000, 0x0000000621400000|  0%| F|  |TAMS 0x0000000621000000| PB 0x0000000621000000| Untracked 
| 119|0x0000000621400000, 0x0000000621400000, 0x0000000621800000|  0%| F|  |TAMS 0x0000000621400000| PB 0x0000000621400000| Untracked 
| 120|0x0000000621800000, 0x0000000621800000, 0x0000000621c00000|  0%| F|  |TAMS 0x0000000621800000| PB 0x0000000621800000| Untracked 
| 121|0x0000000621c00000, 0x0000000621c00000, 0x0000000622000000|  0%| F|  |TAMS 0x0000000621c00000| PB 0x0000000621c00000| Untracked 
| 122|0x0000000622000000, 0x00000006221c3510, 0x0000000622400000| 44%| S|CS|TAMS 0x0000000622000000| PB 0x0000000622000000| Complete 
| 123|0x0000000622400000, 0x0000000622400000, 0x0000000622800000|  0%| F|  |TAMS 0x0000000622400000| PB 0x0000000622400000| Untracked 
| 124|0x0000000622800000, 0x00000006228c3a40, 0x0000000622c00000| 19%| E|  |TAMS 0x0000000622800000| PB 0x0000000622800000| Complete 
| 125|0x0000000622c00000, 0x0000000623000000, 0x0000000623000000|100%| E|CS|TAMS 0x0000000622c00000| PB 0x0000000622c00000| Complete 
| 126|0x0000000623000000, 0x0000000623400000, 0x0000000623400000|100%| E|CS|TAMS 0x0000000623000000| PB 0x0000000623000000| Complete 
| 127|0x0000000623400000, 0x0000000623800000, 0x0000000623800000|100%| E|CS|TAMS 0x0000000623400000| PB 0x0000000623400000| Complete 

Card table byte_map: [0x000002869cff0000,0x000002869dfe0000] _byte_map_base: 0x0000028699fd4000

Marking Bits: (CMBitMap*) 0x00000286846cc380
 Bits: [0x000002869dfe0000, 0x00000286a5f00000)

Polling page: 0x00000286825a0000

Metaspace:

Usage:
  Non-class:     10.18 MB used.
      Class:      1.50 MB used.
       Both:     11.68 MB used.

Virtual space:
  Non-class space:       64.00 MB reserved,      10.31 MB ( 16%) committed,  1 nodes.
      Class space:        1.00 GB reserved,       1.62 MB ( <1%) committed,  1 nodes.
             Both:        1.06 GB reserved,      11.94 MB (  1%) committed. 

Chunk freelists:
   Non-Class:  5.59 MB
       Class:  14.41 MB
        Both:  20.00 MB

MaxMetaspaceSize: unlimited
CompressedClassSpaceSize: 1.00 GB
Initial GC threshold: 21.00 MB
Current GC threshold: 21.00 MB
CDS: on
 - commit_granule_bytes: 65536.
 - commit_granule_words: 8192.
 - virtual_space_node_default_size: 8388608.
 - enlarge_chunks_in_place: 1.
 - use_allocation_guard: 0.


Internal statistics:

num_allocs_failed_limit: 0.
num_arena_births: 264.
num_arena_deaths: 0.
num_vsnodes_births: 2.
num_vsnodes_deaths: 0.
num_space_committed: 191.
num_space_uncommitted: 0.
num_chunks_returned_to_freelist: 0.
num_chunks_taken_from_freelist: 726.
num_chunk_merges: 0.
num_chunk_splits: 418.
num_chunks_enlarged: 254.
num_inconsistent_stats: 0.

CodeHeap 'non-profiled nmethods': size=120000Kb used=740Kb max_used=740Kb free=119259Kb
 bounds [0x0000028694570000, 0x00000286947e0000, 0x000002869baa0000]
CodeHeap 'profiled nmethods': size=120000Kb used=3703Kb max_used=3703Kb free=116296Kb
 bounds [0x000002868caa0000, 0x000002868ce40000, 0x0000028693fd0000]
CodeHeap 'non-nmethods': size=5760Kb used=1463Kb max_used=1482Kb free=4296Kb
 bounds [0x0000028693fd0000, 0x0000028694240000, 0x0000028694570000]
 total_blobs=2352 nmethods=1861 adapters=395
 compilation: enabled
              stopped_count=0, restarted_count=0
 full_count=0

Compilation events (20 events):
Event: 2.807 Thread 0x00000286a8be34a0 nmethod 1791 0x000002868ce20b10 code [0x000002868ce20f20, 0x000002868ce22a40]
Event: 2.809 Thread 0x00000286a8be34a0 1789       1       org.springframework.core.env.PropertySource::getName (5 bytes)
Event: 2.810 Thread 0x00000286a8be34a0 nmethod 1789 0x0000028694625510 code [0x00000286946256a0, 0x0000028694625770]
Event: 2.810 Thread 0x00000286a8be34a0 1784       3       org.springframework.util.ConcurrentReferenceHashMap$Task::<init> (34 bytes)
Event: 2.811 Thread 0x00000286a8be34a0 nmethod 1784 0x000002868ce23890 code [0x000002868ce23a60, 0x000002868ce23d90]
Event: 2.812 Thread 0x00000286a8be34a0 1802       3       java.lang.StringLatin1::getChar (9 bytes)
Event: 2.812 Thread 0x00000286a8be34a0 nmethod 1802 0x000002868ce23f10 code [0x000002868ce240a0, 0x000002868ce241c0]
Event: 2.814 Thread 0x00000286a8be34a0 1803       3       java.util.stream.SpinedBuffer::accept (94 bytes)
Event: 2.815 Thread 0x00000286a8be34a0 nmethod 1803 0x000002868ce24290 code [0x000002868ce244a0, 0x000002868ce24e18]
Event: 2.815 Thread 0x00000286a8be34a0 1804       3       java.util.stream.Nodes$SpinedNodeBuilder::accept (29 bytes)
Event: 2.815 Thread 0x00000286a8be34a0 nmethod 1804 0x000002868ce25090 code [0x000002868ce25240, 0x000002868ce253a8]
Event: 2.815 Thread 0x00000286a8be34a0 1805       3       java.lang.CharacterDataLatin1::toUpperCaseEx (71 bytes)
Event: 2.815 Thread 0x00000286a8be34a0 nmethod 1805 0x000002868ce25490 code [0x000002868ce25640, 0x000002868ce25908]
Event: 2.815 Thread 0x00000286a8be34a0 1810       3       org.springframework.boot.context.properties.source.ConfigurationPropertyName$ElementsParser::parse (234 bytes)
Event: 2.816 Thread 0x00000286a8be34a0 nmethod 1810 0x000002868ce25a10 code [0x000002868ce25c60, 0x000002868ce26548]
Event: 2.816 Thread 0x00000286a8be34a0 1811       3       java.lang.StringBuilder::charAt (6 bytes)
Event: 2.816 Thread 0x00000286a8be34a0 nmethod 1811 0x000002868ce26810 code [0x000002868ce269c0, 0x000002868ce26b18]
Event: 2.816 Thread 0x00000286a8be34a0 1807       3       org.springframework.boot.context.properties.source.ConfigurationPropertyName::getNumberOfElements (8 bytes)
Event: 2.816 Thread 0x00000286a8be34a0 nmethod 1807 0x000002868ce26c10 code [0x000002868ce26da0, 0x000002868ce26ed0]
Event: 2.816 Thread 0x00000286a8be34a0 1808       3       org.springframework.boot.context.properties.source.ConfigurationPropertyName$ElementsParser::add (220 bytes)

GC Heap History (4 events):
Event: 1.341 GC heap before
{Heap before GC invocations=0 (full 0):
 garbage-first heap   total 524288K, used 24576K [0x0000000603800000, 0x0000000800000000)
  region size 4096K, 6 young (24576K), 0 survivors (0K)
 Metaspace       used 4073K, committed 4224K, reserved 1114112K
  class space    used 495K, committed 576K, reserved 1048576K
}
Event: 1.346 GC heap after
{Heap after GC invocations=1 (full 0):
 garbage-first heap   total 524288K, used 6584K [0x0000000603800000, 0x0000000800000000)
  region size 4096K, 1 young (4096K), 1 survivors (4096K)
 Metaspace       used 4073K, committed 4224K, reserved 1114112K
  class space    used 495K, committed 576K, reserved 1048576K
}
Event: 2.341 GC heap before
{Heap before GC invocations=1 (full 0):
 garbage-first heap   total 524288K, used 27064K [0x0000000603800000, 0x0000000800000000)
  region size 4096K, 6 young (24576K), 1 survivors (4096K)
 Metaspace       used 8960K, committed 9216K, reserved 1114112K
  class space    used 1094K, committed 1216K, reserved 1048576K
}
Event: 2.349 GC heap after
{Heap after GC invocations=2 (full 0):
 garbage-first heap   total 524288K, used 8479K [0x0000000603800000, 0x0000000800000000)
  region size 4096K, 1 young (4096K), 1 survivors (4096K)
 Metaspace       used 8960K, committed 9216K, reserved 1114112K
  class space    used 1094K, committed 1216K, reserved 1048576K
}

Dll operation events (8 events):
Event: 0.017 Loaded shared library C:\Program Files\Java\jdk-21\bin\java.dll
Event: 0.019 Loaded shared library C:\Program Files\Java\jdk-21\bin\zip.dll
Event: 0.076 Loaded shared library C:\Program Files\Java\jdk-21\bin\jsvml.dll
Event: 0.288 Loaded shared library C:\Program Files\Java\jdk-21\bin\instrument.dll
Event: 0.333 Loaded shared library C:\Program Files\Java\jdk-21\bin\net.dll
Event: 0.335 Loaded shared library C:\Program Files\Java\jdk-21\bin\nio.dll
Event: 0.347 Loaded shared library C:\Program Files\Java\jdk-21\bin\zip.dll
Event: 0.616 Loaded shared library C:\Program Files\Java\jdk-21\bin\jimage.dll

Deoptimization events (20 events):
Event: 2.680 Thread 0x00000286822a05f0 DEOPT PACKING pc=0x000002868cc008f4 sp=0x0000009e0a0fbf00
Event: 2.680 Thread 0x00000286822a05f0 DEOPT UNPACKING pc=0x0000028694024e42 sp=0x0000009e0a0fb3c8 mode 1
Event: 2.680 Thread 0x00000286822a05f0 DEOPT PACKING pc=0x000002868cc0040c sp=0x0000009e0a0fbf90
Event: 2.680 Thread 0x00000286822a05f0 DEOPT UNPACKING pc=0x0000028694024e42 sp=0x0000009e0a0fb468 mode 1
Event: 2.681 Thread 0x00000286822a05f0 DEOPT PACKING pc=0x000002868cc99a79 sp=0x0000009e0a0fa770
Event: 2.681 Thread 0x00000286822a05f0 DEOPT UNPACKING pc=0x0000028694024e42 sp=0x0000009e0a0f9bc8 mode 1
Event: 2.681 Thread 0x00000286822a05f0 DEOPT PACKING pc=0x000002868cbc6a64 sp=0x0000009e0a0fa800
Event: 2.681 Thread 0x00000286822a05f0 DEOPT UNPACKING pc=0x0000028694024e42 sp=0x0000009e0a0f9ca8 mode 1
Event: 2.681 Thread 0x00000286822a05f0 DEOPT PACKING pc=0x000002868cc008f4 sp=0x0000009e0a0fb250
Event: 2.681 Thread 0x00000286822a05f0 DEOPT UNPACKING pc=0x0000028694024e42 sp=0x0000009e0a0fa718 mode 1
Event: 2.681 Thread 0x00000286822a05f0 DEOPT PACKING pc=0x000002868cc0040c sp=0x0000009e0a0fb2e0
Event: 2.681 Thread 0x00000286822a05f0 DEOPT UNPACKING pc=0x0000028694024e42 sp=0x0000009e0a0fa7b8 mode 1
Event: 2.681 Thread 0x00000286822a05f0 DEOPT PACKING pc=0x000002868cc99a79 sp=0x0000009e0a0fb420
Event: 2.681 Thread 0x00000286822a05f0 DEOPT UNPACKING pc=0x0000028694024e42 sp=0x0000009e0a0fa878 mode 1
Event: 2.681 Thread 0x00000286822a05f0 DEOPT PACKING pc=0x000002868cbc6a64 sp=0x0000009e0a0fb4b0
Event: 2.681 Thread 0x00000286822a05f0 DEOPT UNPACKING pc=0x0000028694024e42 sp=0x0000009e0a0fa958 mode 1
Event: 2.681 Thread 0x00000286822a05f0 DEOPT PACKING pc=0x000002868cc008f4 sp=0x0000009e0a0fbf00
Event: 2.681 Thread 0x00000286822a05f0 DEOPT UNPACKING pc=0x0000028694024e42 sp=0x0000009e0a0fb3c8 mode 1
Event: 2.681 Thread 0x00000286822a05f0 DEOPT PACKING pc=0x000002868cc0040c sp=0x0000009e0a0fbf90
Event: 2.682 Thread 0x00000286822a05f0 DEOPT UNPACKING pc=0x0000028694024e42 sp=0x0000009e0a0fb468 mode 1

Classes loaded (20 events):
Event: 2.806 Loading class org/springframework/boot/context/config/InactiveConfigDataAccessException
Event: 2.806 Loading class org/springframework/boot/context/config/InactiveConfigDataAccessException done
Event: 2.806 Loading class org/springframework/boot/context/config/ConfigDataException
Event: 2.806 Loading class org/springframework/boot/context/config/ConfigDataException done
Event: 2.807 Loading class org/springframework/boot/context/config/ConfigDataNotFoundException
Event: 2.807 Loading class org/springframework/boot/context/config/ConfigDataNotFoundException done
Event: 2.807 Loading class org/springframework/boot/context/config/ConfigDataLocationNotFoundException
Event: 2.807 Loading class org/springframework/boot/context/config/ConfigDataLocationNotFoundException done
Event: 2.810 Loading class org/springframework/boot/context/config/ConfigDataLocation
Event: 2.810 Loading class org/springframework/boot/context/config/ConfigDataLocation done
Event: 2.812 Loading class org/springframework/boot/context/config/ConfigDataEnvironmentContributors$BinderOption
Event: 2.812 Loading class org/springframework/boot/context/config/ConfigDataEnvironmentContributors$BinderOption done
Event: 2.813 Loading class org/springframework/boot/context/properties/bind/PropertySourcesPlaceholdersResolver
Event: 2.813 Loading class org/springframework/boot/context/properties/bind/PropertySourcesPlaceholdersResolver done
Event: 2.813 Loading class org/springframework/boot/context/config/ConfigDataNotFoundAction
Event: 2.813 Loading class org/springframework/boot/context/config/ConfigDataNotFoundAction done
Event: 2.816 Loading class org/springframework/boot/context/config/ConfigDataNotFoundAction$1
Event: 2.816 Loading class org/springframework/boot/context/config/ConfigDataNotFoundAction$1 done
Event: 2.817 Loading class org/springframework/boot/context/config/ConfigDataNotFoundAction$2
Event: 2.817 Loading class org/springframework/boot/context/config/ConfigDataNotFoundAction$2 done

Classes unloaded (0 events):
No events

Classes redefined (0 events):
No events

Internal exceptions (20 events):
Event: 1.550 Thread 0x00000286822a05f0 Exception <a 'java/lang/NoSuchMethodError'{0x0000000623160170}: 'java.lang.Object java.lang.invoke.Invokers$Holder.linkToTargetMethod(java.lang.Object, long, java.lang.Object, java.lang.Object)'> (0x0000000623160170) 
thrown [s\open\src\hotspot\share\interpreter\linkResolver.cpp, line 773]
Event: 1.802 Thread 0x00000286822a05f0 Exception <a 'java/lang/NoSuchMethodError'{0x0000000622ea2b98}: 'int java.lang.invoke.DirectMethodHandle$Holder.invokeStaticInit(java.lang.Object, java.lang.Object, java.lang.Object)'> (0x0000000622ea2b98) 
thrown [s\open\src\hotspot\share\interpreter\linkResolver.cpp, line 773]
Event: 1.849 Thread 0x00000286822a05f0 Exception <a 'java/lang/NoSuchMethodError'{0x0000000622fc8128}: 'int java.lang.invoke.DirectMethodHandle$Holder.invokeInterface(java.lang.Object, java.lang.Object)'> (0x0000000622fc8128) 
thrown [s\open\src\hotspot\share\interpreter\linkResolver.cpp, line 773]
Event: 1.893 Thread 0x00000286822a05f0 Exception <a 'java/lang/NoSuchMethodError'{0x00000006228c92d8}: 'void java.lang.invoke.DirectMethodHandle$Holder.invokeStaticInit(java.lang.Object, java.lang.Object)'> (0x00000006228c92d8) 
thrown [s\open\src\hotspot\share\interpreter\linkResolver.cpp, line 773]
Event: 1.908 Thread 0x00000286822a05f0 Exception <a 'java/lang/NoSuchMethodError'{0x00000006229094b8}: 'java.lang.Object java.lang.invoke.DirectMethodHandle$Holder.invokeStatic(java.lang.Object, int, java.lang.Object)'> (0x00000006229094b8) 
thrown [s\open\src\hotspot\share\interpreter\linkResolver.cpp, line 773]
Event: 1.943 Thread 0x00000286822a05f0 Exception <a 'java/lang/NoSuchMethodError'{0x000000062298dac0}: 'int java.lang.invoke.DirectMethodHandle$Holder.invokeVirtual(java.lang.Object, java.lang.Object, java.lang.Object)'> (0x000000062298dac0) 
thrown [s\open\src\hotspot\share\interpreter\linkResolver.cpp, line 773]
Event: 2.027 Thread 0x00000286822a05f0 Exception <a 'java/lang/IncompatibleClassChangeError'{0x0000000622ae5390}: Found class java.lang.Object, but interface was expected> (0x0000000622ae5390) 
thrown [s\open\src\hotspot\share\interpreter\linkResolver.cpp, line 840]
Event: 2.118 Thread 0x00000286822a05f0 Exception <a 'java/lang/NoSuchMethodError'{0x0000000622423908}: 'int java.lang.invoke.DirectMethodHandle$Holder.invokeSpecial(java.lang.Object, java.lang.Object, java.lang.Object, java.lang.Object)'> (0x0000000622423908) 
thrown [s\open\src\hotspot\share\interpreter\linkResolver.cpp, line 773]
Event: 2.129 Thread 0x00000286822a05f0 Exception <a 'java/lang/NoSuchMethodError'{0x0000000622442390}: 'int java.lang.invoke.DirectMethodHandle$Holder.invokeSpecial(java.lang.Object, java.lang.Object, java.lang.Object, java.lang.Object, java.lang.Object)'> (0x0000000622442390) 
thrown [s\open\src\hotspot\share\interpreter\linkResolver.cpp, line 773]
Event: 2.135 Thread 0x00000286822a05f0 Exception <a 'java/lang/NoSuchMethodError'{0x0000000622451298}: 'void java.lang.invoke.DirectMethodHandle$Holder.invokeVirtual(java.lang.Object, java.lang.Object)'> (0x0000000622451298) 
thrown [s\open\src\hotspot\share\interpreter\linkResolver.cpp, line 773]
Event: 2.316 Thread 0x00000286822a05f0 Exception <a 'java/lang/NoSuchMethodError'{0x0000000622748ea8}: 'void java.lang.invoke.DirectMethodHandle$Holder.invokeVirtual(java.lang.Object, java.lang.Object, java.lang.Object, java.lang.Object)'> (0x0000000622748ea8) 
thrown [s\open\src\hotspot\share\interpreter\linkResolver.cpp, line 773]
Event: 2.536 Thread 0x00000286822a05f0 Exception <a 'java/lang/NoSuchMethodError'{0x00000006237f2708}: 'java.lang.Object java.lang.invoke.DirectMethodHandle$Holder.newInvokeSpecial(java.lang.Object, java.lang.Object, java.lang.Object, java.lang.Object, java.lang.Object, java.lang.Object, java.lang.Object)'> (0x00000006237f2708) 
thrown [s\open\src\hotspot\share\interpreter\linkResolver.cpp, line 773]
Event: 2.571 Thread 0x00000286822a05f0 Exception <a 'java/lang/NoSuchMethodError'{0x000000062314bf50}: 'java.lang.Object java.lang.invoke.DirectMethodHandle$Holder.invokeInterface(java.lang.Object, java.lang.Object, java.lang.Object, java.lang.Object)'> (0x000000062314bf50) 
thrown [s\open\src\hotspot\share\interpreter\linkResolver.cpp, line 773]
Event: 2.573 Thread 0x00000286822a05f0 Exception <a 'java/lang/NoSuchMethodError'{0x0000000623166268}: 'java.lang.Object java.lang.invoke.DirectMethodHandle$Holder.newInvokeSpecial(java.lang.Object, java.lang.Object, java.lang.Object, java.lang.Object, int)'> (0x0000000623166268) 
thrown [s\open\src\hotspot\share\interpreter\linkResolver.cpp, line 773]
Event: 2.574 Thread 0x00000286822a05f0 Exception <a 'java/lang/NoSuchMethodError'{0x000000062316a7b0}: 'java.lang.Object java.lang.invoke.DirectMethodHandle$Holder.invokeSpecial(java.lang.Object, java.lang.Object, java.lang.Object, java.lang.Object, java.lang.Object, int)'> (0x000000062316a7b0) 
thrown [s\open\src\hotspot\share\interpreter\linkResolver.cpp, line 773]
Event: 2.575 Thread 0x00000286822a05f0 Exception <a 'java/lang/NoSuchMethodError'{0x000000062316e4d0}: 'java.lang.Object java.lang.invoke.Invokers$Holder.linkToTargetMethod(java.lang.Object, java.lang.Object, java.lang.Object, int, java.lang.Object)'> (0x000000062316e4d0) 
thrown [s\open\src\hotspot\share\interpreter\linkResolver.cpp, line 773]
Event: 2.580 Thread 0x00000286822a05f0 Exception <a 'java/lang/NoSuchMethodError'{0x000000062319aac0}: 'java.lang.Object java.lang.invoke.DirectMethodHandle$Holder.invokeInterface(java.lang.Object, java.lang.Object, java.lang.Object, java.lang.Object, java.lang.Object)'> (0x000000062319aac0) 
thrown [s\open\src\hotspot\share\interpreter\linkResolver.cpp, line 773]
Event: 2.580 Thread 0x00000286822a05f0 Exception <a 'java/lang/IncompatibleClassChangeError'{0x000000062319e5e8}: Found class java.lang.Object, but interface was expected> (0x000000062319e5e8) 
thrown [s\open\src\hotspot\share\interpreter\linkResolver.cpp, line 840]
Event: 2.702 Thread 0x00000286822a05f0 Exception <a 'java/lang/IncompatibleClassChangeError'{0x0000000622d4f8d8}: Found class java.lang.Object, but interface was expected> (0x0000000622d4f8d8) 
thrown [s\open\src\hotspot\share\interpreter\linkResolver.cpp, line 840]
Event: 2.714 Thread 0x00000286822a05f0 Exception <a 'sun/nio/fs/WindowsException'{0x0000000622da0d78}> (0x0000000622da0d78) 
thrown [s\open\src\hotspot\share\prims\jni.cpp, line 520]

ZGC Phase Switch (0 events):
No events

VM Operations (20 events):
Event: 1.341 Executing VM operation: G1CollectForAllocation (G1 Evacuation Pause)
Event: 1.346 Executing VM operation: G1CollectForAllocation (G1 Evacuation Pause) done
Event: 1.451 Executing VM operation: HandshakeAllThreads (Deoptimize)
Event: 1.451 Executing VM operation: HandshakeAllThreads (Deoptimize) done
Event: 1.519 Executing VM operation: HandshakeAllThreads (Deoptimize)
Event: 1.519 Executing VM operation: HandshakeAllThreads (Deoptimize) done
Event: 1.694 Executing VM operation: HandshakeAllThreads (Deoptimize)
Event: 1.694 Executing VM operation: HandshakeAllThreads (Deoptimize) done
Event: 1.695 Executing VM operation: HandshakeAllThreads (Deoptimize)
Event: 1.695 Executing VM operation: HandshakeAllThreads (Deoptimize) done
Event: 2.048 Executing VM operation: HandshakeAllThreads (Deoptimize)
Event: 2.048 Executing VM operation: HandshakeAllThreads (Deoptimize) done
Event: 2.298 Executing VM operation: ICBufferFull
Event: 2.298 Executing VM operation: ICBufferFull done
Event: 2.309 Executing VM operation: HandshakeAllThreads (Deoptimize)
Event: 2.309 Executing VM operation: HandshakeAllThreads (Deoptimize) done
Event: 2.341 Executing VM operation: G1CollectForAllocation (G1 Evacuation Pause)
Event: 2.349 Executing VM operation: G1CollectForAllocation (G1 Evacuation Pause) done
Event: 2.585 Executing VM operation: HandshakeAllThreads (Deoptimize)
Event: 2.585 Executing VM operation: HandshakeAllThreads (Deoptimize) done

Events (15 events):
Event: 0.048 Thread 0x00000286822a05f0 Thread added: 0x00000286822a05f0
Event: 0.072 Thread 0x00000286a8bcd1a0 Thread added: 0x00000286a8bcd1a0
Event: 0.072 Thread 0x00000286a8bce0c0 Thread added: 0x00000286a8bce0c0
Event: 0.073 Thread 0x00000286a8bd2390 Thread added: 0x00000286a8bd2390
Event: 0.073 Thread 0x00000286a8bd4290 Thread added: 0x00000286a8bd4290
Event: 0.073 Thread 0x00000286a8bd4cf0 Thread added: 0x00000286a8bd4cf0
Event: 0.073 Thread 0x00000286a8bd6760 Thread added: 0x00000286a8bd6760
Event: 0.073 Thread 0x00000286a8be2a00 Thread added: 0x00000286a8be2a00
Event: 0.074 Thread 0x00000286a8be34a0 Thread added: 0x00000286a8be34a0
Event: 0.213 Thread 0x00000286a8cd17d0 Thread added: 0x00000286a8cd17d0
Event: 0.259 Thread 0x00000286a8db23c0 Thread added: 0x00000286a8db23c0
Event: 0.259 Thread 0x00000286a8db3050 Thread added: 0x00000286a8db3050
Event: 0.260 Thread 0x00000286a8ddafa0 Thread added: 0x00000286a8ddafa0
Event: 0.314 Thread 0x00000286a8e43d00 Thread added: 0x00000286a8e43d00
Event: 0.392 Thread 0x00000286a8ee7c90 Thread added: 0x00000286a8ee7c90


Dynamic libraries:
0x00007ff6330a0000 - 0x00007ff6330b0000 	C:\Program Files\Java\jdk-21\bin\java.exe
0x00007ffee8450000 - 0x00007ffee8667000 	C:\WINDOWS\SYSTEM32\ntdll.dll
0x00007ffee6960000 - 0x00007ffee6a24000 	C:\WINDOWS\System32\KERNEL32.DLL
0x00007ffee5b80000 - 0x00007ffee5f2d000 	C:\WINDOWS\System32\KERNELBASE.dll
0x00007ffee5a60000 - 0x00007ffee5b71000 	C:\WINDOWS\System32\ucrtbase.dll
0x00007ffec5be0000 - 0x00007ffec5bf9000 	C:\Program Files\Java\jdk-21\bin\jli.dll
0x00007ffec4e10000 - 0x00007ffec4e2b000 	C:\Program Files\Java\jdk-21\bin\VCRUNTIME140.dll
0x00007ffee6220000 - 0x00007ffee62d2000 	C:\WINDOWS\System32\ADVAPI32.dll
0x00007ffee6ab0000 - 0x00007ffee6b57000 	C:\WINDOWS\System32\msvcrt.dll
0x00007ffee70a0000 - 0x00007ffee7149000 	C:\WINDOWS\System32\sechost.dll
0x00007ffee5780000 - 0x00007ffee57a8000 	C:\WINDOWS\System32\bcrypt.dll
0x00007ffee74e0000 - 0x00007ffee75f4000 	C:\WINDOWS\System32\RPCRT4.dll
0x00007ffee62e0000 - 0x00007ffee648e000 	C:\WINDOWS\System32\USER32.dll
0x00007ffee5fd0000 - 0x00007ffee5ff6000 	C:\WINDOWS\System32\win32u.dll
0x00007ffec7080000 - 0x00007ffec7313000 	C:\WINDOWS\WinSxS\amd64_microsoft.windows.common-controls_6595b64144ccf1df_6.0.22621.3672_none_2713b9d173822955\COMCTL32.dll
0x00007ffee76c0000 - 0x00007ffee76e9000 	C:\WINDOWS\System32\GDI32.dll
0x00007ffee6070000 - 0x00007ffee6189000 	C:\WINDOWS\System32\gdi32full.dll
0x00007ffee5f30000 - 0x00007ffee5fca000 	C:\WINDOWS\System32\msvcp_win.dll
0x00007ffedcb40000 - 0x00007ffedcb4a000 	C:\WINDOWS\SYSTEM32\VERSION.dll
0x00007ffee6910000 - 0x00007ffee6941000 	C:\WINDOWS\System32\IMM32.DLL
0x00007ffed3cd0000 - 0x00007ffed3cdc000 	C:\Program Files\Java\jdk-21\bin\vcruntime140_1.dll
0x00007ffea26f0000 - 0x00007ffea277e000 	C:\Program Files\Java\jdk-21\bin\msvcp140.dll
0x00007ffe5a3c0000 - 0x00007ffe5b0d5000 	C:\Program Files\Java\jdk-21\bin\server\jvm.dll
0x00007ffee7700000 - 0x00007ffee7771000 	C:\WINDOWS\System32\WS2_32.dll
0x00007ffee45d0000 - 0x00007ffee461d000 	C:\WINDOWS\SYSTEM32\POWRPROF.dll
0x00007ffece410000 - 0x00007ffece444000 	C:\WINDOWS\SYSTEM32\WINMM.dll
0x00007ffee45b0000 - 0x00007ffee45c3000 	C:\WINDOWS\SYSTEM32\UMPDC.dll
0x00007ffee4860000 - 0x00007ffee4878000 	C:\WINDOWS\SYSTEM32\kernel.appcore.dll
0x00007ffec9870000 - 0x00007ffec987a000 	C:\Program Files\Java\jdk-21\bin\jimage.dll
0x00007ffee2f90000 - 0x00007ffee31c2000 	C:\WINDOWS\SYSTEM32\DBGHELP.DLL
0x00007ffee6d10000 - 0x00007ffee7098000 	C:\WINDOWS\System32\combase.dll
0x00007ffee71a0000 - 0x00007ffee7277000 	C:\WINDOWS\System32\OLEAUT32.dll
0x00007ffedc500000 - 0x00007ffedc532000 	C:\WINDOWS\SYSTEM32\dbgcore.DLL
0x00007ffee59e0000 - 0x00007ffee5a5b000 	C:\WINDOWS\System32\bcryptPrimitives.dll
0x00007ffee1ab0000 - 0x00007ffee1aec000 	C:\Program Files\Java\jdk-21\bin\jdwp.dll
0x00007ffed3cc0000 - 0x00007ffed3ccf000 	C:\Program Files\Java\jdk-21\bin\instrument.dll
0x00007ffec3b60000 - 0x00007ffec3b7f000 	C:\Program Files\Java\jdk-21\bin\java.dll
0x00007ffebb0a0000 - 0x00007ffebb0b8000 	C:\Program Files\Java\jdk-21\bin\zip.dll
0x00007ffee77e0000 - 0x00007ffee803f000 	C:\WINDOWS\System32\SHELL32.dll
0x00007ffee3680000 - 0x00007ffee3f7c000 	C:\WINDOWS\SYSTEM32\windows.storage.dll
0x00007ffee3540000 - 0x00007ffee367f000 	C:\WINDOWS\SYSTEM32\wintypes.dll
0x00007ffee6bb0000 - 0x00007ffee6ca4000 	C:\WINDOWS\System32\SHCORE.dll
0x00007ffee6cb0000 - 0x00007ffee6d0e000 	C:\WINDOWS\System32\shlwapi.dll
0x00007ffee56b0000 - 0x00007ffee56d1000 	C:\WINDOWS\SYSTEM32\profapi.dll
0x00007ffea1ad0000 - 0x00007ffea1ba7000 	C:\Program Files\Java\jdk-21\bin\jsvml.dll
0x00007ffee1cc0000 - 0x00007ffee1ccc000 	C:\Program Files\Java\jdk-21\bin\dt_socket.dll
0x00007ffee4260000 - 0x00007ffee428d000 	C:\WINDOWS\SYSTEM32\IPHLPAPI.DLL
0x00007ffee4cc0000 - 0x00007ffee4d29000 	C:\WINDOWS\system32\mswsock.dll
0x00007ffec9650000 - 0x00007ffec9660000 	C:\Program Files\Java\jdk-21\bin\net.dll
0x00007ffedf670000 - 0x00007ffedf7a6000 	C:\WINDOWS\SYSTEM32\WINHTTP.dll
0x00007ffebede0000 - 0x00007ffebedf6000 	C:\Program Files\Java\jdk-21\bin\nio.dll

dbghelp: loaded successfully - version: 4.0.5 - missing functions: none
symbol engine: initialized successfully - sym options: 0x614 - pdb path: .;C:\Program Files\Java\jdk-21\bin;C:\WINDOWS\SYSTEM32;C:\WINDOWS\WinSxS\amd64_microsoft.windows.common-controls_6595b64144ccf1df_6.0.22621.3672_none_2713b9d173822955;C:\Program Files\Java\jdk-21\bin\server

VM Arguments:
jvm_args: -agentlib:jdwp=transport=dt_socket,address=127.0.0.1:55997,suspend=y,server=n -ea -Didea.test.cyclic.buffer.size=1048576 -Dhxl.spring.invoke.port=33339 -javaagent:C:\Users\NGNAWEN\AppData\Local\JetBrains\IdeaIC2024.1\captureAgent\debugger-agent.jar -Dfile.encoding=UTF-8 -Dsun.stdout.encoding=UTF-8 -Dsun.stderr.encoding=UTF-8 
java_command: com.intellij.rt.junit.JUnitStarter -ideVersion5 -junit5 cm.belrose.config.processor.InvoiceResourceItemProcessorTest
java_class_path (initial): C:\Users\NGNAWEN\.m2\repository\org\junit\platform\junit-platform-launcher\1.10.3\junit-platform-launcher-1.10.3.jar;C:\Users\NGNAWEN\AppData\Local\Programs\IntelliJ IDEA Community Edition\lib\idea_rt.jar;C:\Users\NGNAWEN\AppData\Local\Programs\IntelliJ IDEA Community Edition\plugins\junit\lib\junit5-rt.jar;C:\Users\NGNAWEN\AppData\Local\Programs\IntelliJ IDEA Community Edition\plugins\junit\lib\junit-rt.jar;C:\Users\NGNAWEN\IdeaProjects\spring-batch-multiple-file-virtual-thread\target\test-classes;C:\Users\NGNAWEN\IdeaProjects\spring-batch-multiple-file-virtual-thread\target\classes;C:\Users\NGNAWEN\.m2\repository\org\springframework\boot\spring-boot-starter-batch\3.3.2\spring-boot-starter-batch-3.3.2.jar;C:\Users\NGNAWEN\.m2\repository\org\springframework\boot\spring-boot-starter\3.3.2\spring-boot-starter-3.3.2.jar;C:\Users\NGNAWEN\.m2\repository\org\springframework\boot\spring-boot\3.3.2\spring-boot-3.3.2.jar;C:\Users\NGNAWEN\.m2\repository\org\springframework\boot\spring-boot-autoconfigure\3.3.2\spring-boot-autoconfigure-3.3.2.jar;C:\Users\NGNAWEN\.m2\repository\org\springframework\boot\spring-boot-starter-logging\3.3.2\spring-boot-starter-logging-3.3.2.jar;C:\Users\NGNAWEN\.m2\repository\ch\qos\logback\logback-classic\1.5.6\logback-classic-1.5.6.jar;C:\Users\NGNAWEN\.m2\repository\ch\qos\logback\logback-core\1.5.6\logback-core-1.5.6.jar;C:\Users\NGNAWEN\.m2\repository\org\apache\logging\log4j\log4j-to-slf4j\2.23.1\log4j-to-slf4j-2.23.1.jar;C:\Users\NGNAWEN\.m2\repository\org\apache\logging\log4j\log4j-api\2.23.1\log4j-api-2.23.1.jar;C:\Users\NGNAWEN\.m2\repository\org\slf4j\jul-to-slf4j\2.0.13\jul-to-slf4j-2.0.13.jar;C:\Users\NGNAWEN\.m2\repository\jakarta\annotation\jakarta.annotation-api\2.1.1\jakarta.annotation-api-2.1.1.jar;C:\Users\NGNAWEN\.m2\repository\org\yaml\snakeyaml\2.2\snakeyaml-2.2.jar;C:\Users\NGNAWEN\.m2\repository\org\springframework\boot\spring-boot-starter-jdbc\3.3.2\spring-boot-starter-jdbc-3.3.2.jar;C:\Users\NGNAWEN\.m2\repository\com\zaxxer\HikariCP\5.1.0\HikariCP-5.1.0.jar;C:\Users\NGNAWEN\.m2\repository\org\springframework\batch\spring-batch-core\5.1.2\spring-batch-core-5.1.2.jar;C:\Users\NGNAWEN\.m2\repository\org\springframework\batch\spring-batch-infrastructure\5.1.2\spring-batch-infrastructure-5.1.2.jar;C:\Users\NGNAWEN\.m2\repository\org\springframework\retry\spring-retry\2.0.7\spring-retry-2.0.7.jar;C:\Users\NGNAWEN\.m2\repository\org\springframework\spring-aop\6.1.11\spring-aop-6.1.11.jar;C:\Users\NGNAWEN\.m2\repository\org\springframework\spring-beans\6.1.11\spring-beans-6.1.11.jar;C:\Users\NGNAWEN\.m2\repository\org\springframework\spring-context\6.1.11\spring-context-6.1.11.jar;C:\Users\NGNAWEN\.m2\repository\org\springframework\spring-tx\6.1.11\spring-tx-6.1.11.jar;C:\Users\NGNAWEN\.m2\repository\io\micrometer\micrometer-core\1.13.2\micrometer-core-1.13.2.jar;C:\Users\NGNAWEN\.m2\repository\io\micrometer\micrometer-commons\1.13.2\micrometer-commons-1.13.2.jar;C:\Users\NGNAWEN\.m2\repository\org\hdrhistogram\HdrHistogram\2.2.2\HdrHistogram-2.2.2.jar;C:\Users\NGNAWEN\.m2\repository\org\latencyutils\LatencyUtils\2.0.3\LatencyUtils-2.0.3.jar;C:\Users\NGNAWEN\.m2\repository\io\micrometer\micrometer-observation\1.13.2\micrometer-observation-1.13.2.jar;C:\Users\NGNAWEN\.m2\repository\org\springframework\boot\spring-boot-starter-data-jpa\3.3.2\spring-boot-starter-data-jpa-3.3.2.jar;C:\Users\NGNAWEN\.m2\repository\org\springframework\boot\spring-boot-starter-aop\3.3.2\spring-boot-starter-aop-3.3.2.jar;C:\Users\NGNAWEN\.m2\repository\org\aspectj\aspectjweaver\1.9.22.1\aspectjweaver-1.9.22.1.jar;C:\Users\NGNAWEN\.m2\repository\org\hibernate\orm\hibernate-core\6.5.2.Final\hibernate-core-6.5.2.Final.jar;C:\Users\NGNAWEN\.m2\repository\jakarta\persistence\jakarta.persistence-api\3.1.0\jakarta.persistence-api-3.1.0.jar;C:\Users\NGNAWEN\.m2\repository\jakarta\transaction\jakarta.transaction-api\2.0.1\jakarta.transaction-api-2.0.1.jar;C:\Users\NGNAWEN\.m2\repository\org\jboss\logging\jboss-logging\3.5.3.Final\jboss-logging-3.5.3.Final.jar;C:\Users\NGNAWEN\.m2\repository\org\hibernate\common\hibernate-commons-annotations\6.0.6.Final\hibernate-commons-annotations-6.0.6.Final.jar;C:\Users\NGNAWEN\.m2\repository\io\smallrye\jandex\3.1.2\jandex-3.1.2.jar;C:\Users\NGNAWEN\.m2\repository\com\fasterxml\classmate\1.7.0\classmate-1.7.0.jar;C:\Users\NGNAWEN\.m2\repository\net\bytebuddy\byte-buddy\1.14.18\byte-buddy-1.14.18.jar;C:\Users\NGNAWEN\.m2\repository\org\glassfish\jaxb\jaxb-runtime\4.0.5\jaxb-runtime-4.0.5.jar;C:\Users\NGNAWEN\.m2\repository\org\glassfish\jaxb\jaxb-core\4.0.5\jaxb-core-4.0.5.jar;C:\Users\NGNAWEN\.m2\repository\org\eclipse\angus\angus-activation\2.0.2\angus-activation-2.0.2.jar;C:\Users\NGNAWEN\.m2\repository\org\glassfish\jaxb\txw2\4.0.5\txw2-4.0.5.jar;C:\Users\NGNAWEN\.m2\repository\com\sun\istack\istack-commons-runtime\4.1.2\istack-commons-runtime-4.1.2.jar;C:\Users\NGNAWEN\.m2\repository\jakarta\inject\jakarta.inject-api\2.0.1\jakarta.inject-api-2.0.1.jar;C:\Users\NGNAWEN\.m2\repository\org\antlr\antlr4-runtime\4.13.0\antlr4-runtime-4.13.0.jar;C:\Users\NGNAWEN\.m2\repository\org\springframework\data\spring-data-jpa\3.3.2\spring-data-jpa-3.3.2.jar;C:\Users\NGNAWEN\.m2\repository\org\springframework\data\spring-data-commons\3.3.2\spring-data-commons-3.3.2.jar;C:\Users\NGNAWEN\.m2\repository\org\springframework\spring-orm\6.1.11\spring-orm-6.1.11.jar;C:\Users\NGNAWEN\.m2\repository\org\slf4j\slf4j-api\2.0.13\slf4j-api-2.0.13.jar;C:\Users\NGNAWEN\.m2\repository\org\springframework\spring-aspects\6.1.11\spring-aspects-6.1.11.jar;C:\Users\NGNAWEN\.m2\repository\org\springframework\boot\spring-boot-starter-web\3.3.2\spring-boot-starter-web-3.3.2.jar;C:\Users\NGNAWEN\.m2\repository\org\springframework\boot\spring-boot-starter-json\3.3.2\spring-boot-starter-json-3.3.2.jar;C:\Users\NGNAWEN\.m2\repository\com\fasterxml\jackson\datatype\jackson-datatype-jdk8\2.17.2\jackson-datatype-jdk8-2.17.2.jar;C:\Users\NGNAWEN\.m2\repository\com\fasterxml\jackson\datatype\jackson-datatype-jsr310\2.17.2\jackson-datatype-jsr310-2.17.2.jar;C:\Users\NGNAWEN\.m2\repository\com\fasterxml\jackson\module\jackson-module-parameter-names\2.17.2\jackson-module-parameter-names-2.17.2.jar;C:\Users\NGNAWEN\.m2\repository\org\springframework\boot\spring-boot-starter-tomcat\3.3.2\spring-boot-starter-tomcat-3.3.2.jar;C:\Users\NGNAWEN\.m2\repository\org\apache\tomcat\embed\tomcat-embed-core\10.1.26\tomcat-embed-core-10.1.26.jar;C:\Users\NGNAWEN\.m2\repository\org\apache\tomcat\embed\tomcat-embed-el\10.1.26\tomcat-embed-el-10.1.26.jar;C:\Users\NGNAWEN\.m2\repository\org\apache\tomcat\embed\tomcat-embed-websocket\10.1.26\tomcat-embed-websocket-10.1.26.jar;C:\Users\NGNAWEN\.m2\repository\org\springframework\spring-web\6.1.11\spring-web-6.1.11.jar;C:\Users\NGNAWEN\.m2\repository\org\springframework\spring-webmvc\6.1.11\spring-webmvc-6.1.11.jar;C:\Users\NGNAWEN\.m2\repository\org\springframework\spring-expression\6.1.11\spring-expression-6.1.11.jar;C:\Users\NGNAWEN\.m2\repository\com\mysql\mysql-connector-j\8.3.0\mysql-connector-j-8.3.0.jar;C:\Users\NGNAWEN\.m2\repository\org\projectlombok\lombok\1.18.34\lombok-1.18.34.jar;C:\Users\NGNAWEN\.m2\repository\org\springframework\boot\spring-boot-starter-test\3.3.2\spring-boot-starter-test-3.3.2.jar;C:\Users\NGNAWEN\.m2\repository\org\springframework\boot\spring-boot-test\3.3.2\spring-boot-test-3.3.2.jar;C:\Users\NGNAWEN\.m2\repository\org\springframework\boot\spring-boot-test-autoconfigure\3.3.2\spring-boot-test-autoconfigure-3.3.2.jar;C:\Users\NGNAWEN\.m2\repository\com\jayway\jsonpath\json-path\2.9.0\json-path-2.9.0.jar;C:\Users\NGNAWEN\.m2\repository\jakarta\xml\bind\jakarta.xml.bind-api\4.0.2\jakarta.xml.bind-api-4.0.2.jar;C:\Users\NGNAWEN\.m2\repository\jakarta\activation\jakarta.activation-api\2.1.3\jakarta.activation-api-2.1.3.jar;C:\Users\NGNAWEN\.m2\repository\net\minidev\json-smart\2.5.1\json-smart-2.5.1.jar;C:\Users\NGNAWEN\.m2\repository\net\minidev\accessors-smart\2.5.1\accessors-smart-2.5.1.jar;C:\Users\NGNAWEN\.m2\repository\org\ow2\asm\asm\9.6\asm-9.6.jar;C:\Users\NGNAWEN\.m2\repository\org\assertj\assertj-core\3.25.3\assertj-core-3.25.3.jar;C:\Users\NGNAWEN\.m2\repository\org\awaitility\awaitility\4.2.1\awaitility-4.2.1.jar;C:\Users\NGNAWEN\.m2\repository\org\hamcrest\hamcrest\2.2\hamcrest-2.2.jar;C:\Users\NGNAWEN\.m2\repository\org\junit\jupiter\junit-jupiter\5.10.3\junit-jupiter-5.10.3.jar;C:\Users\NGNAWEN\.m2\repository\org\junit\jupiter\junit-jupiter-api\5.10.3\junit-jupiter-api-5.10.3.jar;C:\Users\NGNAWEN\.m2\repository\org\opentest4j\opentest4j\1.3.0\opentest4j-1.3.0.jar;C:\Users\NGNAWEN\.m2\repository\org\junit\platform\junit-platform-commons\1.10.3\junit-platform-commons-1.10.3.jar;C:\Users\NGNAWEN\.m2\repository\org\apiguardian\apiguardian-api\1.1.2\apiguardian-api-1.1.2.jar;C:\Users\NGNAWEN\.m2\repository\org\junit\jupiter\junit-jupiter-params\5.10.3\junit-jupiter-params-5.10.3.jar;C:\Users\NGNAWEN\.m2\repository\org\junit\jupiter\junit-jupiter-engine\5.10.3\junit-jupiter-engine-5.10.3.jar;C:\Users\NGNAWEN\.m2\repository\org\junit\platform\junit-platform-engine\1.10.3\junit-platform-engine-1.10.3.jar;C:\Users\NGNAWEN\.m2\repository\org\mockito\mockito-core\5.11.0\mockito-core-5.11.0.jar;C:\Users\NGNAWEN\.m2\repository\net\bytebuddy\byte-buddy-agent\1.14.18\byte-buddy-agent-1.14.18.jar;C:\Users\NGNAWEN\.m2\repository\org\objenesis\objenesis\3.3\objenesis-3.3.jar;C:\Users\NGNAWEN\.m2\repository\org\mockito\mockito-junit-jupiter\5.11.0\mockito-junit-jupiter-5.11.0.jar;C:\Users\NGNAWEN\.m2\repository\org\skyscreamer\jsonassert\1.5.3\jsonassert-1.5.3.jar;C:\Users\NGNAWEN\.m2\repository\com\vaadin\external\google\android-json\0.0.20131108.vaadin1\android-json-0.0.20131108.vaadin1.jar;C:\Users\NGNAWEN\.m2\repository\org\springframework\spring-core\6.1.11\spring-core-6.1.11.jar;C:\Users\NGNAWEN\.m2\repository\org\springframework\spring-jcl\6.1.11\spring-jcl-6.1.11.jar;C:\Users\NGNAWEN\.m2\repository\org\springframework\spring-test\6.1.11\spring-test-6.1.11.jar;C:\Users\NGNAWEN\.m2\repository\org\xmlunit\xmlunit-core\2.9.1\xmlunit-core-2.9.1.jar;C:\Users\NGNAWEN\.m2\repository\org\springframework\batch\spring-batch-test\5.1.2\spring-batch-test-5.1.2.jar;C:\Users\NGNAWEN\.m2\repository\org\springframework\spring-jdbc\6.1.11\spring-jdbc-6.1.11.jar;C:\Users\NGNAWEN\.m2\repository\com\fasterxml\jackson\core\jackson-databind\2.17.2\jackson-databind-2.17.2.jar;C:\Users\NGNAWEN\.m2\repository\com\fasterxml\jackson\core\jackson-annotations\2.17.2\jackson-annotations-2.17.2.jar;C:\Users\NGNAWEN\.m2\repository\com\fasterxml\jackson\core\jackson-core\2.17.2\jackson-core-2.17.2.jar;C:\Users\NGNAWEN\.config\.cool-request\request\lib\spring-invoke-starter.jar
Launcher Type: SUN_STANDARD

[Global flags]
     intx CICompilerCount                          = 4                                         {product} {ergonomic}
     uint ConcGCThreads                            = 3                                         {product} {ergonomic}
     uint G1ConcRefinementThreads                  = 10                                        {product} {ergonomic}
   size_t G1HeapRegionSize                         = 4194304                                   {product} {ergonomic}
    uintx GCDrainStackTargetSize                   = 64                                        {product} {ergonomic}
   size_t InitialHeapSize                          = 536870912                                 {product} {ergonomic}
   size_t MarkStackSize                            = 4194304                                   {product} {ergonomic}
   size_t MaxHeapSize                              = 8531214336                                {product} {ergonomic}
   size_t MaxNewSize                               = 5117050880                                {product} {ergonomic}
   size_t MinHeapDeltaBytes                        = 4194304                                   {product} {ergonomic}
   size_t MinHeapSize                              = 8388608                                   {product} {ergonomic}
    uintx NonNMethodCodeHeapSize                   = 5839372                                {pd product} {ergonomic}
    uintx NonProfiledCodeHeapSize                  = 122909434                              {pd product} {ergonomic}
    uintx ProfiledCodeHeapSize                     = 122909434                              {pd product} {ergonomic}
    uintx ReservedCodeCacheSize                    = 251658240                              {pd product} {ergonomic}
     bool SegmentedCodeCache                       = true                                      {product} {ergonomic}
   size_t SoftMaxHeapSize                          = 8531214336                             {manageable} {ergonomic}
     bool UseCompressedOops                        = true                           {product lp64_product} {ergonomic}
     bool UseG1GC                                  = true                                      {product} {ergonomic}
     bool UseLargePagesIndividualAllocation        = false                                  {pd product} {ergonomic}

Logging:
Log output configuration:
 #0: stdout all=warning uptime,level,tags foldmultilines=false
 #1: stderr all=off uptime,level,tags foldmultilines=false

Environment Variables:
JAVA_HOME=C:\Program Files\Java\jdk-21
PATH=C:\Program Files\Microsoft SDKs\Azure\CLI2\wbin;C:\Python312\Scripts\;C:\Python312\;C:\Program Files\Java\jdk-21\bin;C:\Program Files\Common Files\Oracle\Java\javapath;C:\WINDOWS\system32;C:\WINDOWS;C:\WINDOWS\System32\Wbem;C:\WINDOWS\System32\WindowsPowerShell\v1.0\;C:\WINDOWS\System32\OpenSSH\;C:\Program Files (x86)\MySQL\MySQL Server 5.0\bin;C:\Program Files\apache-maven-3.8.1\bin;C:\TDM-GCC-32\bin;C:\ProgramData\chocolatey\bin;C:\Users\NGNAWEN\AppData\Roaming\nvm;C:\Program Files\nodejs;C:\Program Files\dotnet\;C:\Program Files (x86)\dotnet\;C:\Program Files\Kubernetes\Minikube;C:\kubectl;C:\Program Files\Docker\Docker\resources\bin;C:\kafka\bin;C:\src\flutter\bin;C:\Users\NGNAWEN\AppData\Local\Android\Sdk\platforms;C:\Users\NGNAWEN\AppData\Local\Android\Sdk\platform-tools;C:\Program Files\nodejs\;C:\openapi-generator-cli\;C:\Program Files\Microsoft\Azure Functions Core Tools\;C:\Gradle\gradle-8.9\bin;C:\Program Files (x86)\Windows Kits\10\Windows Performance Toolkit\;C:\Program Files\Microsoft SQL Server\150\Tools\Binn\;C:\Program Files\Microsoft SQL Server\Client SDK\ODBC\170\Tools\Binn\;C:\Program Files\Git\cmd;C:\Program Files\PowerShell\7\;C:\Users\NGNAWEN\scoop\shims;C:\Program Files\Java\jdk-21\bin;C:\Users\NGNAWEN\AppData\Local\Microsoft\WindowsApps;C:\Gradle\gradle-8.6\bin;C:\tools\groovy-3.0.8\bin;C:\Users\NGNAWEN\AppData\Roaming\nvm;C:\Program Files\nodejs;C:\Users\NGNAWEN\.dotnet\tools;C:\Users\NGNAWEN\AppData\Local\Microsoft\WindowsApps;C:\Users\NGNAWEN\AppData\Local\GitHubDesktop\bin;C:\Users\NGNAWEN\AppData\Local\Programs\Microsoft VS Code\bin;C:\Program Files\JetBrains\IntelliJ IDEA Community Edition 2022.2\bin;C:\Users\NGNAWEN\AppData\Local\JetBrains\Toolbox\scripts;C:\apache-jmeter-5.6.2\bin;C:\kafka\bin;C:\src\flutter\bin;C:\Users\NGNAWEN\AppData\Roaming\npm;C:\Users\NGNAWEN\.dotnet\tools
USERNAME=NGNAWEN
OS=Windows_NT
PROCESSOR_IDENTIFIER=Intel64 Family 6 Model 158 Stepping 10, GenuineIntel
TMP=C:\Users\NGNAWEN\AppData\Local\Temp
TEMP=C:\Users\NGNAWEN\AppData\Local\Temp




Periodic native trim disabled

---------------  S Y S T E M  ---------------

OS:
 Windows 11 , 64 bit Build 22621 (10.0.22621.3672)
OS uptime: 15 days 5:35 hours
Hyper-V role detected

CPU: total 12 (initial active 12) (6 cores per cpu, 2 threads per core) family 6 model 158 stepping 10 microcode 0xde, cx8, cmov, fxsr, ht, mmx, 3dnowpref, sse, sse2, sse3, ssse3, sse4.1, sse4.2, popcnt, lzcnt, tsc, tscinvbit, avx, avx2, aes, erms, clmul, bmi1, bmi2, adx, fma, vzeroupper, clflush, clflushopt, hv, rdtscp, f16c
Processor Information for processor 0
  Max Mhz: 2592, Current Mhz: 1495, Mhz Limit: 2592
Processor Information for processor 1
  Max Mhz: 2592, Current Mhz: 1495, Mhz Limit: 2592
Processor Information for processor 2
  Max Mhz: 2592, Current Mhz: 2592, Mhz Limit: 2592
Processor Information for processor 3
  Max Mhz: 2592, Current Mhz: 1495, Mhz Limit: 2592
Processor Information for processor 4
  Max Mhz: 2592, Current Mhz: 2592, Mhz Limit: 2592
Processor Information for processor 5
  Max Mhz: 2592, Current Mhz: 2592, Mhz Limit: 2592
Processor Information for processor 6
  Max Mhz: 2592, Current Mhz: 2592, Mhz Limit: 2592
Processor Information for processor 7
  Max Mhz: 2592, Current Mhz: 1495, Mhz Limit: 2592
Processor Information for processor 8
  Max Mhz: 2592, Current Mhz: 2592, Mhz Limit: 2592
Processor Information for processor 9
  Max Mhz: 2592, Current Mhz: 1495, Mhz Limit: 2592
Processor Information for processor 10
  Max Mhz: 2592, Current Mhz: 2592, Mhz Limit: 2592
Processor Information for processor 11
  Max Mhz: 2592, Current Mhz: 2592, Mhz Limit: 2592

Memory: 4k page, system-wide physical 32535M (10170M free)
TotalPageFile size 35535M (AvailPageFile size 5M)
current process WorkingSet (physical memory assigned to process): 123M, peak: 124M
current process commit charge ("private bytes"): 656M, peak: 657M

vm_info: Java HotSpot(TM) 64-Bit Server VM (21.0.1+12-LTS-29) for windows-amd64 JRE (21.0.1+12-LTS-29), built on 2023-10-05T13:27:09Z by "mach5one" with MS VC++ 17.1 (VS2022)

END.
