#
# There is insufficient memory for the Java Runtime Environment to continue.
# Native memory allocation (mmap) failed to map 536870912 bytes for G1 virtual space
# Possible reasons:
#   The system is out of physical RAM or swap space
#   The process is running with CompressedOops enabled, and the Java Heap may be blocking the growth of the native heap
# Possible solutions:
#   Reduce memory load on the system
#   Increase physical memory or swap space
#   Check if swap backing store is full
#   Decrease Java heap size (-Xmx/-Xms)
#   Decrease number of Java threads
#   Decrease Java thread stack sizes (-Xss)
#   Set larger code cache with -XX:ReservedCodeCacheSize=
#   JVM is running with Zero Based Compressed Oops mode in which the Java heap is
#     placed in the first 32GB address space. The Java Heap base address is the
#     maximum limit for the native heap growth. Please use -XX:HeapBaseMinAddress
#     to set the Java Heap base and to place the Java Heap above 32GB virtual address.
# This output file may be truncated or incomplete.
#
#  Out of Memory Error (os_windows.cpp:3600), pid=38588, tid=12168
#
# JRE version:  (21.0.1+12) (build )
# Java VM: Java HotSpot(TM) 64-Bit Server VM (21.0.1+12-LTS-29, mixed mode, sharing, tiered, compressed oops, compressed class ptrs, g1 gc, windows-amd64)
# No core dump will be written. Minidumps are not enabled by default on client versions of Windows
#

---------------  S U M M A R Y ------------

Command Line: -Dnet.bytebuddy.agent.attacher.dump= net.bytebuddy.agent.Attacher com.sun.tools.attach.VirtualMachine 3980 C:\Users\NGNAWEN\.m2\repository\net\bytebuddy\byte-buddy-agent\1.14.18\byte-buddy-agent-1.14.18.jar false 

Host: Intel(R) Core(TM) i7-9750H CPU @ 2.60GHz, 12 cores, 31G,  Windows 11 , 64 bit Build 22621 (10.0.22621.3672)
Time: Wed Jul 31 12:38:39 2024 Eastern Daylight Time elapsed time: 0.017029 seconds (0d 0h 0m 0s)

---------------  T H R E A D  ---------------

Current thread (0x000002d214ddf640):  JavaThread "Unknown thread" [_thread_in_vm, id=12168, stack(0x000000d67b800000,0x000000d67b900000) (1024K)]

Stack: [0x000000d67b800000,0x000000d67b900000]
Native frames: (J=compiled Java code, j=interpreted, Vv=VM code, C=native code)
V  [jvm.dll+0x6c9029]
V  [jvm.dll+0x854b81]
V  [jvm.dll+0x856e5e]
V  [jvm.dll+0x857543]
V  [jvm.dll+0x280c06]
V  [jvm.dll+0x6c5715]
V  [jvm.dll+0x6ba10a]
V  [jvm.dll+0x3557ea]
V  [jvm.dll+0x35d436]
V  [jvm.dll+0x3ae1be]
V  [jvm.dll+0x3ae468]
V  [jvm.dll+0x3291fc]
V  [jvm.dll+0x329d8b]
V  [jvm.dll+0x81d179]
V  [jvm.dll+0x3bb4f1]
V  [jvm.dll+0x805ae8]
V  [jvm.dll+0x44effe]
V  [jvm.dll+0x450901]
C  [jli.dll+0x52a3]
C  [ucrtbase.dll+0x29333]
C  [KERNEL32.DLL+0x1257d]
C  [ntdll.dll+0x5af28]


---------------  P R O C E S S  ---------------

Threads class SMR info:
_java_thread_list=0x00007ffe5af89b88, length=0, elements={
}

Java Threads: ( => current thread )
Total: 0

Other Threads:
  0x000002d214e83e90 WorkerThread "GC Thread#0"                     [id=37164, stack(0x000000d67b900000,0x000000d67ba00000) (1024K)]
  0x000002d214e95580 ConcurrentGCThread "G1 Main Marker"            [id=23072, stack(0x000000d67ba00000,0x000000d67bb00000) (1024K)]
  0x000002d214e95f90 WorkerThread "G1 Conc#0"                       [id=22524, stack(0x000000d67bb00000,0x000000d67bc00000) (1024K)]

[error occurred during error reporting (printing all threads), id 0xc0000005, EXCEPTION_ACCESS_VIOLATION (0xc0000005) at pc=0x00007ffe5a6fc2c7]
VM state: not at safepoint (not fully initialized)

VM Mutex/Monitor currently owned by a thread:  ([mutex/lock_event])
[0x00007ffe5affa6f8] Heap_lock - owner thread: 0x000002d214ddf640

Heap address: 0x0000000603800000, size: 8136 MB, Compressed Oops mode: Zero based, Oop shift amount: 3

CDS archive(s) mapped at: [0x0000000000000000-0x0000000000000000-0x0000000000000000), size 0, SharedBaseAddress: 0x0000000800000000, ArchiveRelocationMode: 1.
Narrow klass base: 0x0000000000000000, Narrow klass shift: 0, Narrow klass range: 0x0

GC Precious Log:
 CardTable entry size: 512
 Card Set container configuration: InlinePtr #cards 4 size 8 Array Of Cards #cards 32 size 80 Howl #buckets 8 coarsen threshold 7372 Howl Bitmap #cards 1024 size 144 coarsen threshold 921 Card regions per heap region 1 cards per card region 8192

Heap:
 garbage-first heap   total 0K, used 0K [0x0000000603800000, 0x0000000800000000)
  region size 4096K, 0 young (0K), 0 survivors (0K)

[error occurred during error reporting (printing heap information), id 0xc0000005, EXCEPTION_ACCESS_VIOLATION (0xc0000005) at pc=0x00007ffe5aae1be9]
GC Heap History (0 events):
No events

Dll operation events (1 events):
Event: 0.010 Loaded shared library C:\Program Files\Java\jdk-21\bin\java.dll

Deoptimization events (0 events):
No events

Classes loaded (0 events):
No events

Classes unloaded (0 events):
No events

Classes redefined (0 events):
No events

Internal exceptions (0 events):
No events

ZGC Phase Switch (0 events):
No events

VM Operations (0 events):
No events

Events (0 events):
No events


Dynamic libraries:
0x00007ff6330a0000 - 0x00007ff6330b0000 	C:\Program Files\Java\jdk-21\bin\java.exe
0x00007ffee8450000 - 0x00007ffee8667000 	C:\WINDOWS\SYSTEM32\ntdll.dll
0x00007ffee6960000 - 0x00007ffee6a24000 	C:\WINDOWS\System32\KERNEL32.DLL
0x00007ffee5b80000 - 0x00007ffee5f2d000 	C:\WINDOWS\System32\KERNELBASE.dll
0x00007ffee5a60000 - 0x00007ffee5b71000 	C:\WINDOWS\System32\ucrtbase.dll
0x00007ffec5be0000 - 0x00007ffec5bf9000 	C:\Program Files\Java\jdk-21\bin\jli.dll
0x00007ffec4e10000 - 0x00007ffec4e2b000 	C:\Program Files\Java\jdk-21\bin\VCRUNTIME140.dll
0x00007ffee6220000 - 0x00007ffee62d2000 	C:\WINDOWS\System32\ADVAPI32.dll
0x00007ffee6ab0000 - 0x00007ffee6b57000 	C:\WINDOWS\System32\msvcrt.dll
0x00007ffee70a0000 - 0x00007ffee7149000 	C:\WINDOWS\System32\sechost.dll
0x00007ffee5780000 - 0x00007ffee57a8000 	C:\WINDOWS\System32\bcrypt.dll
0x00007ffee74e0000 - 0x00007ffee75f4000 	C:\WINDOWS\System32\RPCRT4.dll
0x00007ffee62e0000 - 0x00007ffee648e000 	C:\WINDOWS\System32\USER32.dll
0x00007ffec7080000 - 0x00007ffec7313000 	C:\WINDOWS\WinSxS\amd64_microsoft.windows.common-controls_6595b64144ccf1df_6.0.22621.3672_none_2713b9d173822955\COMCTL32.dll
0x00007ffee5fd0000 - 0x00007ffee5ff6000 	C:\WINDOWS\System32\win32u.dll
0x00007ffee76c0000 - 0x00007ffee76e9000 	C:\WINDOWS\System32\GDI32.dll
0x00007ffee6070000 - 0x00007ffee6189000 	C:\WINDOWS\System32\gdi32full.dll
0x00007ffee5f30000 - 0x00007ffee5fca000 	C:\WINDOWS\System32\msvcp_win.dll
0x00007ffedcb40000 - 0x00007ffedcb4a000 	C:\WINDOWS\SYSTEM32\VERSION.dll
0x00007ffee6910000 - 0x00007ffee6941000 	C:\WINDOWS\System32\IMM32.DLL
0x00007ffed3cd0000 - 0x00007ffed3cdc000 	C:\Program Files\Java\jdk-21\bin\vcruntime140_1.dll
0x00007ffea26f0000 - 0x00007ffea277e000 	C:\Program Files\Java\jdk-21\bin\msvcp140.dll
0x00007ffe5a3c0000 - 0x00007ffe5b0d5000 	C:\Program Files\Java\jdk-21\bin\server\jvm.dll
0x00007ffee7700000 - 0x00007ffee7771000 	C:\WINDOWS\System32\WS2_32.dll
0x00007ffee45d0000 - 0x00007ffee461d000 	C:\WINDOWS\SYSTEM32\POWRPROF.dll
0x00007ffece410000 - 0x00007ffece444000 	C:\WINDOWS\SYSTEM32\WINMM.dll
0x00007ffee45b0000 - 0x00007ffee45c3000 	C:\WINDOWS\SYSTEM32\UMPDC.dll
0x00007ffee4860000 - 0x00007ffee4878000 	C:\WINDOWS\SYSTEM32\kernel.appcore.dll
0x00007ffec9870000 - 0x00007ffec987a000 	C:\Program Files\Java\jdk-21\bin\jimage.dll
0x00007ffee2f90000 - 0x00007ffee31c2000 	C:\WINDOWS\SYSTEM32\DBGHELP.DLL
0x00007ffee6d10000 - 0x00007ffee7098000 	C:\WINDOWS\System32\combase.dll
0x00007ffee71a0000 - 0x00007ffee7277000 	C:\WINDOWS\System32\OLEAUT32.dll
0x00007ffedc500000 - 0x00007ffedc532000 	C:\WINDOWS\SYSTEM32\dbgcore.DLL
0x00007ffee59e0000 - 0x00007ffee5a5b000 	C:\WINDOWS\System32\bcryptPrimitives.dll
0x00007ffec3b60000 - 0x00007ffec3b7f000 	C:\Program Files\Java\jdk-21\bin\java.dll

dbghelp: loaded successfully - version: 4.0.5 - missing functions: none
symbol engine: initialized successfully - sym options: 0x614 - pdb path: .;C:\Program Files\Java\jdk-21\bin;C:\WINDOWS\SYSTEM32;C:\WINDOWS\WinSxS\amd64_microsoft.windows.common-controls_6595b64144ccf1df_6.0.22621.3672_none_2713b9d173822955;C:\Program Files\Java\jdk-21\bin\server

VM Arguments:
jvm_args: -Dnet.bytebuddy.agent.attacher.dump= 
java_command: net.bytebuddy.agent.Attacher com.sun.tools.attach.VirtualMachine 3980 C:\Users\NGNAWEN\.m2\repository\net\bytebuddy\byte-buddy-agent\1.14.18\byte-buddy-agent-1.14.18.jar false 
java_class_path (initial): C:\Users\NGNAWEN\.m2\repository\net\bytebuddy\byte-buddy-agent\1.14.18\byte-buddy-agent-1.14.18.jar
Launcher Type: SUN_STANDARD

[Global flags]
     intx CICompilerCount                          = 4                                         {product} {ergonomic}
     uint ConcGCThreads                            = 3                                         {product} {ergonomic}
     uint G1ConcRefinementThreads                  = 10                                        {product} {ergonomic}
   size_t G1HeapRegionSize                         = 4194304                                   {product} {ergonomic}
    uintx GCDrainStackTargetSize                   = 64                                        {product} {ergonomic}
   size_t InitialHeapSize                          = 536870912                                 {product} {ergonomic}
   size_t MarkStackSize                            = 4194304                                   {product} {ergonomic}
   size_t MaxHeapSize                              = 8531214336                                {product} {ergonomic}
   size_t MinHeapDeltaBytes                        = 4194304                                   {product} {ergonomic}
   size_t MinHeapSize                              = 8388608                                   {product} {ergonomic}
    uintx NonNMethodCodeHeapSize                   = 5839372                                {pd product} {ergonomic}
    uintx NonProfiledCodeHeapSize                  = 122909434                              {pd product} {ergonomic}
    uintx ProfiledCodeHeapSize                     = 122909434                              {pd product} {ergonomic}
    uintx ReservedCodeCacheSize                    = 251658240                              {pd product} {ergonomic}
     bool SegmentedCodeCache                       = true                                      {product} {ergonomic}
   size_t SoftMaxHeapSize                          = 8531214336                             {manageable} {ergonomic}
     bool UseCompressedOops                        = true                           {product lp64_product} {ergonomic}
     bool UseG1GC                                  = true                                      {product} {ergonomic}
     bool UseLargePagesIndividualAllocation        = false                                  {pd product} {ergonomic}

Logging:
Log output configuration:
 #0: stdout all=warning uptime,level,tags foldmultilines=false
 #1: stderr all=off uptime,level,tags foldmultilines=false

Environment Variables:
JAVA_HOME=C:\Program Files\Java\jdk-21
PATH=C:\Program Files\Microsoft SDKs\Azure\CLI2\wbin;C:\Python312\Scripts\;C:\Python312\;C:\Program Files\Java\jdk-21\bin;C:\Program Files\Common Files\Oracle\Java\javapath;C:\WINDOWS\system32;C:\WINDOWS;C:\WINDOWS\System32\Wbem;C:\WINDOWS\System32\WindowsPowerShell\v1.0\;C:\WINDOWS\System32\OpenSSH\;C:\Program Files (x86)\MySQL\MySQL Server 5.0\bin;C:\Program Files\apache-maven-3.8.1\bin;C:\TDM-GCC-32\bin;C:\ProgramData\chocolatey\bin;C:\Users\NGNAWEN\AppData\Roaming\nvm;C:\Program Files\nodejs;C:\Program Files\dotnet\;C:\Program Files (x86)\dotnet\;C:\Program Files\Kubernetes\Minikube;C:\kubectl;C:\Program Files\Docker\Docker\resources\bin;C:\kafka\bin;C:\src\flutter\bin;C:\Users\NGNAWEN\AppData\Local\Android\Sdk\platforms;C:\Users\NGNAWEN\AppData\Local\Android\Sdk\platform-tools;C:\Program Files\nodejs\;C:\openapi-generator-cli\;C:\Program Files\Microsoft\Azure Functions Core Tools\;C:\Gradle\gradle-8.9\bin;C:\Program Files (x86)\Windows Kits\10\Windows Performance Toolkit\;C:\Program Files\Microsoft SQL Server\150\Tools\Binn\;C:\Program Files\Microsoft SQL Server\Client SDK\ODBC\170\Tools\Binn\;C:\Program Files\Git\cmd;C:\Program Files\PowerShell\7\;C:\Users\NGNAWEN\scoop\shims;C:\Program Files\Java\jdk-21\bin;C:\Users\NGNAWEN\AppData\Local\Microsoft\WindowsApps;C:\Gradle\gradle-8.6\bin;C:\tools\groovy-3.0.8\bin;C:\Users\NGNAWEN\AppData\Roaming\nvm;C:\Program Files\nodejs;C:\Users\NGNAWEN\.dotnet\tools;C:\Users\NGNAWEN\AppData\Local\Microsoft\WindowsApps;C:\Users\NGNAWEN\AppData\Local\GitHubDesktop\bin;C:\Users\NGNAWEN\AppData\Local\Programs\Microsoft VS Code\bin;C:\Program Files\JetBrains\IntelliJ IDEA Community Edition 2022.2\bin;C:\Users\NGNAWEN\AppData\Local\JetBrains\Toolbox\scripts;C:\apache-jmeter-5.6.2\bin;C:\kafka\bin;C:\src\flutter\bin;C:\Users\NGNAWEN\AppData\Roaming\npm;C:\Users\NGNAWEN\.dotnet\tools
USERNAME=NGNAWEN
OS=Windows_NT
PROCESSOR_IDENTIFIER=Intel64 Family 6 Model 158 Stepping 10, GenuineIntel
TMP=C:\Users\NGNAWEN\AppData\Local\Temp
TEMP=C:\Users\NGNAWEN\AppData\Local\Temp




Periodic native trim disabled

---------------  S Y S T E M  ---------------

OS:
 Windows 11 , 64 bit Build 22621 (10.0.22621.3672)
OS uptime: 15 days 5:45 hours
Hyper-V role detected

CPU: total 12 (initial active 12) (6 cores per cpu, 2 threads per core) family 6 model 158 stepping 10 microcode 0xde, cx8, cmov, fxsr, ht, mmx, 3dnowpref, sse, sse2, sse3, ssse3, sse4.1, sse4.2, popcnt, lzcnt, tsc, tscinvbit, avx, avx2, aes, erms, clmul, bmi1, bmi2, adx, fma, vzeroupper, clflush, clflushopt, hv, rdtscp, f16c
Processor Information for processor 0
  Max Mhz: 2592, Current Mhz: 2592, Mhz Limit: 2592
Processor Information for processor 1
  Max Mhz: 2592, Current Mhz: 1495, Mhz Limit: 2592
Processor Information for processor 2
  Max Mhz: 2592, Current Mhz: 2592, Mhz Limit: 2592
Processor Information for processor 3
  Max Mhz: 2592, Current Mhz: 2592, Mhz Limit: 2592
Processor Information for processor 4
  Max Mhz: 2592, Current Mhz: 2592, Mhz Limit: 2592
Processor Information for processor 5
  Max Mhz: 2592, Current Mhz: 2592, Mhz Limit: 2592
Processor Information for processor 6
  Max Mhz: 2592, Current Mhz: 2592, Mhz Limit: 2592
Processor Information for processor 7
  Max Mhz: 2592, Current Mhz: 2592, Mhz Limit: 2592
Processor Information for processor 8
  Max Mhz: 2592, Current Mhz: 2592, Mhz Limit: 2592
Processor Information for processor 9
  Max Mhz: 2592, Current Mhz: 1495, Mhz Limit: 2592
Processor Information for processor 10
  Max Mhz: 2592, Current Mhz: 2592, Mhz Limit: 2592
Processor Information for processor 11
  Max Mhz: 2592, Current Mhz: 1495, Mhz Limit: 2592

Memory: 4k page, system-wide physical 32535M (10213M free)
TotalPageFile size 35535M (AvailPageFile size 433M)
current process WorkingSet (physical memory assigned to process): 11M, peak: 11M
current process commit charge ("private bytes"): 64M, peak: 576M

vm_info: Java HotSpot(TM) 64-Bit Server VM (21.0.1+12-LTS-29) for windows-amd64 JRE (21.0.1+12-LTS-29), built on 2023-10-05T13:27:09Z by "mach5one" with MS VC++ 17.1 (VS2022)

END.
